<?xml version="1.0" encoding="UTF-8"?>
<testsuites>
  <testsuite name="/Users/naveenadicharla/Documents/stonecrusher erp/phpunit.xml" tests="145" assertions="358" errors="11" failures="13" skipped="0" time="2.918373">
    <testsuite name="Unit" tests="1" assertions="1" errors="0" failures="0" skipped="0" time="0.000935">
      <testsuite name="Tests\Unit\ExampleTest" file="/Users/naveenadicharla/Documents/stonecrusher erp/tests/Unit/ExampleTest.php" tests="1" assertions="1" errors="0" failures="0" skipped="0" time="0.000935">
        <testcase name="test_that_true_is_true" file="/Users/naveenadicharla/Documents/stonecrusher erp/tests/Unit/ExampleTest.php" line="12" class="Tests\Unit\ExampleTest" classname="Tests.Unit.ExampleTest" assertions="1" time="0.000935"/>
      </testsuite>
    </testsuite>
    <testsuite name="Feature" tests="144" assertions="357" errors="11" failures="13" skipped="0" time="2.917438">
      <testsuite name="Tests\Feature\AdvancedTransportTest" file="/Users/naveenadicharla/Documents/stonecrusher erp/tests/Feature/AdvancedTransportTest.php" tests="1" assertions="2" errors="0" failures="0" skipped="0" time="0.148467">
        <testcase name="test_advanced_calculator_logic" file="/Users/naveenadicharla/Documents/stonecrusher erp/tests/Feature/AdvancedTransportTest.php" line="15" class="Tests\Feature\AdvancedTransportTest" classname="Tests.Feature.AdvancedTransportTest" assertions="2" time="0.148467"/>
      </testsuite>
      <testsuite name="Tests\Feature\AttendanceAutoStatusTest" file="/Users/naveenadicharla/Documents/stonecrusher erp/tests/Feature/AttendanceAutoStatusTest.php" tests="4" assertions="4" errors="0" failures="0" skipped="0" time="0.040996">
        <testcase name="test_attendance_marked_late_if_check_in_after_0930" file="/Users/naveenadicharla/Documents/stonecrusher erp/tests/Feature/AttendanceAutoStatusTest.php" line="31" class="Tests\Feature\AttendanceAutoStatusTest" classname="Tests.Feature.AttendanceAutoStatusTest" assertions="1" time="0.012933"/>
        <testcase name="test_attendance_marked_present_if_check_in_on_time" file="/Users/naveenadicharla/Documents/stonecrusher erp/tests/Feature/AttendanceAutoStatusTest.php" line="49" class="Tests\Feature\AttendanceAutoStatusTest" classname="Tests.Feature.AttendanceAutoStatusTest" assertions="1" time="0.008786"/>
        <testcase name="test_attendance_marked_half_day_if_check_out_early" file="/Users/naveenadicharla/Documents/stonecrusher erp/tests/Feature/AttendanceAutoStatusTest.php" line="66" class="Tests\Feature\AttendanceAutoStatusTest" classname="Tests.Feature.AttendanceAutoStatusTest" assertions="1" time="0.010357"/>
        <testcase name="test_attendance_marked_present_if_full_day" file="/Users/naveenadicharla/Documents/stonecrusher erp/tests/Feature/AttendanceAutoStatusTest.php" line="92" class="Tests\Feature\AttendanceAutoStatusTest" classname="Tests.Feature.AttendanceAutoStatusTest" assertions="1" time="0.008919"/>
      </testsuite>
      <testsuite name="Tests\Feature\AttendanceEditTest" file="/Users/naveenadicharla/Documents/stonecrusher erp/tests/Feature/AttendanceEditTest.php" tests="2" assertions="4" errors="0" failures="0" skipped="0" time="0.024587">
        <testcase name="test_update_requires_remarks" file="/Users/naveenadicharla/Documents/stonecrusher erp/tests/Feature/AttendanceEditTest.php" line="32" class="Tests\Feature\AttendanceEditTest" classname="Tests.Feature.AttendanceEditTest" assertions="2" time="0.009748"/>
        <testcase name="test_update_creates_activity_log" file="/Users/naveenadicharla/Documents/stonecrusher erp/tests/Feature/AttendanceEditTest.php" line="52" class="Tests\Feature\AttendanceEditTest" classname="Tests.Feature.AttendanceEditTest" assertions="2" time="0.014838"/>
      </testsuite>
      <testsuite name="Tests\Feature\AttendancePermissionTest" file="/Users/naveenadicharla/Documents/stonecrusher erp/tests/Feature/AttendancePermissionTest.php" tests="3" assertions="17" errors="0" failures="0" skipped="0" time="0.059477">
        <testcase name="test_admin_has_full_access" file="/Users/naveenadicharla/Documents/stonecrusher erp/tests/Feature/AttendancePermissionTest.php" line="52" class="Tests\Feature\AttendancePermissionTest" classname="Tests.Feature.AttendancePermissionTest" assertions="7" time="0.024701"/>
        <testcase name="test_manager_can_mark_attendance_but_not_edit_past_records" file="/Users/naveenadicharla/Documents/stonecrusher erp/tests/Feature/AttendancePermissionTest.php" line="72" class="Tests\Feature\AttendancePermissionTest" classname="Tests.Feature.AttendancePermissionTest" assertions="7" time="0.021832"/>
        <testcase name="test_user_cannot_access_attendance_module" file="/Users/naveenadicharla/Documents/stonecrusher erp/tests/Feature/AttendancePermissionTest.php" line="115" class="Tests\Feature\AttendancePermissionTest" classname="Tests.Feature.AttendancePermissionTest" assertions="3" time="0.012944"/>
      </testsuite>
      <testsuite name="Tests\Feature\AttendanceReportTest" file="/Users/naveenadicharla/Documents/stonecrusher erp/tests/Feature/AttendanceReportTest.php" tests="2" assertions="5" errors="0" failures="0" skipped="0" time="0.022903">
        <testcase name="test_admin_can_view_monthly_report" file="/Users/naveenadicharla/Documents/stonecrusher erp/tests/Feature/AttendanceReportTest.php" line="31" class="Tests\Feature\AttendanceReportTest" classname="Tests.Feature.AttendanceReportTest" assertions="2" time="0.013597"/>
        <testcase name="test_admin_can_export_report" file="/Users/naveenadicharla/Documents/stonecrusher erp/tests/Feature/AttendanceReportTest.php" line="50" class="Tests\Feature\AttendanceReportTest" classname="Tests.Feature.AttendanceReportTest" assertions="3" time="0.009305"/>
      </testsuite>
      <testsuite name="Tests\Feature\AttendanceSettingsTest" file="/Users/naveenadicharla/Documents/stonecrusher erp/tests/Feature/AttendanceSettingsTest.php" tests="2" assertions="1" errors="1" failures="1" skipped="0" time="0.028217">
        <testcase name="test_custom_shift_timings_affect_status_calculation" file="/Users/naveenadicharla/Documents/stonecrusher erp/tests/Feature/AttendanceSettingsTest.php" line="40" class="Tests\Feature\AttendanceSettingsTest" classname="Tests.Feature.AttendanceSettingsTest" assertions="1" time="0.018426">
          <failure type="PHPUnit\Framework\ExpectationFailedException">Tests\Feature\AttendanceSettingsTest::test_custom_shift_timings_affect_status_calculation
App\Enums\AttendanceStatus Enum (PRESENT, 'present') does not match expected type "string".

/Users/naveenadicharla/Documents/stonecrusher erp/tests/Feature/AttendanceSettingsTest.php:61</failure>
        </testcase>
        <testcase name="test_late_status_based_on_settings" file="/Users/naveenadicharla/Documents/stonecrusher erp/tests/Feature/AttendanceSettingsTest.php" line="64" class="Tests\Feature\AttendanceSettingsTest" classname="Tests.Feature.AttendanceSettingsTest" assertions="0" time="0.009792">
          <error type="ErrorException">Tests\Feature\AttendanceSettingsTest::test_late_status_based_on_settings
ErrorException: Attempt to read property "status" on null

/Users/naveenadicharla/Documents/stonecrusher erp/vendor/laravel/framework/src/Illuminate/Foundation/Bootstrap/HandleExceptions.php:258
/Users/naveenadicharla/Documents/stonecrusher erp/tests/Feature/AttendanceSettingsTest.php:77</error>
        </testcase>
      </testsuite>
      <testsuite name="Tests\Feature\AttendanceTest" file="/Users/naveenadicharla/Documents/stonecrusher erp/tests/Feature/AttendanceTest.php" tests="7" assertions="16" errors="0" failures="0" skipped="0" time="0.063440">
        <testcase name="test_admin_can_view_attendance_index" file="/Users/naveenadicharla/Documents/stonecrusher erp/tests/Feature/AttendanceTest.php" line="35" class="Tests\Feature\AttendanceTest" classname="Tests.Feature.AttendanceTest" assertions="2" time="0.008976"/>
        <testcase name="test_admin_can_create_attendance" file="/Users/naveenadicharla/Documents/stonecrusher erp/tests/Feature/AttendanceTest.php" line="42" class="Tests\Feature\AttendanceTest" classname="Tests.Feature.AttendanceTest" assertions="3" time="0.009679"/>
        <testcase name="test_admin_cannot_create_duplicate_attendance_for_same_day" file="/Users/naveenadicharla/Documents/stonecrusher erp/tests/Feature/AttendanceTest.php" line="62" class="Tests\Feature\AttendanceTest" classname="Tests.Feature.AttendanceTest" assertions="2" time="0.008368"/>
        <testcase name="test_admin_can_update_attendance" file="/Users/naveenadicharla/Documents/stonecrusher erp/tests/Feature/AttendanceTest.php" line="82" class="Tests\Feature\AttendanceTest" classname="Tests.Feature.AttendanceTest" assertions="3" time="0.010049"/>
        <testcase name="test_cannot_check_out_without_check_in" file="/Users/naveenadicharla/Documents/stonecrusher erp/tests/Feature/AttendanceTest.php" line="108" class="Tests\Feature\AttendanceTest" classname="Tests.Feature.AttendanceTest" assertions="2" time="0.008212"/>
        <testcase name="test_check_out_must_be_after_check_in" file="/Users/naveenadicharla/Documents/stonecrusher erp/tests/Feature/AttendanceTest.php" line="130" class="Tests\Feature\AttendanceTest" classname="Tests.Feature.AttendanceTest" assertions="2" time="0.008019"/>
        <testcase name="test_attendance_date_filter" file="/Users/naveenadicharla/Documents/stonecrusher erp/tests/Feature/AttendanceTest.php" line="153" class="Tests\Feature\AttendanceTest" classname="Tests.Feature.AttendanceTest" assertions="2" time="0.010137"/>
      </testsuite>
      <testsuite name="Tests\Feature\Auth\AuthenticationTest" file="/Users/naveenadicharla/Documents/stonecrusher erp/tests/Feature/Auth/AuthenticationTest.php" tests="5" assertions="11" errors="0" failures="0" skipped="0" time="0.264864">
        <testcase name="test_login_screen_can_be_rendered" file="/Users/naveenadicharla/Documents/stonecrusher erp/tests/Feature/Auth/AuthenticationTest.php" line="13" class="Tests\Feature\Auth\AuthenticationTest" classname="Tests.Feature.Auth.AuthenticationTest" assertions="1" time="0.008833"/>
        <testcase name="test_users_can_authenticate_using_the_login_screen" file="/Users/naveenadicharla/Documents/stonecrusher erp/tests/Feature/Auth/AuthenticationTest.php" line="20" class="Tests\Feature\Auth\AuthenticationTest" classname="Tests.Feature.Auth.AuthenticationTest" assertions="3" time="0.013934"/>
        <testcase name="test_admins_are_redirected_to_admin_dashboard" file="/Users/naveenadicharla/Documents/stonecrusher erp/tests/Feature/Auth/AuthenticationTest.php" line="33" class="Tests\Feature\Auth\AuthenticationTest" classname="Tests.Feature.Auth.AuthenticationTest" assertions="3" time="0.015878"/>
        <testcase name="test_users_can_not_authenticate_with_invalid_password" file="/Users/naveenadicharla/Documents/stonecrusher erp/tests/Feature/Auth/AuthenticationTest.php" line="48" class="Tests\Feature\Auth\AuthenticationTest" classname="Tests.Feature.Auth.AuthenticationTest" assertions="1" time="0.213785"/>
        <testcase name="test_users_can_logout" file="/Users/naveenadicharla/Documents/stonecrusher erp/tests/Feature/Auth/AuthenticationTest.php" line="60" class="Tests\Feature\Auth\AuthenticationTest" classname="Tests.Feature.Auth.AuthenticationTest" assertions="3" time="0.012434"/>
      </testsuite>
      <testsuite name="Tests\Feature\Auth\EmailVerificationTest" file="/Users/naveenadicharla/Documents/stonecrusher erp/tests/Feature/Auth/EmailVerificationTest.php" tests="3" assertions="6" errors="0" failures="0" skipped="0" time="0.023809">
        <testcase name="test_email_verification_screen_can_be_rendered" file="/Users/naveenadicharla/Documents/stonecrusher erp/tests/Feature/Auth/EmailVerificationTest.php" line="16" class="Tests\Feature\Auth\EmailVerificationTest" classname="Tests.Feature.Auth.EmailVerificationTest" assertions="1" time="0.007342"/>
        <testcase name="test_email_can_be_verified" file="/Users/naveenadicharla/Documents/stonecrusher erp/tests/Feature/Auth/EmailVerificationTest.php" line="25" class="Tests\Feature\Auth\EmailVerificationTest" classname="Tests.Feature.Auth.EmailVerificationTest" assertions="4" time="0.008769"/>
        <testcase name="test_email_is_not_verified_with_invalid_hash" file="/Users/naveenadicharla/Documents/stonecrusher erp/tests/Feature/Auth/EmailVerificationTest.php" line="44" class="Tests\Feature\Auth\EmailVerificationTest" classname="Tests.Feature.Auth.EmailVerificationTest" assertions="1" time="0.007698"/>
      </testsuite>
      <testsuite name="Tests\Feature\Auth\PasswordConfirmationTest" file="/Users/naveenadicharla/Documents/stonecrusher erp/tests/Feature/Auth/PasswordConfirmationTest.php" tests="3" assertions="4" errors="0" failures="0" skipped="0" time="0.229728">
        <testcase name="test_confirm_password_screen_can_be_rendered" file="/Users/naveenadicharla/Documents/stonecrusher erp/tests/Feature/Auth/PasswordConfirmationTest.php" line="13" class="Tests\Feature\Auth\PasswordConfirmationTest" classname="Tests.Feature.Auth.PasswordConfirmationTest" assertions="1" time="0.010030"/>
        <testcase name="test_password_can_be_confirmed" file="/Users/naveenadicharla/Documents/stonecrusher erp/tests/Feature/Auth/PasswordConfirmationTest.php" line="22" class="Tests\Feature\Auth\PasswordConfirmationTest" classname="Tests.Feature.Auth.PasswordConfirmationTest" assertions="2" time="0.007627"/>
        <testcase name="test_password_is_not_confirmed_with_invalid_password" file="/Users/naveenadicharla/Documents/stonecrusher erp/tests/Feature/Auth/PasswordConfirmationTest.php" line="34" class="Tests\Feature\Auth\PasswordConfirmationTest" classname="Tests.Feature.Auth.PasswordConfirmationTest" assertions="1" time="0.212071"/>
      </testsuite>
      <testsuite name="Tests\Feature\Auth\PasswordResetTest" file="/Users/naveenadicharla/Documents/stonecrusher erp/tests/Feature/Auth/PasswordResetTest.php" tests="4" assertions="8" errors="0" failures="0" skipped="0" time="0.675918">
        <testcase name="test_reset_password_link_screen_can_be_rendered" file="/Users/naveenadicharla/Documents/stonecrusher erp/tests/Feature/Auth/PasswordResetTest.php" line="15" class="Tests\Feature\Auth\PasswordResetTest" classname="Tests.Feature.Auth.PasswordResetTest" assertions="1" time="0.009470"/>
        <testcase name="test_reset_password_link_can_be_requested" file="/Users/naveenadicharla/Documents/stonecrusher erp/tests/Feature/Auth/PasswordResetTest.php" line="22" class="Tests\Feature\Auth\PasswordResetTest" classname="Tests.Feature.Auth.PasswordResetTest" assertions="1" time="0.214638"/>
        <testcase name="test_reset_password_screen_can_be_rendered" file="/Users/naveenadicharla/Documents/stonecrusher erp/tests/Feature/Auth/PasswordResetTest.php" line="33" class="Tests\Feature\Auth\PasswordResetTest" classname="Tests.Feature.Auth.PasswordResetTest" assertions="2" time="0.225282"/>
        <testcase name="test_password_can_be_reset_with_valid_token" file="/Users/naveenadicharla/Documents/stonecrusher erp/tests/Feature/Auth/PasswordResetTest.php" line="50" class="Tests\Feature\Auth\PasswordResetTest" classname="Tests.Feature.Auth.PasswordResetTest" assertions="4" time="0.226528"/>
      </testsuite>
      <testsuite name="Tests\Feature\Auth\PasswordUpdateTest" file="/Users/naveenadicharla/Documents/stonecrusher erp/tests/Feature/Auth/PasswordUpdateTest.php" tests="2" assertions="8" errors="0" failures="0" skipped="0" time="0.021549">
        <testcase name="test_password_can_be_updated" file="/Users/naveenadicharla/Documents/stonecrusher erp/tests/Feature/Auth/PasswordUpdateTest.php" line="14" class="Tests\Feature\Auth\PasswordUpdateTest" classname="Tests.Feature.Auth.PasswordUpdateTest" assertions="4" time="0.013937"/>
        <testcase name="test_correct_password_must_be_provided_to_update_password" file="/Users/naveenadicharla/Documents/stonecrusher erp/tests/Feature/Auth/PasswordUpdateTest.php" line="34" class="Tests\Feature\Auth\PasswordUpdateTest" classname="Tests.Feature.Auth.PasswordUpdateTest" assertions="4" time="0.007612"/>
      </testsuite>
      <testsuite name="Tests\Feature\Auth\RegistrationTest" file="/Users/naveenadicharla/Documents/stonecrusher erp/tests/Feature/Auth/RegistrationTest.php" tests="2" assertions="5" errors="0" failures="0" skipped="0" time="0.027579">
        <testcase name="test_registration_screen_can_be_rendered" file="/Users/naveenadicharla/Documents/stonecrusher erp/tests/Feature/Auth/RegistrationTest.php" line="12" class="Tests\Feature\Auth\RegistrationTest" classname="Tests.Feature.Auth.RegistrationTest" assertions="1" time="0.007204"/>
        <testcase name="test_new_users_can_register" file="/Users/naveenadicharla/Documents/stonecrusher erp/tests/Feature/Auth/RegistrationTest.php" line="19" class="Tests\Feature\Auth\RegistrationTest" classname="Tests.Feature.Auth.RegistrationTest" assertions="4" time="0.020375"/>
      </testsuite>
      <testsuite name="Tests\Feature\ClientBalanceTest" file="/Users/naveenadicharla/Documents/stonecrusher erp/tests/Feature/ClientBalanceTest.php" tests="3" assertions="6" errors="0" failures="0" skipped="0" time="0.019648">
        <testcase name="test_advance_increases_client_balance" file="/Users/naveenadicharla/Documents/stonecrusher erp/tests/Feature/ClientBalanceTest.php" line="13" class="Tests\Feature\ClientBalanceTest" classname="Tests.Feature.ClientBalanceTest" assertions="1" time="0.006886"/>
        <testcase name="test_sale_decreases_client_balance" file="/Users/naveenadicharla/Documents/stonecrusher erp/tests/Feature/ClientBalanceTest.php" line="31" class="Tests\Feature\ClientBalanceTest" classname="Tests.Feature.ClientBalanceTest" assertions="2" time="0.006308"/>
        <testcase name="test_advance_is_applied_to_sale_correctly" file="/Users/naveenadicharla/Documents/stonecrusher erp/tests/Feature/ClientBalanceTest.php" line="52" class="Tests\Feature\ClientBalanceTest" classname="Tests.Feature.ClientBalanceTest" assertions="3" time="0.006454"/>
      </testsuite>
      <testsuite name="Tests\Feature\ComponentRenderingTest" file="/Users/naveenadicharla/Documents/stonecrusher erp/tests/Feature/ComponentRenderingTest.php" tests="7" assertions="13" errors="0" failures="6" skipped="0" time="0.100368">
        <testcase name="test_admin_dashboard_renders_components" file="/Users/naveenadicharla/Documents/stonecrusher erp/tests/Feature/ComponentRenderingTest.php" line="24" class="Tests\Feature\ComponentRenderingTest" classname="Tests.Feature.ComponentRenderingTest" assertions="2" time="0.014840">
          <failure type="PHPUnit\Framework\ExpectationFailedException">Tests\Feature\ComponentRenderingTest::test_admin_dashboard_renders_components
Failed asserting that '&lt;!doctype html&gt;\n
&lt;html lang="en"&gt;\n
\n
&lt;head&gt;\n
    &lt;meta charset="utf-8" /&gt;\n
    &lt;meta name="viewport" content="width=device-width, initial-scale=1, viewport-fit=cover" /&gt;\n
    &lt;meta http-equiv="X-UA-Compatible" content="ie=edge" /&gt;\n
    &lt;title&gt;Laravel&lt;/title&gt;\n
    &lt;!-- Tabler Core --&gt;\n
    &lt;link rel="preload" as="style" href="http://localhost/build/assets/app-V_YdMXZc.css" /&gt;&lt;link rel="modulepreload" as="script" href="http://localhost/build/assets/app-DvwDWKMY.js" /&gt;&lt;link rel="stylesheet" href="http://localhost/build/assets/app-V_YdMXZc.css" /&gt;&lt;script type="module" src="http://localhost/build/assets/app-DvwDWKMY.js"&gt;&lt;/script&gt;    &lt;link rel="preconnect" href="https://fonts.googleapis.com"&gt;\n
    &lt;link rel="preconnect" href="https://fonts.gstatic.com" crossorigin&gt;\n
    &lt;link href="https://fonts.googleapis.com/css2?family=Inter:wght@300;400;500;600;700&amp;display=swap" rel="stylesheet"&gt;\n
    &lt;/head&gt;\n
\n
&lt;body&gt;\n
    &lt;div class="page"&gt;\n
        &lt;!-- Sidebar --&gt;\n
        &lt;aside class="navbar navbar-vertical navbar-expand-lg navbar-dark border-end-0 shadow-lg premium-sidebar"&gt;\n
    &lt;div class="container-fluid px-0 h-100 d-flex flex-column"&gt;\n
\n
        &lt;!-- Sidebar Header (Logo) --&gt;\n
        &lt;div class="brand-section px-4 py-4 d-none d-lg-block"&gt;\n
            &lt;a href="http://localhost/admin/dashboard" class="brand-link group"&gt;\n
                &lt;div class="brand-icon shadow-premium"&gt;\n
                    &lt;svg xmlns="http://www.w3.org/2000/svg" class="icon icon-tabler icon-tabler-building-fortress" width="24"\n
                        height="24" viewBox="0 0 24 24" stroke-width="2" stroke="currentColor" fill="none"\n
                        stroke-linecap="round" stroke-linejoin="round"&gt;\n
                        &lt;path stroke="none" d="M0 0h24v24H0z" fill="none" /&gt;\n
                        &lt;path d="M7 21h1a1 1 0 0 0 1 -1v-1h0a3 3 0 0 1 6 0h0v1a1 1 0 0 0 1 1h1" /&gt;\n
                        &lt;path d="M5 21v-7m0 -4v-5a2 2 0 1 1 4 0v5m0 -4h6m0 4v-5a2 2 0 1 1 4 0v5m0 -4v7" /&gt;\n
                        &lt;path d="M11 14h2" /&gt;\n
                    &lt;/svg&gt;\n
                &lt;/div&gt;\n
                &lt;div class="brand-text"&gt;\n
                    &lt;span class="brand-name"&gt;Laravel&lt;/span&gt;\n
                    &lt;span class="brand-tag"&gt;ERP SYSTEM&lt;/span&gt;\n
                &lt;/div&gt;\n
            &lt;/a&gt;\n
        &lt;/div&gt;\n
\n
        &lt;div class="sidebar-content flex-fill overflow-y-auto" id="sidebar-menu"&gt;\n
            &lt;!-- Mobile Sidebar Header --&gt;\n
            &lt;div class="d-lg-none d-flex align-items-center justify-content-between p-4 border-bottom border-white-10"&gt;\n
                &lt;div class="h3 mb-0 fw-bold text-white tracking-wide"&gt;Laravel&lt;/div&gt;\n
                &lt;button type="button" class="btn-close btn-close-white" id="mobile-menu-close" aria-label="Close"&gt;&lt;/button&gt;\n
            &lt;/div&gt;\n
\n
            &lt;ul class="navbar-nav py-3 d-flex flex-column gap-1"&gt;\n
                &lt;!-- Dashboard --&gt;\n
                &lt;li class="nav-item"&gt;\n
                    &lt;a class="nav-link active"\n
                        href="http://localhost/admin/dashboard"&gt;\n
                        &lt;span class="nav-link-icon"&gt;\n
                            &lt;svg xmlns="http://www.w3.org/2000/svg" class="icon" width="24" height="24" viewBox="0 0 24 24" stroke-width="2"\n
                                stroke="currentColor" fill="none" stroke-linecap="round" stroke-linejoin="round"&gt;\n
                                &lt;path stroke="none" d="M0 0h24v24H0z" fill="none" /&gt;\n
                                &lt;path d="M5 12l-2 0l9 -9l9 9l-2 0" /&gt;\n
                                &lt;path d="M5 12v7a2 2 0 0 0 2 2h10a2 2 0 0 0 2 -2v-7" /&gt;\n
                                &lt;path d="M9 21v-6a2 2 0 0 1 2 -2h2a2 2 0 0 1 2 2v6" /&gt;\n
                            &lt;/svg&gt;\n
                        &lt;/span&gt;\n
                        &lt;span class="nav-link-title"&gt;Dashboard&lt;/span&gt;\n
                    &lt;/a&gt;\n
                &lt;/li&gt;\n
\n
                &lt;!-- Quick Actions Section --&gt;\n
                &lt;li class="nav-item"&gt;\n
                    &lt;div class="sidebar-section-header"&gt;Fast Entry&lt;/div&gt;\n
                &lt;/li&gt;\n
                &lt;li class="nav-item"&gt;\n
                    &lt;a class="nav-link text-primary-emphasis" href="http://localhost/gate-passes/create"&gt;\n
                        &lt;span class="nav-link-icon"&gt;\n
                            &lt;svg xmlns="http://www.w3.org/2000/svg" class="icon icon-tabler icon-tabler-plus" width="24" height="24"\n
                                viewBox="0 0 24 24" stroke-width="2" stroke="currentColor" fill="none" stroke-linecap="round"\n
                                stroke-linejoin="round"&gt;\n
                                &lt;path stroke="none" d="M0 0h24v24H0z" fill="none" /&gt;\n
                                &lt;path d="M12 5l0 14" /&gt;\n
                                &lt;path d="M5 12l14 0" /&gt;\n
                            &lt;/svg&gt;\n
                        &lt;/span&gt;\n
                        &lt;span class="nav-link-title"&gt;New Entry&lt;/span&gt;\n
                        &lt;/a&gt;\n
                        &lt;/li&gt;\n
                        &lt;li class="nav-item"&gt;\n
                            &lt;a class="nav-link text-info-emphasis" href="http://localhost/clients"&gt;\n
                                &lt;span class="nav-link-icon"&gt;\n
                                    &lt;svg xmlns="http://www.w3.org/2000/svg" class="icon icon-tabler icon-tabler-users" width="24" height="24"\n
                                        viewBox="0 0 24 24" stroke-width="2" stroke="currentColor" fill="none" stroke-linecap="round"\n
                                        stroke-linejoin="round"&gt;\n
                                        &lt;path stroke="none" d="M0 0h24v24H0z" fill="none" /&gt;\n
                                        &lt;path d="M9 7m-4 0a4 4 0 1 0 8 0a4 4 0 1 0 -8 0" /&gt;\n
                                        &lt;path d="M3 21v-2a4 4 0 0 1 4 -4h4a4 4 0 0 1 4 4v2" /&gt;\n
                                    &lt;/svg&gt;\n
                                &lt;/span&gt;\n
                                &lt;span class="nav-link-title"&gt;Client List&lt;/span&gt;\n
                    &lt;/a&gt;\n
                &lt;/li&gt;\n
                &lt;li class="nav-item"&gt;\n
                    &lt;a class="nav-link text-success-emphasis" href="http://localhost/attendance/bulk"&gt;\n
                        &lt;span class="nav-link-icon"&gt;\n
                            &lt;svg xmlns="http://www.w3.org/2000/svg" class="icon icon-tabler icon-tabler-user-check" width="24" height="24"\n
                                viewBox="0 0 24 24" stroke-width="2" stroke="currentColor" fill="none" stroke-linecap="round"\n
                                stroke-linejoin="round"&gt;\n
                                &lt;path stroke="none" d="M0 0h24v24H0z" fill="none" /&gt;\n
                                &lt;path d="M8 7a4 4 0 1 0 8 0a4 4 0 0 0 -8 0" /&gt;\n
                                &lt;path d="M6 21v-2a4 4 0 0 1 4 -4h4" /&gt;\n
                                &lt;path d="M15 19l2 2l4 -4" /&gt;\n
                            &lt;/svg&gt;\n
                        &lt;/span&gt;\n
                        &lt;span class="nav-link-title"&gt;Attendance&lt;/span&gt;\n
                    &lt;/a&gt;\n
                &lt;/li&gt;\n
                &lt;li class="nav-item"&gt;\n
                    &lt;a class="nav-link text-warning-emphasis" href="http://localhost/salary-advances/create"&gt;\n
                        &lt;span class="nav-link-icon"&gt;\n
                            &lt;svg xmlns="http://www.w3.org/2000/svg" class="icon icon-tabler icon-tabler-cash" width="24" height="24"\n
                                viewBox="0 0 24 24" stroke-width="2" stroke="currentColor" fill="none" stroke-linecap="round"\n
                                stroke-linejoin="round"&gt;\n
                                &lt;path stroke="none" d="M0 0h24v24H0z" fill="none" /&gt;\n
                                &lt;path d="M7 9m0 2a2 2 0 0 1 2 -2h10a2 2 0 0 1 2 2v6a2 2 0 0 1 -2 2h-10a2 2 0 0 1 -2 -2z" /&gt;\n
                                &lt;path d="M18 12s-2.5 2 -5.5 2s-5.5 -2 -5.5 -2" /&gt;\n
                            &lt;/svg&gt;\n
                        &lt;/span&gt;\n
                        &lt;span class="nav-link-title"&gt;Advance Salary&lt;/span&gt;\n
                    &lt;/a&gt;\n
                &lt;/li&gt;\n
\n
                &lt;!-- Tasks Section --&gt;\n
                &lt;li class="nav-item"&gt;\n
                    &lt;div class="sidebar-section-header"&gt;Office Work&lt;/div&gt;\n
                &lt;/li&gt;\n
                &lt;li class="nav-item dropdown" x-data="{ open: false }"&gt;\n
                    &lt;a class="nav-link dropdown-toggle"\n
                        :class="{ 'show': open, 'active': false }"\n
                        href="#navbar-operations" @click.prevent="open = !open" role="button" :aria-expanded="open"&gt;\n
                        &lt;span class="nav-link-icon"&gt;\n
                            &lt;svg xmlns="http://www.w3.org/2000/svg" class="icon" width="24" height="24" viewBox="0 0 24 24" stroke-width="2"\n
                                stroke="currentColor" fill="none" stroke-linecap="round" stroke-linejoin="round"&gt;\n
                                &lt;path stroke="none" d="M0 0h24v24H0z" fill="none" /&gt;\n
                                &lt;path d="M12 3l8 4.5l0 9l-8 4.5l-8 -4.5l0 -9l8 -4.5" /&gt;\n
                                &lt;path d="M12 12l8 -4.5" /&gt;\n
                                &lt;path d="M12 12l0 9" /&gt;\n
                                &lt;path d="M12 12l-8 -4.5" /&gt;\n
                            &lt;/svg&gt;\n
                        &lt;/span&gt;\n
                        &lt;span class="nav-link-title"&gt;Gate Passes&lt;/span&gt;\n
                    &lt;/a&gt;\n
                    &lt;div class="dropdown-menu" :class="{ 'show': open }"&gt;\n
                        &lt;a class="dropdown-item "\n
                            href="http://localhost/gate-passes/create"&gt;Add New&lt;/a&gt;\n
                        &lt;a class="dropdown-item "\n
                            href="http://localhost/gate-passes"&gt;History&lt;/a&gt;\n
                        &lt;a class="dropdown-item "\n
                            href="http://localhost/gate-passes/calculator"&gt;Calculator&lt;/a&gt;\n
                        &lt;a class="dropdown-item "\n
                            href="http://localhost/gate-passes/daily-report"&gt;Daily Report&lt;/a&gt;\n
                    &lt;/div&gt;\n
                &lt;/li&gt;\n
                &lt;li class="nav-item"&gt;\n
                    &lt;a class="nav-link "\n
                        href="http://localhost/daily-closings"&gt;\n
                        &lt;span class="nav-link-icon"&gt;\n
                            &lt;svg xmlns="http://www.w3.org/2000/svg" class="icon" width="24" height="24" viewBox="0 0 24 24" stroke-width="2"\n
                                stroke="currentColor" fill="none" stroke-linecap="round" stroke-linejoin="round"&gt;\n
                                &lt;path stroke="none" d="M0 0h24v24H0z" fill="none" /&gt;\n
                                &lt;path d="M5 11m0 2a2 2 0 0 1 2 -2h10a2 2 0 0 1 2 2v6a2 2 0 0 1 -2 2h-10a2 2 0 0 1 -2 -2z" /&gt;\n
                                &lt;path d="M8 11v-4a4 4 0 1 1 8 0" /&gt;\n
                            &lt;/svg&gt;\n
                        &lt;/span&gt;\n
                        &lt;span class="nav-link-title"&gt;Day Close&lt;/span&gt;\n
                    &lt;/a&gt;\n
                &lt;/li&gt;\n
                &lt;li class="nav-item"&gt;\n
                    &lt;a class="nav-link " href="http://localhost/projects"&gt;\n
                        &lt;span class="nav-link-icon"&gt;\n
                            &lt;svg xmlns="http://www.w3.org/2000/svg" class="icon" width="24" height="24" viewBox="0 0 24 24" stroke-width="2"\n
                                stroke="currentColor" fill="none" stroke-linecap="round" stroke-linejoin="round"&gt;\n
                                &lt;path stroke="none" d="M0 0h24v24H0z" fill="none" /&gt;\n
                                &lt;path d="M3 21v-13l9 -4l9 4v13" /&gt;\n
                                &lt;path d="M13 13h4v8h-10v-6h6" /&gt;\n
                            &lt;/svg&gt;\n
                        &lt;/span&gt;\n
                        &lt;span class="nav-link-title"&gt;All Projects&lt;/span&gt;\n
                    &lt;/a&gt;\n
                &lt;/li&gt;\n
\n
                &lt;!-- CRM Section --&gt;\n
                &lt;li class="nav-item"&gt;\n
                    &lt;div class="sidebar-section-header"&gt;Our Clients&lt;/div&gt;\n
                &lt;/li&gt;\n
                &lt;li class="nav-item dropdown" x-data="{ open: false }"&gt;\n
                    &lt;a class="nav-link dropdown-toggle"\n
                        :class="{ 'show': open, 'active': false }" href="#navbar-crm"\n
                        @click.prevent="open = !open" role="button" :aria-expanded="open"&gt;\n
                        &lt;span class="nav-link-icon"&gt;\n
                            &lt;svg xmlns="http://www.w3.org/2000/svg" class="icon" width="24" height="24" viewBox="0 0 24 24" stroke-width="2"\n
                                stroke="currentColor" fill="none" stroke-linecap="round" stroke-linejoin="round"&gt;\n
                                &lt;path stroke="none" d="M0 0h24v24H0z" fill="none" /&gt;\n
                                &lt;path d="M9 7m-4 0a4 4 0 1 0 8 0a4 4 0 1 0 -8 0" /&gt;\n
                                &lt;path d="M3 21v-2a4 4 0 0 1 4 -4h4a4 4 0 0 1 4 4v2" /&gt;\n
                            &lt;/svg&gt;\n
                        &lt;/span&gt;\n
                        &lt;span class="nav-link-title"&gt;Client List&lt;/span&gt;\n
                    &lt;/a&gt;\n
                    &lt;div class="dropdown-menu" :class="{ 'show': open }"&gt;\n
                        &lt;a class="dropdown-item "\n
                            href="http://localhost/clients"&gt;Directory&lt;/a&gt;\n
                        &lt;a class="dropdown-item "\n
                            href="http://localhost/clients/create"&gt;Add New&lt;/a&gt;\n
                    &lt;/div&gt;\n
                &lt;/li&gt;\n
\n
                &lt;!-- Quarry &amp; Crusher Section --&gt;\n
                &lt;li class="nav-item"&gt;\n
                    &lt;div class="sidebar-section-header"&gt;Quarry &amp; Crusher&lt;/div&gt;\n
                &lt;/li&gt;\n
                &lt;li class="nav-item"&gt;\n
                    &lt;a class="nav-link " href="http://localhost/operations/quarry"&gt;\n
                        &lt;span class="nav-link-icon"&gt;\n
                            &lt;svg xmlns="http://www.w3.org/2000/svg" class="icon icon-tabler icon-tabler-shovel" width="24" height="24" viewBox="0 0 24 24" stroke-width="2" stroke="currentColor" fill="none" stroke-linecap="round" stroke-linejoin="round"&gt;\n
                                &lt;path stroke="none" d="M0 0h24v24H0z" fill="none"/&gt;\n
                                &lt;path d="M17 4l3 3" /&gt;\n
                                &lt;path d="M18.5 5.5l-8.5 8.5" /&gt;\n
                                &lt;path d="M8.5 12.5l-2.5 2.5a2 2 0 1 0 2.828 2.828l2.5 -2.5" /&gt;\n
                                &lt;path d="M13 16l-3 -3" /&gt;\n
                                &lt;path d="M3 21h4" /&gt;\n
                            &lt;/svg&gt;\n
                        &lt;/span&gt;\n
                        &lt;span class="nav-link-title"&gt;Quarry Ops&lt;/span&gt;\n
                    &lt;/a&gt;\n
                &lt;/li&gt;\n
                &lt;li class="nav-item"&gt;\n
                    &lt;a class="nav-link " href="http://localhost/operations/crusher"&gt;\n
                        &lt;span class="nav-link-icon"&gt;\n
                            &lt;svg xmlns="http://www.w3.org/2000/svg" class="icon icon-tabler icon-tabler-hammer" width="24" height="24" viewBox="0 0 24 24" stroke-width="2" stroke="currentColor" fill="none" stroke-linecap="round" stroke-linejoin="round"&gt;\n
                                &lt;path stroke="none" d="M0 0h24v24H0z" fill="none"/&gt;\n
                                &lt;path d="M11.414 10l-7.383 7.414a2 2 0 1 0 2.829 2.828l7.414 -7.386" /&gt;\n
                                &lt;path d="M16.828 8.172l-1.414 -1.414l1.414 -1.414l2.829 2.829l-1.414 1.414z" /&gt;\n
                                &lt;path d="M12.586 9.414l-1.414 -1.414l4.242 -4.243l1.414 1.414z" /&gt;\n
                            &lt;/svg&gt;\n
                        &lt;/span&gt;\n
                        &lt;span class="nav-link-title"&gt;Crusher Ops&lt;/span&gt;\n
                    &lt;/a&gt;\n
                &lt;/li&gt;\n
\n
                &lt;!-- Fleet &amp; Inventory Section --&gt;\n
                &lt;li class="nav-item"&gt;\n
                    &lt;div class="sidebar-section-header"&gt;Vehicles &amp; Fuel&lt;/div&gt;\n
                &lt;/li&gt;\n
                &lt;li class="nav-item"&gt;\n
                    &lt;a class="nav-link " href="http://localhost/vehicles"&gt;\n
                        &lt;span class="nav-link-icon"&gt;\n
                            &lt;svg xmlns="http://www.w3.org/2000/svg" class="icon" width="24" height="24" viewBox="0 0 24 24" stroke-width="2"\n
                                stroke="currentColor" fill="none" stroke-linecap="round" stroke-linejoin="round"&gt;\n
                                &lt;path stroke="none" d="M0 0h24v24H0z" fill="none" /&gt;\n
                                &lt;path d="M7 17m-2 0a2 2 0 1 0 4 0a2 2 0 1 0 -4 0" /&gt;\n
                                &lt;path d="M17 17m-2 0a2 2 0 1 0 4 0a2 2 0 1 0 -4 0" /&gt;\n
                                &lt;path d="M5 17h-2v-11a1 1 0 0 1 1 -1h9v12m-4 0h6m4 0h2v-6h-8m0 -5h5l3 5" /&gt;\n
                            &lt;/svg&gt;\n
                        &lt;/span&gt;\n
                        &lt;span class="nav-link-title"&gt;Our Vehicles&lt;/span&gt;\n
                    &lt;/a&gt;\n
                &lt;/li&gt;\n
                &lt;li class="nav-item"&gt;\n
                    &lt;a class="nav-link "\n
                        href="http://localhost/vehicle-maintenance"&gt;\n
                        &lt;span class="nav-link-icon"&gt;\n
                            &lt;svg xmlns="http://www.w3.org/2000/svg" class="icon" width="24" height="24" viewBox="0 0 24 24" stroke-width="2"\n
                                stroke="currentColor" fill="none" stroke-linecap="round" stroke-linejoin="round"&gt;\n
                                &lt;path stroke="none" d="M0 0h24v24H0z" fill="none" /&gt;\n
                                &lt;path d="M7 10h3v-3l-3.5 -3.5" /&gt;\n
                            &lt;/svg&gt;\n
                        &lt;/span&gt;\n
                        &lt;span class="nav-link-title"&gt;Repair Log&lt;/span&gt;\n
                    &lt;/a&gt;\n
                &lt;/li&gt;\n
                &lt;li class="nav-item"&gt;\n
                    &lt;a class="nav-link " href="http://localhost/diesel"&gt;\n
                        &lt;span class="nav-link-icon"&gt;\n
                            &lt;svg xmlns="http://www.w3.org/2000/svg" class="icon icon-tabler icon-tabler-gas-station" width="24" height="24"\n
                                viewBox="0 0 24 24" stroke-width="2" stroke="currentColor" fill="none" stroke-linecap="round"\n
                                stroke-linejoin="round"&gt;\n
                                &lt;path stroke="none" d="M0 0h24v24H0z" fill="none"&gt;&lt;/path&gt;\n
                                &lt;path d="M14 11h1a2 2 0 0 1 2 2v3a1.5 1.5 0 0 0 3 0v-7l-3 -3"&gt;&lt;/path&gt;\n
                                &lt;path d="M4 20v-14a2 2 0 0 1 2 -2h6a2 2 0 0 1 2 2v14"&gt;&lt;/path&gt;\n
                            &lt;/svg&gt;\n
                        &lt;/span&gt;\n
                        &lt;span class="nav-link-title"&gt;Diesel Used&lt;/span&gt;\n
                    &lt;/a&gt;\n
                &lt;/li&gt;\n
                &lt;li class="nav-item"&gt;\n
                    &lt;a class="nav-link "\n
                        href="http://localhost/diesel-stocks"&gt;\n
                        &lt;span class="nav-link-icon"&gt;\n
                            &lt;svg xmlns="http://www.w3.org/2000/svg" class="icon icon-tabler icon-tabler-barrel" width="24" height="24"\n
                                viewBox="0 0 24 24" stroke-width="2" stroke="currentColor" fill="none" stroke-linecap="round"\n
                                stroke-linejoin="round"&gt;\n
                                &lt;path stroke="none" d="M0 0h24v24H0z" fill="none"&gt;&lt;/path&gt;\n
                                &lt;path d="M10 21v-6m4 0v6"&gt;&lt;/path&gt;\n
                                &lt;path d="M5 7v10c0 1.657 3.134 3 7 3s7 -1.343 7 -3"&gt;&lt;/path&gt;\n
                            &lt;/svg&gt;\n
                        &lt;/span&gt;\n
                        &lt;span class="nav-link-title"&gt;Diesel Stock&lt;/span&gt;\n
                    &lt;/a&gt;\n
                &lt;/li&gt;\n
\n
                &lt;!-- Analytics Section --&gt;\n
                &lt;li class="nav-item"&gt;\n
                    &lt;div class="sidebar-section-header"&gt;Reports&lt;/div&gt;\n
                &lt;/li&gt;\n
                &lt;li class="nav-item dropdown"\n
                    x-data="{ open: false }"&gt;\n
                    &lt;a class="nav-link dropdown-toggle"\n
                        :class="{ 'show': open, 'active': false }"\n
                        href="#navbar-reports" @click.prevent="open = !open" role="button" :aria-expanded="open"&gt;\n
                        &lt;span class="nav-link-icon"&gt;\n
                            &lt;svg xmlns="http://www.w3.org/2000/svg" class="icon" width="24" height="24" viewBox="0 0 24 24" stroke-width="2"\n
                                stroke="currentColor" fill="none" stroke-linecap="round" stroke-linejoin="round"&gt;\n
                                &lt;path stroke="none" d="M0 0h24v24H0z" fill="none" /&gt;\n
                                &lt;path d="M3 12m0 1a1 1 0 0 1 1 -1h4a1 1 0 0 1 1 1v6" /&gt;\n
                            &lt;/svg&gt;\n
                        &lt;/span&gt;\n
                        &lt;span class="nav-link-title"&gt;Report Center&lt;/span&gt;\n
                    &lt;/a&gt;\n
                    &lt;div class="dropdown-menu" :class="{ 'show': open }"&gt;\n
                        &lt;a class="dropdown-item "\n
                            href="http://localhost/reports/daily"&gt;Daily Sales&lt;/a&gt;\n
                        &lt;a class="dropdown-item "\n
                            href="http://localhost/reports/monthly"&gt;Monthly Sales&lt;/a&gt;\n
                        &lt;a class="dropdown-item "\n
                            href="http://localhost/reports/operational-profit-loss"&gt;Operational P&amp;L&lt;/a&gt;\n
                        &lt;a class="dropdown-item "\n
                            href="http://localhost/reports/outstanding"&gt;Debt &amp; Advance&lt;/a&gt;\n
                        &lt;a class="dropdown-item "\n
                            href="http://localhost/gate-passes/distance-report"&gt;Distance Report&lt;/a&gt;\n
                        &lt;a class="dropdown-item "\n
                            href="http://localhost/reports/vehicle-usage"&gt;Vehicle Use&lt;/a&gt;\n
                        &lt;a class="dropdown-item "\n
                            href="http://localhost/reports/custom"&gt;Choose Date&lt;/a&gt;\n
                        &lt;a class="dropdown-item "\n
                            href="http://localhost/attendance/report"&gt;Staff Attendance&lt;/a&gt;\n
                    &lt;/div&gt;\n
                &lt;/li&gt;\n
\n
                &lt;!-- Administration Section --&gt;\n
                                &lt;li class="nav-item"&gt;\n
                    &lt;div class="sidebar-section-header"&gt;System&lt;/div&gt;\n
                &lt;/li&gt;\n
                &lt;li class="nav-item dropdown"\n
                    x-data="{ open: false }"&gt;\n
                    &lt;a class="nav-link dropdown-toggle"\n
                        :class="{ 'show': open, 'active': false }"\n
                        href="#navbar-system" @click.prevent="open = !open" role="button" :aria-expanded="open"&gt;\n
                        &lt;span class="nav-link-icon"&gt;\n
                            &lt;svg xmlns="http://www.w3.org/2000/svg" class="icon" width="24" height="24" viewBox="0 0 24 24" stroke-width="2"\n
                                stroke="currentColor" fill="none" stroke-linecap="round" stroke-linejoin="round"&gt;\n
                                &lt;path stroke="none" d="M0 0h24v24H0z" fill="none" /&gt;\n
                                &lt;path d="M10.325 4.317c.426 -1.756 2.924 -1.756 3.35 0" /&gt;\n
                            &lt;/svg&gt;\n
                        &lt;/span&gt;\n
                        &lt;span class="nav-link-title"&gt;Settings&lt;/span&gt;\n
                    &lt;/a&gt;\n
                    &lt;div class="dropdown-menu" :class="{ 'show': open }"&gt;\n
                        &lt;a class="dropdown-item" href="http://localhost/users"&gt;Manage Users&lt;/a&gt;\n
                        &lt;a class="dropdown-item" href="http://localhost/attendance"&gt;Attendance Logs&lt;/a&gt;\n
                        &lt;div class="dropdown-divider"&gt;&lt;/div&gt;\n
                        &lt;a class="dropdown-item" href="http://localhost/settings"&gt;Global Setup&lt;/a&gt;\n
                        &lt;a class="dropdown-item" href="http://localhost/backups"&gt;System Backups&lt;/a&gt;\n
                    &lt;/div&gt;\n
                &lt;/li&gt;\n
                            &lt;/ul&gt;\n
        &lt;/div&gt;\n
\n
        &lt;!-- Sidebar Footer --&gt;\n
        &lt;div class="px-4 py-3 border-top border-white-10 mt-auto sidebar-status"&gt;\n
            &lt;div class="d-flex align-items-center gap-2"&gt;\n
                &lt;span class="status-indicator-dot dot-online"&gt;&lt;/span&gt;\n
                &lt;span class="small fw-bold text-white-50 opacity-50 uppercase tracking-widest"&gt;System is working&lt;/span&gt;\n
            &lt;/div&gt;\n
        &lt;/div&gt;\n
    &lt;/div&gt;\n
&lt;/aside&gt;\n
&lt;style&gt;\n
    /* Premium Sidebar Design System */\n
    .premium-sidebar {\n
        background: #0f172a !important;\n
        /* Deepest blue base */\n
        position: relative;\n
        overflow: hidden;\n
        height: 100vh;\n
        border-right: 1px solid rgba(255, 255, 255, 0.05) !important;\n
    }\n
\n
    .brand-section {\n
        position: relative;\n
        z-index: 2;\n
        background: rgba(15, 23, 42, 0.82);\n
        backdrop-filter: blur(10px);\n
    }\n
\n
    .brand-link {\n
        display: flex;\n
        align-items: center;\n
        gap: 1rem;\n
        text-decoration: none;\n
        transition: all 0.3s ease;\n
    }\n
\n
    .brand-icon {\n
        background: #3b82f6;\n
        /* Premium Accent */\n
        color: white;\n
        border-radius: 12px;\n
        padding: 0.6rem;\n
        display: flex;\n
        align-items: center;\n
        justify-content: center;\n
        transition: all 0.4s cubic-bezier(0.175, 0.885, 0.32, 1.275);\n
    }\n
\n
    .brand-link:hover .brand-icon {\n
        transform: scale(1.1) rotate(5deg);\n
        box-shadow: 0 0 20px rgba(59, 130, 246, 0.5);\n
    }\n
\n
    .brand-text {\n
        display: flex;\n
        flex-direction: column;\n
    }\n
\n
    .brand-name {\n
        color: white;\n
        font-size: 1.25rem;\n
        font-weight: 800;\n
        line-height: 1;\n
        letter-spacing: -0.025em;\n
        margin-bottom: 0.25rem;\n
    }\n
\n
    .brand-tag {\n
        color: #64748b;\n
        font-size: 0.65rem;\n
        font-weight: 700;\n
        text-transform: uppercase;\n
        letter-spacing: 0.1em;\n
    }\n
\n
    /* Nav Item Modernization */\n
    .navbar-nav .nav-link {\n
        margin: 0.125rem 0.75rem !important;\n
        padding: 0.75rem 1rem !important;\n
        border-radius: 10px !important;\n
        color: #94a3b8 !important;\n
        font-weight: 500 !important;\n
        transition: all 0.23s cubic-bezier(0.4, 0, 0.2, 1) !important;\n
        border: 1px solid transparent !important;\n
        display: flex !important;\n
        align-items: center !important;\n
    }\n
\n
    .navbar-nav .nav-link:hover {\n
        color: #f8fafc !important;\n
        background: rgba(255, 255, 255, 0.04) !important;\n
    }\n
\n
    .navbar-nav .nav-link.active {\n
        background: linear-gradient(90deg, rgba(59, 130, 246, 0.15) 0%, rgba(59, 130, 246, 0.05) 100%) !important;\n
        color: #60a5fa !important;\n
        border: 1px solid rgba(59, 130, 246, 0.2) !important;\n
    }\n
\n
    .nav-link-icon {\n
        margin-right: 0.875rem !important;\n
        opacity: 0.7;\n
        transition: transform 0.2s ease;\n
        display: flex;\n
        align-items: center;\n
    }\n
\n
    .nav-link.active .nav-link-icon {\n
        opacity: 1;\n
        transform: scale(1.1);\n
    }\n
\n
    /* Section Separation */\n
    .sidebar-section-header {\n
        margin-top: 1.5rem;\n
        padding: 0.5rem 1.75rem;\n
        font-size: 0.65rem;\n
        font-weight: 800;\n
        color: #475569 !important;\n
        text-transform: uppercase;\n
        letter-spacing: 0.15em;\n
    }\n
\n
    /* Dropdown Customization */\n
    .navbar-vertical .dropdown-menu {\n
        border-left: 2px solid rgba(255, 255, 255, 0.05) !important;\n
        margin-left: 1.75rem !important;\n
        padding-left: 0.5rem !important;\n
        background: transparent !important;\n
        border-radius: 0 !important;\n
        box-shadow: none !important;\n
    }\n
\n
    .navbar-vertical .dropdown-item {\n
        font-size: 0.825rem !important;\n
        padding: 0.5rem 1rem !important;\n
        color: #64748b !important;\n
        border-radius: 8px !important;\n
        margin: 0.1rem 0 !important;\n
        transition: all 0.2s ease;\n
    }\n
\n
    .navbar-vertical .dropdown-item:hover,\n
    .navbar-vertical .dropdown-item.active {\n
        color: #f8fafc !important;\n
        background: rgba(255, 255, 255, 0.03) !important;\n
    }\n
\n
    /* Status Dot */\n
    .status-indicator-dot {\n
        width: 8px;\n
        height: 8px;\n
        border-radius: 50%;\n
        display: inline-block;\n
    }\n
\n
    .dot-online {\n
        background: #10b981;\n
        box-shadow: 0 0 8px rgba(16, 185, 129, 0.6);\n
    }\n
\n
    /* Scrollbar Sleekness */\n
    .sidebar-content::-webkit-scrollbar {\n
        width: 3px;\n
    }\n
\n
    .sidebar-content::-webkit-scrollbar-thumb {\n
        background: #1e293b;\n
        border-radius: 10px;\n
    }\n
&lt;/style&gt;\n
        &lt;!-- Navbar --&gt;\n
        &lt;header class="navbar navbar-expand-md d-print-none premium-header"&gt;\n
    &lt;div class="container-xl d-flex justify-content-between align-items-center"&gt;\n
        &lt;!-- Sidebar Toggle (Mobile) --&gt;\n
        &lt;button class="btn btn-icon btn-ghost-secondary d-md-none" type="button" id="mobile-menu-trigger" aria-label="Toggle navigation"&gt;\n
            &lt;svg xmlns="http://www.w3.org/2000/svg" class="icon" width="24" height="24" viewBox="0 0 24 24" stroke-width="2" stroke="currentColor" fill="none" stroke-linecap="round" stroke-linejoin="round"&gt;&lt;path stroke="none" d="M0 0h24v24H0z" fill="none" /&gt;&lt;path d="M4 6l16 0" /&gt;&lt;path d="M4 12l16 0" /&gt;&lt;path d="M4 18l16 0" /&gt;&lt;/svg&gt;\n
        &lt;/button&gt;\n
\n
        &lt;!-- Brand Name (Mobile Only) --&gt;\n
        &lt;h1 class="navbar-brand navbar-brand-autodark d-md-none ms-2 me-auto"&gt;\n
            &lt;a href="http://localhost/admin/dashboard" class="text-decoration-none text-dark fw-bold"&gt;\n
                Laravel\n
            &lt;/a&gt;\n
        &lt;/h1&gt;\n
\n
        &lt;!-- Center Search - Premium Styled --&gt;\n
        &lt;div class="d-none d-md-flex search-wrapper"&gt;\n
            &lt;div class="position-relative"&gt;\n
                &lt;svg xmlns="http://www.w3.org/2000/svg" class="icon header-search-icon" width="24" height="24" viewBox="0 0 24 24" stroke-width="2" stroke="currentColor" fill="none" stroke-linecap="round" stroke-linejoin="round"&gt;&lt;path stroke="none" d="M0 0h24v24H0z" fill="none" /&gt;&lt;path d="M10 10m-7 0a7 7 0 1 0 14 0a7 7 0 1 0 -14 0" /&gt;&lt;path d="M21 21l-6 -6" /&gt;&lt;/svg&gt;\n
                &lt;input type="text" class="form-control header-search-input-premium" placeholder="Universal Search (Ctrl + K)..." id="global-search"&gt;\n
            &lt;/div&gt;\n
        &lt;/div&gt;\n
\n
        &lt;!-- Right Side Actions --&gt;\n
        &lt;div class="navbar-nav flex-row order-md-last align-items-center gap-2"&gt;\n
            &lt;!-- Notifications - Premium Badge --&gt;\n
            &lt;div class="nav-item d-none d-md-flex"&gt;\n
                &lt;a href="#" class="nav-link-premium rounded-circle" id="notification-trigger"&gt;\n
                    &lt;svg xmlns="http://www.w3.org/2000/svg" class="icon" width="24" height="24" viewBox="0 0 24 24" stroke-width="2" stroke="currentColor" fill="none" stroke-linecap="round" stroke-linejoin="round"&gt;&lt;path stroke="none" d="M0 0h24v24H0z" fill="none" /&gt;&lt;path d="M10 5a2 2 0 1 1 4 0a7 7 0 0 1 4 6v3a4 4 0 0 0 2 3h-16a4 4 0 0 0 2 -3v-3a7 7 0 0 1 4 -6" /&gt;&lt;path d="M9 17v1a3 3 0 0 0 6 0v-1" /&gt;&lt;/svg&gt;\n
                    &lt;span class="badge-premium-dot"&gt;&lt;/span&gt;\n
                &lt;/a&gt;\n
            &lt;/div&gt;\n
\n
            &lt;!-- User Menu - Refined Profile --&gt;\n
            &lt;div class="nav-item dropdown" x-data="{ open: false }" @click.outside="open = false"&gt;\n
                &lt;a href="#" class="nav-link user-profile-link px-2 d-flex align-items-center" @click.prevent="open = !open" :class="{ 'active': open }"&gt;\n
                    &lt;div class="avatar avatar-sm rounded-12 bg-primary-lt text-primary fw-bold shadow-sm border border-white"&gt;\n
                        A\n
                    &lt;/div&gt;\n
                    &lt;div class="d-none d-xl-block ps-2"&gt;\n
                        &lt;div class="fw-bold text-dark fs-4 lh-1"&gt;Admin User&lt;/div&gt;\n
                        &lt;div class="text-muted small text-uppercase tracking-wider fw-bold" style="font-size: 0.6rem;"&gt;admin&lt;/div&gt;\n
                    &lt;/div&gt;\n
                &lt;/a&gt;\n
                &lt;div class="dropdown-menu dropdown-menu-end dropdown-menu-arrow dropdown-menu-premium" :class="{ 'show': open }"&gt;\n
                    &lt;div class="dropdown-header text-uppercase text-muted fw-bold small"&gt;Account Management&lt;/div&gt;\n
                    &lt;a href="http://localhost/profile" class="dropdown-item d-flex align-items-center gap-2"&gt;\n
                        &lt;div class="icon-box bg-blue-lt"&gt;&lt;svg xmlns="http://www.w3.org/2000/svg" class="icon" width="24" height="24" viewBox="0 0 24 24" stroke-width="2" stroke="currentColor" fill="none" stroke-linecap="round" stroke-linejoin="round"&gt;&lt;path stroke="none" d="M0 0h24v24H0z" fill="none" /&gt;&lt;path d="M12 12m-9 0a9 9 0 1 0 18 0a9 9 0 1 0 -18 0" /&gt;&lt;path d="M12 10m-3 0a3 3 0 1 0 6 0a3 3 0 1 0 -6 0" /&gt;&lt;path d="M6.168 18.849a4 4 0 0 1 3.832 -2.849h4a4 4 0 0 1 3.834 2.855" /&gt;&lt;/svg&gt;&lt;/div&gt;\n
                        Personal Profile\n
                    &lt;/a&gt;\n
                                        &lt;a href="http://localhost/settings" class="dropdown-item d-flex align-items-center gap-2"&gt;\n
                        &lt;div class="icon-box bg-purple-lt"&gt;&lt;svg xmlns="http://www.w3.org/2000/svg" class="icon" width="24" height="24" viewBox="0 0 24 24" stroke-width="2" stroke="currentColor" fill="none" stroke-linecap="round" stroke-linejoin="round"&gt;&lt;path stroke="none" d="M0 0h24v24H0z" fill="none" /&gt;&lt;path d="M10.325 4.317c.426 -1.756 2.924 -1.756 3.35 0a1.724 1.724 0 0 0 2.573 1.066c1.543 -.94 3.31 .826 2.37 2.37a1.724 1.724 0 0 0 1.065 2.572c1.756 .426 1.756 2.924 0 3.35a1.724 1.724 0 0 0 -1.066 2.573c.94 1.543 -.826 3.31 -2.37 2.37a1.724 1.724 0 0 0 -2.572 1.065c-.426 1.756 -2.924 1.756 -3.35 0a1.724 1.724 0 0 0 -2.573 -1.066c-1.543 .94 -3.31 -.826 -2.37 -2.37a1.724 1.724 0 0 0 -1.065 -2.572c-1.756 -.426 -1.756 -2.924 0 -3.35a1.724 1.724 0 0 0 1.066 -2.573c-.94 -1.543 .826 -3.31 2.37 -2.37c1 .608 2.296 .07 2.572 -1.065z" /&gt;&lt;/svg&gt;&lt;/div&gt;\n
                        System Settings\n
                    &lt;/a&gt;\n
                    \n
                    &lt;div class="dropdown-divider"&gt;&lt;/div&gt;\n
                    &lt;form method="POST" action="http://localhost/logout"&gt;\n
                        &lt;input type="hidden" name="_token" value="R0FnOkBg6ISafL038Ct7SlPqv5eBBCKXVwzfzXcj" autocomplete="off"&gt;                        &lt;a href="http://localhost/logout" onclick="event.preventDefault(); this.closest('form').submit();" class="dropdown-item d-flex align-items-center gap-2 text-danger fw-bold"&gt;\n
                            &lt;div class="icon-box bg-red-lt"&gt;&lt;svg xmlns="http://www.w3.org/2000/svg" class="icon" width="24" height="24" viewBox="0 0 24 24" stroke-width="2" stroke="currentColor" fill="none" stroke-linecap="round" stroke-linejoin="round"&gt;&lt;path stroke="none" d="M0 0h24v24H0z" fill="none" /&gt;&lt;path d="M14 8v-2a2 2 0 0 0 -2 -2h-7a2 2 0 0 0 -2 2v12a2 2 0 0 0 2 2h7a2 2 0 0 0 2 -2v-2" /&gt;&lt;path d="M9 12h12l-3 -3" /&gt;&lt;/svg&gt;&lt;/div&gt;\n
                            Sign Out\n
                        &lt;/a&gt;\n
                    &lt;/form&gt;\n
                &lt;/div&gt;\n
            &lt;/div&gt;\n
        &lt;/div&gt;\n
    &lt;/div&gt;\n
&lt;/header&gt;\n
\n
&lt;style&gt;\n
.premium-header {\n
    background: rgba(255, 255, 255, 0.7) !important;\n
    backdrop-filter: blur(12px) saturate(180%);\n
    border-bottom: 1px solid rgba(0, 0, 0, 0.05) !important;\n
    position: sticky;\n
    top: 0;\n
    z-index: 1000;\n
}\n
\n
.search-wrapper {\n
    flex: 1;\n
    max-width: 500px;\n
}\n
\n
.header-search-input-premium {\n
    background: #f1f5f9 !important;\n
    border: none !important;\n
    border-radius: 12px !important;\n
    padding-left: 2.75rem !important;\n
    height: 42px !important;\n
    font-size: 0.9rem !important;\n
    transition: all 0.3s ease !important;\n
}\n
\n
.header-search-input-premium:focus {\n
    background: #ffffff !important;\n
    box-shadow: 0 4px 12px rgba(0, 0, 0, 0.05), 0 0 0 2px rgba(59, 130, 246, 0.1) !important;\n
    transform: translateY(-1px);\n
}\n
\n
.header-search-icon {\n
    position: absolute;\n
    left: 1rem;\n
    top: 50%;\n
    transform: translateY(-50%);\n
    color: #94a3b8;\n
    z-index: 1;\n
}\n
\n
.nav-link-premium {\n
    width: 40px;\n
    height: 40px;\n
    display: flex;\n
    align-items: center;\n
    justify-content: center;\n
    color: #64748b;\n
    position: relative;\n
    transition: all 0.2s ease;\n
}\n
\n
.nav-link-premium:hover {\n
    background: #f1f5f9;\n
    color: #0f172a;\n
}\n
\n
.badge-premium-dot {\n
    position: absolute;\n
    top: 10px;\n
    right: 10px;\n
    width: 8px;\n
    height: 8px;\n
    background: #ef4444;\n
    border-radius: 50%;\n
    border: 2px solid white;\n
}\n
\n
.user-profile-link {\n
    background: #f8fafc;\n
    border-radius: 14px;\n
    padding: 0.35rem 0.75rem !important;\n
    transition: all 0.2s ease;\n
    border: 1px solid #e2e8f0;\n
}\n
\n
.user-profile-link:hover, .user-profile-link.active {\n
    background: #ffffff;\n
    box-shadow: 0 2px 8px rgba(0,0,0,0.05);\n
    border-color: #cbd5e1;\n
}\n
\n
.rounded-12 {\n
    border-radius: 12px;\n
}\n
\n
.dropdown-menu-premium {\n
    border: none !important;\n
    box-shadow: 0 20px 25px -5px rgba(0, 0, 0, 0.1), 0 10px 10px -5px rgba(0, 0, 0, 0.04) !important;\n
    border-radius: 16px !important;\n
    padding: 0.75rem !important;\n
    min-width: 240px !important;\n
    margin-top: 0.5rem !important;\n
}\n
\n
.dropdown-item {\n
    padding: 0.65rem 1rem !important;\n
    border-radius: 10px !important;\n
    margin-bottom: 0.2rem;\n
}\n
\n
.icon-box {\n
    width: 32px;\n
    height: 32px;\n
    display: flex;\n
    align-items: center;\n
    justify-content: center;\n
    border-radius: 8px;\n
    margin-right: 1rem;\n
}\n
\n
.icon-box .icon {\n
    width: 18px;\n
    height: 18px;\n
}\n
&lt;/style&gt;\n
        &lt;div class="page-wrapper"&gt;\n
            &lt;!-- Page header --&gt;\n
                            &lt;div class="page-header d-print-none"&gt;\n
                    &lt;div class="container-xl"&gt;\n
                        &lt;div class="row g-2 align-items-center"&gt;\n
                            &lt;div class="col"&gt;\n
                                &lt;div class="row g-2 align-items-center d-print-none"&gt;\n
            &lt;div class="col"&gt;\n
                &lt;div class="page-pretitle text-uppercase fw-bold text-muted" style="letter-spacing: 0.05em;"&gt;Overview&lt;/div&gt;\n
                &lt;h2 class="page-title h1 fw-bold"&gt;Admin Dashboard&lt;/h2&gt;\n
            &lt;/div&gt;\n
            &lt;div class="col-auto ms-auto"&gt;\n
                &lt;div class="btn-list"&gt;\n
                    &lt;span class="d-none d-md-inline-block text-muted me-3"&gt;\n
                        &lt;svg xmlns="http://www.w3.org/2000/svg" class="icon icon-tabler icon-tabler-clock me-1" width="24" height="24" viewBox="0 0 24 24" stroke-width="2" stroke="currentColor" fill="none" stroke-linecap="round" stroke-linejoin="round"&gt;&lt;path stroke="none" d="M0 0h24v24H0z" fill="none"&gt;&lt;/path&gt;&lt;path d="M12 12m-9 0a9 9 0 1 0 18 0a9 9 0 1 0 -18 0"&gt;&lt;/path&gt;&lt;path d="M12 7l0 5l3 3"&gt;&lt;/path&gt;&lt;/svg&gt;\n
                        Last updated: 04:15 PM\n
                    &lt;/span&gt;\n
                    &lt;a href="http://localhost/gate-passes/create" class="btn btn-primary shadow-sm px-4"&gt;\n
                        &lt;svg xmlns="http://www.w3.org/2000/svg" class="icon icon-tabler icon-tabler-plus" width="24" height="24" viewBox="0 0 24 24" stroke-width="2" stroke="currentColor" fill="none" stroke-linecap="round" stroke-linejoin="round"&gt;&lt;path stroke="none" d="M0 0h24v24H0z" fill="none"&gt;&lt;/path&gt;&lt;path d="M12 5l0 14"&gt;&lt;/path&gt;&lt;path d="M5 12l14 0"&gt;&lt;/path&gt;&lt;/svg&gt;\n
                        New Entry\n
                    &lt;/a&gt;\n
                &lt;/div&gt;\n
            &lt;/div&gt;\n
        &lt;/div&gt;\n
                            &lt;/div&gt;\n
                        &lt;/div&gt;\n
                    &lt;/div&gt;\n
                &lt;/div&gt;\n
            \n
            &lt;!-- Page body --&gt;\n
            &lt;div class="page-body"&gt;\n
                &lt;div class="container-xl"&gt;\n
                    &lt;!-- Flash Messages --&gt;\n
                                                                                \n
                    &lt;!-- Welcome --&gt;\n
    &lt;div class="premium-header-card mb-4"&gt;\n
        &lt;div class="row align-items-center"&gt;\n
            &lt;div class="col-md-7"&gt;\n
                &lt;h1 class="text-white fw-bold mb-2"&gt;Welcome back, Admin!&lt;/h1&gt;\n
                &lt;p class="text-white-50 mb-0"&gt;The system is working correctly. Here is what happened today.&lt;/p&gt;\n
            &lt;/div&gt;\n
            &lt;div class="col-md-5 text-md-end mt-4 mt-md-0"&gt;\n
                &lt;div class="d-inline-block text-start p-3 rounded-3" style="background: rgba(255,255,255,0.05); backdrop-filter: blur(10px); border: 1px solid rgba(255,255,255,0.1);"&gt;\n
                    &lt;div class="text-white-50 small text-uppercase fw-bold mb-1" style="letter-spacing: 1px;"&gt;Today's Date&lt;/div&gt;\n
                    &lt;div class="h2 text-white mb-0 fw-bold"&gt;Friday, 22 May 2026&lt;/div&gt;\n
                &lt;/div&gt;\n
            &lt;/div&gt;\n
        &lt;/div&gt;\n
    &lt;/div&gt;\n
\n
    &lt;!-- Today's Stats --&gt;\n
    &lt;div class="premium-stats-grid mb-4"&gt;\n
        &lt;div class="stat-premium-card border-0 shadow-sm"&gt;\n
            &lt;div class="stat-icon-wrapper bg-blue-lt"&gt;\n
                &lt;svg xmlns="http://www.w3.org/2000/svg" class="icon text-blue" width="24" height="24" viewBox="0 0 24 24" stroke-width="2" stroke="currentColor" fill="none" stroke-linecap="round" stroke-linejoin="round"&gt;&lt;path stroke="none" d="M0 0h24v24H0z" fill="none"/&gt;&lt;path d="M7 17m-2 0a2 2 0 1 0 4 0a2 2 0 1 0 -4 0" /&gt;&lt;path d="M17 17m-2 0a2 2 0 1 0 4 0a2 2 0 1 0 -4 0" /&gt;&lt;/svg&gt;\n
            &lt;/div&gt;\n
            &lt;div class="text-muted small fw-bold text-uppercase mb-1" style="letter-spacing: 0.5px;"&gt;Today's Trips&lt;/div&gt;\n
            &lt;div class="h1 mb-0 fw-bold"&gt;0&lt;/div&gt;\n
            &lt;div class="text-muted small mt-2"&gt;Total loads entered&lt;/div&gt;\n
        &lt;/div&gt;\n
\n
        &lt;div class="stat-premium-card border-0 shadow-sm"&gt;\n
            &lt;div class="stat-icon-wrapper bg-green-lt"&gt;\n
                &lt;svg xmlns="http://www.w3.org/2000/svg" class="icon text-green" width="24" height="24" viewBox="0 0 24 24" stroke-width="2" stroke="currentColor" fill="none" stroke-linecap="round" stroke-linejoin="round"&gt;&lt;path stroke="none" d="M0 0h24v24H0z" fill="none"/&gt;&lt;path d="M12 3l8 4.5l0 9l-8 4.5l-8 -4.5l0 -9l8 -4.5" /&gt;&lt;/svg&gt;\n
            &lt;/div&gt;\n
            &lt;div class="text-muted small fw-bold text-uppercase mb-1" style="letter-spacing: 0.5px;"&gt;Today's Material&lt;/div&gt;\n
            &lt;div class="h1 mb-0 fw-bold text-green"&gt;0.0 &lt;span class="fs-6 text-muted fw-normal"&gt;CFT&lt;/span&gt;&lt;/div&gt;\n
            &lt;div class="text-muted small mt-2"&gt;Total material out&lt;/div&gt;\n
        &lt;/div&gt;\n
\n
        &lt;div class="stat-premium-card border-0 shadow-sm"&gt;\n
            &lt;div class="stat-icon-wrapper bg-orange-lt"&gt;\n
                &lt;svg xmlns="http://www.w3.org/2000/svg" class="icon text-orange" width="24" height="24" viewBox="0 0 24 24" stroke-width="2" stroke="currentColor" fill="none" stroke-linecap="round" stroke-linejoin="round"&gt;&lt;path stroke="none" d="M0 0h24v24H0z" fill="none"/&gt;&lt;path d="M16.7 8a3 3 0 1 0 -2.7 -2" /&gt;&lt;path d="M12 8v11m-5 -5h10" /&gt;&lt;/svg&gt;\n
            &lt;/div&gt;\n
            &lt;div class="text-muted small fw-bold text-uppercase mb-1" style="letter-spacing: 0.5px;"&gt;Today's Billing&lt;/div&gt;\n
            &lt;div class="h1 mb-0 fw-bold text-orange"&gt;₹ 0&lt;/div&gt;\n
            &lt;div class="text-muted small mt-2"&gt;Total value of trips&lt;/div&gt;\n
        &lt;/div&gt;\n
\n
        &lt;div class="stat-premium-card border-0 shadow-sm"&gt;\n
            &lt;div class="stat-icon-wrapper bg-purple-lt"&gt;\n
                &lt;svg xmlns="http://www.w3.org/2000/svg" class="icon text-purple" width="24" height="24" viewBox="0 0 24 24" stroke-width="2" stroke="currentColor" fill="none" stroke-linecap="round" stroke-linejoin="round"&gt;&lt;path stroke="none" d="M0 0h24v24H0z" fill="none"/&gt;&lt;path d="M14 11h1a2 2 0 0 1 2 2v3a1.5 1.5 0 0 0 3 0v-7l-3 -3"&gt;&lt;/path&gt;&lt;path d="M4 20v-14a2 2 0 0 1 2 -2h6a2 2 0 0 1 2 2v14"&gt;&lt;/path&gt;&lt;/svg&gt;\n
            &lt;/div&gt;\n
            &lt;div class="text-muted small fw-bold text-uppercase mb-1" style="letter-spacing: 0.5px;"&gt;Today's Diesel&lt;/div&gt;\n
            &lt;div class="h1 mb-0 fw-bold text-purple"&gt;0.0 &lt;span class="fs-6 text-muted fw-normal"&gt;LTRS&lt;/span&gt;&lt;/div&gt;\n
            &lt;div class="text-muted small mt-2"&gt;Total fuel given out&lt;/div&gt;\n
        &lt;/div&gt;\n
    &lt;/div&gt;\n
\n
    &lt;!-- Projects Stats --&gt;\n
    &lt;div class="row row-cards mb-4"&gt;\n
        &lt;div class="col-12"&gt;\n
            &lt;div class="card border-0 shadow-sm"&gt;\n
                &lt;div class="card-header border-0 bg-transparent py-3"&gt;\n
                    &lt;h3 class="card-title fw-bold"&gt;Projects Overview&lt;/h3&gt;\n
                &lt;/div&gt;\n
                &lt;div class="card-body pt-0"&gt;\n
                    &lt;div class="row g-3"&gt;\n
                        &lt;div class="col-6 col-sm-3"&gt;\n
                            &lt;div class="text-muted small fw-bold text-uppercase mb-1"&gt;Total Projects&lt;/div&gt;\n
                            &lt;div class="h2 mb-0 fw-bold"&gt;0&lt;/div&gt;\n
                        &lt;/div&gt;\n
                        &lt;div class="col-6 col-sm-3"&gt;\n
                            &lt;div class="text-muted small fw-bold text-uppercase mb-1"&gt;Active Projects&lt;/div&gt;\n
                            &lt;div class="h2 mb-0 fw-bold text-primary"&gt;0&lt;/div&gt;\n
                        &lt;/div&gt;\n
                        &lt;div class="col-6 col-sm-3"&gt;\n
                            &lt;div class="text-muted small fw-bold text-uppercase mb-1"&gt;Completed Projects&lt;/div&gt;\n
                            &lt;div class="h2 mb-0 fw-bold text-success"&gt;0&lt;/div&gt;\n
                        &lt;/div&gt;\n
                        &lt;div class="col-6 col-sm-3"&gt;\n
                            &lt;div class="text-muted small fw-bold text-uppercase mb-1"&gt;Pending Projects&lt;/div&gt;\n
                            &lt;div class="h2 mb-0 fw-bold text-warning"&gt;0&lt;/div&gt;\n
                        &lt;/div&gt;\n
                    &lt;/div&gt;\n
                &lt;/div&gt;\n
            &lt;/div&gt;\n
        &lt;/div&gt;\n
    &lt;/div&gt;\n
\n
    &lt;!-- Charts Section --&gt;\n
    &lt;div class="row row-cards mb-4"&gt;\n
        &lt;div class="col-lg-8"&gt;\n
            &lt;div class="card border-0 shadow-sm"&gt;\n
                &lt;div class="card-header border-0 bg-transparent py-3"&gt;\n
                    &lt;div&gt;\n
                        &lt;h3 class="card-title fw-bold"&gt;Weekly Sales&lt;/h3&gt;\n
                        &lt;p class="card-subtitle text-muted small"&gt;Sales value vs Material volume (Last 7 Days)&lt;/p&gt;\n
                    &lt;/div&gt;\n
                &lt;/div&gt;\n
                &lt;div class="card-body"&gt;\n
                    &lt;div id="chart-sales-trend" style="min-height: 350px;"&gt;&lt;/div&gt;\n
                &lt;/div&gt;\n
            &lt;/div&gt;\n
        &lt;/div&gt;\n
        &lt;div class="col-lg-4"&gt;\n
            &lt;div class="card border-0 shadow-sm"&gt;\n
                &lt;div class="card-header border-0 bg-transparent py-3"&gt;\n
                    &lt;h3 class="card-title fw-bold"&gt;Material Types&lt;/h3&gt;\n
                &lt;/div&gt;\n
                &lt;div class="card-body pt-0"&gt;\n
                    &lt;div id="chart-material-distribution" style="min-height: 280px;"&gt;&lt;/div&gt;\n
                    &lt;div class="mt-4 pt-3 border-top"&gt;\n
                        &lt;div class="row g-2"&gt;\n
                            &lt;div class="col-6"&gt;\n
                                &lt;div class="text-muted small text-uppercase fw-bold" style="font-size: 0.6rem;"&gt;Monthly Diesel&lt;/div&gt;\n
                                &lt;div class="h3 fw-bold mb-0 text-warning"&gt;0 L&lt;/div&gt;\n
                            &lt;/div&gt;\n
                            &lt;div class="col-6"&gt;\n
                                &lt;div class="text-muted small text-uppercase fw-bold" style="font-size: 0.6rem;"&gt;Repair Costs&lt;/div&gt;\n
                                &lt;div class="h3 fw-bold mb-0 text-danger"&gt;₹ 0&lt;/div&gt;\n
                            &lt;/div&gt;\n
                        &lt;/div&gt;\n
                    &lt;/div&gt;\n
                &lt;/div&gt;\n
            &lt;/div&gt;\n
        &lt;/div&gt;\n
    &lt;/div&gt;\n
\n
    &lt;!-- Secondary Stats --&gt;\n
    &lt;div class="row row-cards"&gt;\n
        &lt;div class="col-md-4"&gt;\n
            &lt;div class="row row-cards"&gt;\n
                &lt;div class="col-12"&gt;\n
                    &lt;div class="card bg-primary-lt border-0 shadow-sm"&gt;\n
                        &lt;div class="card-body p-4 d-flex align-items-center"&gt;\n
                            &lt;div class="icon-box bg-white text-primary rounded-3 me-3" style="width: 48px; height: 48px; display: flex; align-items: center; justify-content: center;"&gt;\n
                                &lt;svg xmlns="http://www.w3.org/2000/svg" class="icon" width="24" height="24" viewBox="0 0 24 24" stroke-width="2" stroke="currentColor" fill="none" stroke-linecap="round" stroke-linejoin="round"&gt;&lt;path stroke="none" d="M0 0h24v24H0z" fill="none"&gt;&lt;/path&gt;&lt;path d="M12 12m-9 0a9 9 0 1 0 18 0a9 9 0 1 0 -18 0"&gt;&lt;/path&gt;&lt;path d="M12 10m-3 0a3 3 0 1 0 6 0a3 3 0 1 0 -6 0"&gt;&lt;/path&gt;&lt;path d="M6.168 18.849a4 4 0 0 1 3.832 -2.849h4a4 4 0 0 1 3.834 2.855"&gt;&lt;/path&gt;&lt;/svg&gt;\n
                            &lt;/div&gt;\n
                            &lt;div&gt;\n
                                &lt;div class="text-muted small fw-bold text-uppercase" style="font-size: 0.65rem;"&gt;Total Clients&lt;/div&gt;\n
                                &lt;div class="h2 mb-0 fw-bold"&gt;0 Active&lt;/div&gt;\n
                            &lt;/div&gt;\n
                        &lt;/div&gt;\n
                    &lt;/div&gt;\n
                &lt;/div&gt;\n
                &lt;div class="col-12"&gt;\n
                    &lt;div class="card bg-azure-lt border-0 shadow-sm"&gt;\n
                        &lt;div class="card-body p-4 d-flex align-items-center"&gt;\n
                            &lt;div class="icon-box bg-white text-azure rounded-3 me-3" style="width: 48px; height: 48px; display: flex; align-items: center; justify-content: center;"&gt;\n
                                &lt;svg xmlns="http://www.w3.org/2000/svg" class="icon" width="24" height="24" viewBox="0 0 24 24" stroke-width="2" stroke="currentColor" fill="none" stroke-linecap="round" stroke-linejoin="round"&gt;&lt;path stroke="none" d="M0 0h24v24H0z" fill="none"&gt;&lt;/path&gt;&lt;path d="M7 17h10"&gt;&lt;/path&gt;&lt;path d="M12 13h5"&gt;&lt;/path&gt;&lt;path d="M15 17h2"&gt;&lt;/path&gt;&lt;path d="M3 17h2"&gt;&lt;/path&gt;&lt;path d="M3 13h2"&gt;&lt;/path&gt;&lt;/svg&gt;\n
                            &lt;/div&gt;\n
                            &lt;div&gt;\n
                                &lt;div class="text-muted small fw-bold text-uppercase" style="font-size: 0.65rem;"&gt;Total Vehicles&lt;/div&gt;\n
                                &lt;div class="h2 mb-0 fw-bold"&gt;0 Works&lt;/div&gt;\n
                            &lt;/div&gt;\n
                        &lt;/div&gt;\n
                    &lt;/div&gt;\n
                &lt;/div&gt;\n
                &lt;div class="col-12"&gt;\n
                    &lt;div class="card border-0 shadow-sm"&gt;\n
                        &lt;div class="card-header border-0 bg-transparent py-3"&gt;\n
                            &lt;h3 class="card-title fw-bold"&gt;Diesel Trend&lt;/h3&gt;\n
                        &lt;/div&gt;\n
                        &lt;div class="card-body pt-0"&gt;\n
                            &lt;div id="chart-diesel-trend" style="height: 120px;"&gt;&lt;/div&gt;\n
                        &lt;/div&gt;\n
                    &lt;/div&gt;\n
                &lt;/div&gt;\n
            &lt;/div&gt;\n
        &lt;/div&gt;\n
\n
        &lt;!-- Recent Projects --&gt;\n
        &lt;div class="col-md-8"&gt;\n
            &lt;div class="card border-0 shadow-sm"&gt;\n
                &lt;div class="card-header border-0 bg-transparent py-3 d-flex justify-content-between align-items-center"&gt;\n
                    &lt;h3 class="card-title fw-bold"&gt;Recent Projects&lt;/h3&gt;\n
                    &lt;a href="http://localhost/projects" class="btn btn-sm btn-light"&gt;View All&lt;/a&gt;\n
                &lt;/div&gt;\n
                &lt;div class="table-responsive"&gt;\n
                    &lt;table class="table table-vcenter table-premium card-table border-0"&gt;\n
                        &lt;thead&gt;\n
                            &lt;tr&gt;\n
                                &lt;th&gt;Project Name&lt;/th&gt;\n
                                &lt;th&gt;Location&lt;/th&gt;\n
                                &lt;th&gt;Progress&lt;/th&gt;\n
                                &lt;th class="text-center"&gt;Active&lt;/th&gt;\n
                            &lt;/tr&gt;\n
                        &lt;/thead&gt;\n
                        &lt;tbody&gt;\n
                                                            &lt;tr&gt;\n
                                    &lt;td colspan="4" class="text-center py-5 text-muted"&gt;No projects found.&lt;/td&gt;\n
                                &lt;/tr&gt;\n
                                                    &lt;/tbody&gt;\n
                    &lt;/table&gt;\n
                &lt;/div&gt;\n
            &lt;/div&gt;\n
        &lt;/div&gt;\n
    &lt;/div&gt;\n
                &lt;/div&gt;\n
            &lt;/div&gt;\n
\n
            &lt;footer class="footer footer-transparent d-print-none"&gt;\n
    &lt;div class="container-xl"&gt;\n
        &lt;div class="row text-center align-items-center flex-row-reverse"&gt;\n
            &lt;div class="col-lg-auto ms-lg-auto"&gt;\n
                &lt;ul class="list-inline list-inline-dots mb-0"&gt;\n
                    &lt;li class="list-inline-item"&gt;\n
                        &lt;a href="#" class="link-secondary" rel="noopener"&gt;Documentation&lt;/a&gt;\n
                    &lt;/li&gt;\n
                    &lt;li class="list-inline-item"&gt;\n
                        &lt;a href="#" class="link-secondary" rel="noopener"&gt;Support&lt;/a&gt;\n
                    &lt;/li&gt;\n
                &lt;/ul&gt;\n
            &lt;/div&gt;\n
            &lt;div class="col-12 col-lg-auto mt-3 mt-lg-0"&gt;\n
                &lt;ul class="list-inline list-inline-dots mb-0"&gt;\n
                    &lt;li class="list-inline-item"&gt;\n
                        Copyright &amp;copy; 2026\n
                        &lt;a href="." class="link-secondary"&gt;Laravel&lt;/a&gt;.\n
                        All rights reserved.\n
                    &lt;/li&gt;\n
                    &lt;li class="list-inline-item"&gt;\n
                        &lt;a href="#" class="link-secondary" rel="noopener"&gt;\n
                            Version 1.0.0\n
                        &lt;/a&gt;\n
                    &lt;/li&gt;\n
                &lt;/ul&gt;\n
            &lt;/div&gt;\n
        &lt;/div&gt;\n
    &lt;/div&gt;\n
&lt;/footer&gt;        &lt;/div&gt;\n
    &lt;/div&gt;\n
            &lt;script src="https://cdn.jsdelivr.net/npm/apexcharts"&gt;&lt;/script&gt;\n
        &lt;script&gt;\n
            document.addEventListener("DOMContentLoaded", function () {\n
                const dates = ["16 May","17 May","18 May","19 May","20 May","21 May","22 May"].reverse();\n
                \n
                // Set Global Apex options\n
                window.Apex = {\n
                    chart: {\n
                        fontFamily: 'Inter, sans-serif',\n
                        toolbar: { show: false },\n
                        animations: { speed: 400 }\n
                    },\n
                    tooltip: { theme: 'dark' }\n
                };\n
\n
                // 1. Sales &amp; Operations Trend\n
                new ApexCharts(document.getElementById('chart-sales-trend'), {\n
                    series: [{\n
                        name: "Revenue (₹)",\n
                        type: "column",\n
                        data: [0,0,0,0,0,0,0].reverse()\n
                    }, {\n
                        name: "Volume (CFT)",\n
                        type: "area",\n
                        data: [0,0,0,0,0,0,0].reverse()\n
                    }],\n
                    chart: { height: 350, type: "line", stacked: false },\n
                    stroke: { width: [0, 3], curve: 'smooth', dashArray: [0, 0] },\n
                    colors: ['#0f172a', '#3b82f6'],\n
                    fill: {\n
                        opacity: [1, 0.15],\n
                        type: ['solid', 'gradient'],\n
[...]
                };\n
            }\n
\n
            if (backdrop) {\n
                backdrop.onclick = function () {\n
                    console.log('Mobile menu backdrop clicked');\n
                    window.closeMobileMenu();\n
                };\n
            }\n
\n
            // Link handling\n
            if (sidebar) {\n
                sidebar.addEventListener('click', function (e) {\n
                    // Check if clicked element is a link\n
                    const link = e.target.closest('a.nav-link');\n
                    if (link &amp;&amp; !link.getAttribute('data-bs-toggle')) {\n
                        // Close menu for normal links\n
                        window.closeMobileMenu();\n
                    }\n
                });\n
            }\n
        });\n
    &lt;/script&gt;\n
&lt;/body&gt;\n
\n
&lt;/html&gt;' [UTF-8](length: 58379) contains "Master Data" [ASCII](length: 11).

/Users/naveenadicharla/Documents/stonecrusher erp/vendor/laravel/framework/src/Illuminate/Testing/TestResponseAssert.php:45
/Users/naveenadicharla/Documents/stonecrusher erp/vendor/laravel/framework/src/Illuminate/Testing/TestResponse.php:709
/Users/naveenadicharla/Documents/stonecrusher erp/tests/Feature/MasterDataTest.php:191</failure>
        </testcase>
      </testsuite>
      <testsuite name="Tests\Feature\OperationalRecordsTest" file="/Users/naveenadicharla/Documents/stonecrusher erp/tests/Feature/OperationalRecordsTest.php" tests="7" assertions="19" errors="0" failures="0" skipped="0" time="0.064850">
        <testcase name="test_can_access_quarry_dashboard" file="/Users/naveenadicharla/Documents/stonecrusher erp/tests/Feature/OperationalRecordsTest.php" line="60" class="Tests\Feature\OperationalRecordsTest" classname="Tests.Feature.OperationalRecordsTest" assertions="3" time="0.010633"/>
        <testcase name="test_can_access_crusher_dashboard" file="/Users/naveenadicharla/Documents/stonecrusher erp/tests/Feature/OperationalRecordsTest.php" line="69" class="Tests\Feature\OperationalRecordsTest" classname="Tests.Feature.OperationalRecordsTest" assertions="3" time="0.009209"/>
        <testcase name="test_can_create_custom_tag" file="/Users/naveenadicharla/Documents/stonecrusher erp/tests/Feature/OperationalRecordsTest.php" line="78" class="Tests\Feature\OperationalRecordsTest" classname="Tests.Feature.OperationalRecordsTest" assertions="2" time="0.009377"/>
        <testcase name="test_can_create_operational_record" file="/Users/naveenadicharla/Documents/stonecrusher erp/tests/Feature/OperationalRecordsTest.php" line="93" class="Tests\Feature\OperationalRecordsTest" classname="Tests.Feature.OperationalRecordsTest" assertions="2" time="0.008352"/>
        <testcase name="test_can_update_operational_record" file="/Users/naveenadicharla/Documents/stonecrusher erp/tests/Feature/OperationalRecordsTest.php" line="115" class="Tests\Feature\OperationalRecordsTest" classname="Tests.Feature.OperationalRecordsTest" assertions="2" time="0.008367"/>
        <testcase name="test_can_delete_operational_record" file="/Users/naveenadicharla/Documents/stonecrusher erp/tests/Feature/OperationalRecordsTest.php" line="141" class="Tests\Feature\OperationalRecordsTest" classname="Tests.Feature.OperationalRecordsTest" assertions="2" time="0.008443"/>
        <testcase name="test_quarry_and_crusher_p_and_l_report" file="/Users/naveenadicharla/Documents/stonecrusher erp/tests/Feature/OperationalRecordsTest.php" line="159" class="Tests\Feature\OperationalRecordsTest" classname="Tests.Feature.OperationalRecordsTest" assertions="5" time="0.010469"/>
      </testsuite>
      <testsuite name="Tests\Feature\OperationalSyncTest" file="/Users/naveenadicharla/Documents/stonecrusher erp/tests/Feature/OperationalSyncTest.php" tests="6" assertions="16" errors="0" failures="0" skipped="0" time="0.054363">
        <testcase name="test_creating_diesel_entry_creates_operational_record" file="/Users/naveenadicharla/Documents/stonecrusher erp/tests/Feature/OperationalSyncTest.php" line="75" class="Tests\Feature\OperationalSyncTest" classname="Tests.Feature.OperationalSyncTest" assertions="4" time="0.008537"/>
        <testcase name="test_updating_diesel_entry_updates_operational_record" file="/Users/naveenadicharla/Documents/stonecrusher erp/tests/Feature/OperationalSyncTest.php" line="107" class="Tests\Feature\OperationalSyncTest" classname="Tests.Feature.OperationalSyncTest" assertions="3" time="0.009359"/>
        <testcase name="test_deleting_diesel_entry_deletes_operational_record" file="/Users/naveenadicharla/Documents/stonecrusher erp/tests/Feature/OperationalSyncTest.php" line="134" class="Tests\Feature\OperationalSyncTest" classname="Tests.Feature.OperationalSyncTest" assertions="2" time="0.008484"/>
        <testcase name="test_creating_completed_gate_pass_sale_creates_operational_record" file="/Users/naveenadicharla/Documents/stonecrusher erp/tests/Feature/OperationalSyncTest.php" line="156" class="Tests\Feature\OperationalSyncTest" classname="Tests.Feature.OperationalSyncTest" assertions="4" time="0.010338"/>
        <testcase name="test_gate_pass_status_or_type_change_deletes_operational_record" file="/Users/naveenadicharla/Documents/stonecrusher erp/tests/Feature/OperationalSyncTest.php" line="194" class="Tests\Feature\OperationalSyncTest" classname="Tests.Feature.OperationalSyncTest" assertions="2" time="0.009662"/>
        <testcase name="test_gate_pass_on_closed_day_throws_exception" file="/Users/naveenadicharla/Documents/stonecrusher erp/tests/Feature/OperationalSyncTest.php" line="226" class="Tests\Feature\OperationalSyncTest" classname="Tests.Feature.OperationalSyncTest" assertions="1" time="0.007984"/>
      </testsuite>
      <testsuite name="Tests\Feature\Phase6VerificationTest" file="/Users/naveenadicharla/Documents/stonecrusher erp/tests/Feature/Phase6VerificationTest.php" tests="2" assertions="17" errors="0" failures="0" skipped="0" time="0.026840">
        <testcase name="test_can_view_reports_dashboard" file="/Users/naveenadicharla/Documents/stonecrusher erp/tests/Feature/Phase6VerificationTest.php" line="54" class="Tests\Feature\Phase6VerificationTest" classname="Tests.Feature.Phase6VerificationTest" assertions="1" time="0.008559"/>
        <testcase name="test_daily_closure_logic" file="/Users/naveenadicharla/Documents/stonecrusher erp/tests/Feature/Phase6VerificationTest.php" line="60" class="Tests\Feature\Phase6VerificationTest" classname="Tests.Feature.Phase6VerificationTest" assertions="16" time="0.018280"/>
      </testsuite>
      <testsuite name="Tests\Feature\ProfileTest" file="/Users/naveenadicharla/Documents/stonecrusher erp/tests/Feature/ProfileTest.php" tests="5" assertions="21" errors="0" failures="0" skipped="0" time="0.039683">
        <testcase name="test_profile_page_is_displayed" file="/Users/naveenadicharla/Documents/stonecrusher erp/tests/Feature/ProfileTest.php" line="13" class="Tests\Feature\ProfileTest" classname="Tests.Feature.ProfileTest" assertions="1" time="0.008519"/>
        <testcase name="test_profile_information_can_be_updated" file="/Users/naveenadicharla/Documents/stonecrusher erp/tests/Feature/ProfileTest.php" line="24" class="Tests\Feature\ProfileTest" classname="Tests.Feature.ProfileTest" assertions="6" time="0.007688"/>
        <testcase name="test_email_verification_status_is_unchanged_when_the_email_address_is_unchanged" file="/Users/naveenadicharla/Documents/stonecrusher erp/tests/Feature/ProfileTest.php" line="46" class="Tests\Feature\ProfileTest" classname="Tests.Feature.ProfileTest" assertions="4" time="0.006734"/>
        <testcase name="test_user_can_delete_their_account" file="/Users/naveenadicharla/Documents/stonecrusher erp/tests/Feature/ProfileTest.php" line="64" class="Tests\Feature\ProfileTest" classname="Tests.Feature.ProfileTest" assertions="5" time="0.007789"/>
        <testcase name="test_correct_password_must_be_provided_to_delete_account" file="/Users/naveenadicharla/Documents/stonecrusher erp/tests/Feature/ProfileTest.php" line="82" class="Tests\Feature\ProfileTest" classname="Tests.Feature.ProfileTest" assertions="5" time="0.008953"/>
      </testsuite>
      <testsuite name="Tests\Feature\ProjectEnhancementsTest" file="/Users/naveenadicharla/Documents/stonecrusher erp/tests/Feature/ProjectEnhancementsTest.php" tests="5" assertions="22" errors="0" failures="0" skipped="0" time="0.046863">
        <testcase name="test_project_can_have_location" file="/Users/naveenadicharla/Documents/stonecrusher erp/tests/Feature/ProjectEnhancementsTest.php" line="26" class="Tests\Feature\ProjectEnhancementsTest" classname="Tests.Feature.ProjectEnhancementsTest" assertions="3" time="0.008240"/>
        <testcase name="test_project_can_have_estimated_quantity" file="/Users/naveenadicharla/Documents/stonecrusher erp/tests/Feature/ProjectEnhancementsTest.php" line="46" class="Tests\Feature\ProjectEnhancementsTest" classname="Tests.Feature.ProjectEnhancementsTest" assertions="3" time="0.008256"/>
        <testcase name="test_project_progress_must_be_between_0_and_100" file="/Users/naveenadicharla/Documents/stonecrusher erp/tests/Feature/ProjectEnhancementsTest.php" line="65" class="Tests\Feature\ProjectEnhancementsTest" classname="Tests.Feature.ProjectEnhancementsTest" assertions="7" time="0.009377"/>
        <testcase name="test_dashboard_shows_project_statistics" file="/Users/naveenadicharla/Documents/stonecrusher erp/tests/Feature/ProjectEnhancementsTest.php" line="106" class="Tests\Feature\ProjectEnhancementsTest" classname="Tests.Feature.ProjectEnhancementsTest" assertions="5" time="0.010712"/>
        <testcase name="test_dashboard_shows_recent_projects" file="/Users/naveenadicharla/Documents/stonecrusher erp/tests/Feature/ProjectEnhancementsTest.php" line="126" class="Tests\Feature\ProjectEnhancementsTest" classname="Tests.Feature.ProjectEnhancementsTest" assertions="4" time="0.010278"/>
      </testsuite>
      <testsuite name="Tests\Feature\RoleAccessTest" file="/Users/naveenadicharla/Documents/stonecrusher erp/tests/Feature/RoleAccessTest.php" tests="3" assertions="5" errors="0" failures="0" skipped="0" time="0.038970">
        <testcase name="test_admin_can_access_admin_dashboard" file="/Users/naveenadicharla/Documents/stonecrusher erp/tests/Feature/RoleAccessTest.php" line="27" class="Tests\Feature\RoleAccessTest" classname="Tests.Feature.RoleAccessTest" assertions="2" time="0.010130"/>
        <testcase name="test_user_cannot_access_admin_dashboard" file="/Users/naveenadicharla/Documents/stonecrusher erp/tests/Feature/RoleAccessTest.php" line="38" class="Tests\Feature\RoleAccessTest" classname="Tests.Feature.RoleAccessTest" assertions="1" time="0.007895"/>
        <testcase name="test_user_can_access_user_dashboard" file="/Users/naveenadicharla/Documents/stonecrusher erp/tests/Feature/RoleAccessTest.php" line="48" class="Tests\Feature\RoleAccessTest" classname="Tests.Feature.RoleAccessTest" assertions="2" time="0.020945"/>
      </testsuite>
      <testsuite name="Tests\Feature\SaveLocationTest" file="/Users/naveenadicharla/Documents/stonecrusher erp/tests/Feature/SaveLocationTest.php" tests="1" assertions="3" errors="0" failures="0" skipped="0" time="0.229031">
        <testcase name="test_save_location_flow" file="/Users/naveenadicharla/Documents/stonecrusher erp/tests/Feature/SaveLocationTest.php" line="18" class="Tests\Feature\SaveLocationTest" classname="Tests.Feature.SaveLocationTest" assertions="3" time="0.229031"/>
      </testsuite>
      <testsuite name="Tests\Feature\SettingsTest" file="/Users/naveenadicharla/Documents/stonecrusher erp/tests/Feature/SettingsTest.php" tests="11" assertions="26" errors="0" failures="0" skipped="0" time="0.125418">
        <testcase name="test_setting_helper_function_works" file="/Users/naveenadicharla/Documents/stonecrusher erp/tests/Feature/SettingsTest.php" line="29" class="Tests\Feature\SettingsTest" classname="Tests.Feature.SettingsTest" assertions="1" time="0.008026"/>
        <testcase name="test_setting_helper_returns_default_for_missing_key" file="/Users/naveenadicharla/Documents/stonecrusher erp/tests/Feature/SettingsTest.php" line="36" class="Tests\Feature\SettingsTest" classname="Tests.Feature.SettingsTest" assertions="1" time="0.008586"/>
        <testcase name="test_setting_helper_uses_cache" file="/Users/naveenadicharla/Documents/stonecrusher erp/tests/Feature/SettingsTest.php" line="43" class="Tests\Feature\SettingsTest" classname="Tests.Feature.SettingsTest" assertions="2" time="0.007068"/>
        <testcase name="test_cache_invalidates_on_setting_update" file="/Users/naveenadicharla/Documents/stonecrusher erp/tests/Feature/SettingsTest.php" line="57" class="Tests\Feature\SettingsTest" classname="Tests.Feature.SettingsTest" assertions="3" time="0.007004"/>
        <testcase name="test_admin_can_access_settings_page" file="/Users/naveenadicharla/Documents/stonecrusher erp/tests/Feature/SettingsTest.php" line="73" class="Tests\Feature\SettingsTest" classname="Tests.Feature.SettingsTest" assertions="3" time="0.011585"/>
        <testcase name="test_user_cannot_access_settings_page" file="/Users/naveenadicharla/Documents/stonecrusher erp/tests/Feature/SettingsTest.php" line="85" class="Tests\Feature\SettingsTest" classname="Tests.Feature.SettingsTest" assertions="1" time="0.012108"/>
        <testcase name="test_guest_cannot_access_settings_page" file="/Users/naveenadicharla/Documents/stonecrusher erp/tests/Feature/SettingsTest.php" line="95" class="Tests\Feature\SettingsTest" classname="Tests.Feature.SettingsTest" assertions="2" time="0.010290"/>
        <testcase name="test_admin_can_update_settings" file="/Users/naveenadicharla/Documents/stonecrusher erp/tests/Feature/SettingsTest.php" line="102" class="Tests\Feature\SettingsTest" classname="Tests.Feature.SettingsTest" assertions="6" time="0.010764"/>
        <testcase name="test_settings_validation_works" file="/Users/naveenadicharla/Documents/stonecrusher erp/tests/Feature/SettingsTest.php" line="130" class="Tests\Feature\SettingsTest" classname="Tests.Feature.SettingsTest" assertions="4" time="0.010759"/>
        <testcase name="test_sidebar_shows_settings_for_admin" file="/Users/naveenadicharla/Documents/stonecrusher erp/tests/Feature/SettingsTest.php" line="152" class="Tests\Feature\SettingsTest" classname="Tests.Feature.SettingsTest" assertions="2" time="0.012699"/>
        <testcase name="test_sidebar_does_not_show_settings_for_user" file="/Users/naveenadicharla/Documents/stonecrusher erp/tests/Feature/SettingsTest.php" line="163" class="Tests\Feature\SettingsTest" classname="Tests.Feature.SettingsTest" assertions="1" time="0.026528"/>
      </testsuite>
      <testsuite name="Tests\Feature\TablerLayoutTest" file="/Users/naveenadicharla/Documents/stonecrusher erp/tests/Feature/TablerLayoutTest.php" tests="2" assertions="8" errors="0" failures="0" skipped="0" time="0.034549">
        <testcase name="test_admin_dashboard_uses_tabler_layout" file="/Users/naveenadicharla/Documents/stonecrusher erp/tests/Feature/TablerLayoutTest.php" line="26" class="Tests\Feature\TablerLayoutTest" classname="Tests.Feature.TablerLayoutTest" assertions="4" time="0.010370"/>
        <testcase name="test_user_dashboard_uses_tabler_layout" file="/Users/naveenadicharla/Documents/stonecrusher erp/tests/Feature/TablerLayoutTest.php" line="39" class="Tests\Feature\TablerLayoutTest" classname="Tests.Feature.TablerLayoutTest" assertions="4" time="0.024179"/>
      </testsuite>
      <testsuite name="Tests\Feature\TransportBillableTest" file="/Users/naveenadicharla/Documents/stonecrusher erp/tests/Feature/TransportBillableTest.php" tests="1" assertions="7" errors="0" failures="0" skipped="0" time="0.013412">
        <testcase name="test_transport_billable_logic" file="/Users/naveenadicharla/Documents/stonecrusher erp/tests/Feature/TransportBillableTest.php" line="17" class="Tests\Feature\TransportBillableTest" classname="Tests.Feature.TransportBillableTest" assertions="7" time="0.013412"/>
      </testsuite>
      <testsuite name="Tests\Feature\UserManagementTest" file="/Users/naveenadicharla/Documents/stonecrusher erp/tests/Feature/UserManagementTest.php" tests="13" assertions="28" errors="0" failures="0" skipped="0" time="0.126685">
        <testcase name="test_admin_can_view_users_list" file="/Users/naveenadicharla/Documents/stonecrusher erp/tests/Feature/UserManagementTest.php" line="25" class="Tests\Feature\UserManagementTest" classname="Tests.Feature.UserManagementTest" assertions="2" time="0.010766"/>
        <testcase name="test_non_admin_cannot_view_users_list" file="/Users/naveenadicharla/Documents/stonecrusher erp/tests/Feature/UserManagementTest.php" line="36" class="Tests\Feature\UserManagementTest" classname="Tests.Feature.UserManagementTest" assertions="1" time="0.011175"/>
        <testcase name="test_admin_can_create_user" file="/Users/naveenadicharla/Documents/stonecrusher erp/tests/Feature/UserManagementTest.php" line="46" class="Tests\Feature\UserManagementTest" classname="Tests.Feature.UserManagementTest" assertions="3" time="0.009647"/>
        <testcase name="test_admin_can_update_user" file="/Users/naveenadicharla/Documents/stonecrusher erp/tests/Feature/UserManagementTest.php" line="72" class="Tests\Feature\UserManagementTest" classname="Tests.Feature.UserManagementTest" assertions="3" time="0.009414"/>
        <testcase name="test_admin_cannot_remove_own_admin_role" file="/Users/naveenadicharla/Documents/stonecrusher erp/tests/Feature/UserManagementTest.php" line="96" class="Tests\Feature\UserManagementTest" classname="Tests.Feature.UserManagementTest" assertions="2" time="0.007558"/>
        <testcase name="test_admin_can_toggle_user_status" file="/Users/naveenadicharla/Documents/stonecrusher erp/tests/Feature/UserManagementTest.php" line="112" class="Tests\Feature\UserManagementTest" classname="Tests.Feature.UserManagementTest" assertions="2" time="0.009964"/>
        <testcase name="test_admin_cannot_deactivate_self" file="/Users/naveenadicharla/Documents/stonecrusher erp/tests/Feature/UserManagementTest.php" line="128" class="Tests\Feature\UserManagementTest" classname="Tests.Feature.UserManagementTest" assertions="2" time="0.008242"/>
        <testcase name="test_admin_can_delete_user" file="/Users/naveenadicharla/Documents/stonecrusher erp/tests/Feature/UserManagementTest.php" line="139" class="Tests\Feature\UserManagementTest" classname="Tests.Feature.UserManagementTest" assertions="3" time="0.008899"/>
        <testcase name="test_admin_cannot_delete_self" file="/Users/naveenadicharla/Documents/stonecrusher erp/tests/Feature/UserManagementTest.php" line="153" class="Tests\Feature\UserManagementTest" classname="Tests.Feature.UserManagementTest" assertions="2" time="0.007426"/>
        <testcase name="test_admin_can_reset_user_password" file="/Users/naveenadicharla/Documents/stonecrusher erp/tests/Feature/UserManagementTest.php" line="164" class="Tests\Feature\UserManagementTest" classname="Tests.Feature.UserManagementTest" assertions="2" time="0.010695"/>
        <testcase name="test_user_search_works" file="/Users/naveenadicharla/Documents/stonecrusher erp/tests/Feature/UserManagementTest.php" line="183" class="Tests\Feature\UserManagementTest" classname="Tests.Feature.UserManagementTest" assertions="2" time="0.012940"/>
        <testcase name="test_user_filter_by_role_works" file="/Users/naveenadicharla/Documents/stonecrusher erp/tests/Feature/UserManagementTest.php" line="197" class="Tests\Feature\UserManagementTest" classname="Tests.Feature.UserManagementTest" assertions="2" time="0.010743"/>
        <testcase name="test_validation_prevents_duplicate_email" file="/Users/naveenadicharla/Documents/stonecrusher erp/tests/Feature/UserManagementTest.php" line="211" class="Tests\Feature\UserManagementTest" classname="Tests.Feature.UserManagementTest" assertions="2" time="0.009215"/>
      </testsuite>
    </testsuite>
  </testsuite>
</testsuites>
