<?xml version="1.0" encoding="UTF-8"?>
<testsuites>
  <testsuite name="Tests\Feature\ComponentRenderingTest" file="/Users/naveenadicharla/Documents/stonecrusher erp/tests/Feature/ComponentRenderingTest.php" tests="7" assertions="13" errors="0" failures="6" skipped="0" time="0.300945">
    <testcase name="test_admin_dashboard_renders_components" file="/Users/naveenadicharla/Documents/stonecrusher erp/tests/Feature/ComponentRenderingTest.php" line="24" class="Tests\Feature\ComponentRenderingTest" classname="Tests.Feature.ComponentRenderingTest" assertions="2" time="0.159873">
      <failure type="PHPUnit\Framework\ExpectationFailedException">Tests\Feature\ComponentRenderingTest::test_admin_dashboard_renders_components
Failed asserting that '&lt;!doctype html&gt;\n
&lt;html lang="en"&gt;\n
\n
&lt;head&gt;\n
    &lt;meta charset="utf-8" /&gt;\n
    &lt;meta name="viewport" content="width=device-width, initial-scale=1, viewport-fit=cover" /&gt;\n
    &lt;meta http-equiv="X-UA-Compatible" content="ie=edge" /&gt;\n
    &lt;title&gt;Laravel&lt;/title&gt;\n
    &lt;!-- Tabler Core --&gt;\n
    &lt;link rel="preload" as="style" href="http://localhost/build/assets/app-V_YdMXZc.css" /&gt;&lt;link rel="modulepreload" as="script" href="http://localhost/build/assets/app-DvwDWKMY.js" /&gt;&lt;link rel="stylesheet" href="http://localhost/build/assets/app-V_YdMXZc.css" /&gt;&lt;script type="module" src="http://localhost/build/assets/app-DvwDWKMY.js"&gt;&lt;/script&gt;    &lt;link rel="preconnect" href="https://fonts.googleapis.com"&gt;\n
    &lt;link rel="preconnect" href="https://fonts.gstatic.com" crossorigin&gt;\n
    &lt;link href="https://fonts.googleapis.com/css2?family=Inter:wght@300;400;500;600;700&amp;display=swap" rel="stylesheet"&gt;\n
    &lt;/head&gt;\n
\n
&lt;body&gt;\n
    &lt;div class="page"&gt;\n
        &lt;!-- Sidebar --&gt;\n
        &lt;aside class="navbar navbar-vertical navbar-expand-lg navbar-dark border-end-0 shadow-lg premium-sidebar"&gt;\n
    &lt;div class="container-fluid px-0 h-100 d-flex flex-column"&gt;\n
\n
        &lt;!-- Sidebar Header (Logo) --&gt;\n
        &lt;div class="brand-section px-4 py-4 d-none d-lg-block"&gt;\n
            &lt;a href="http://localhost/admin/dashboard" class="brand-link group"&gt;\n
                &lt;div class="brand-icon shadow-premium"&gt;\n
                    &lt;svg xmlns="http://www.w3.org/2000/svg" class="icon icon-tabler icon-tabler-building-fortress" width="24"\n
                        height="24" viewBox="0 0 24 24" stroke-width="2" stroke="currentColor" fill="none"\n
                        stroke-linecap="round" stroke-linejoin="round"&gt;\n
                        &lt;path stroke="none" d="M0 0h24v24H0z" fill="none" /&gt;\n
                        &lt;path d="M7 21h1a1 1 0 0 0 1 -1v-1h0a3 3 0 0 1 6 0h0v1a1 1 0 0 0 1 1h1" /&gt;\n
                        &lt;path d="M5 21v-7m0 -4v-5a2 2 0 1 1 4 0v5m0 -4h6m0 4v-5a2 2 0 1 1 4 0v5m0 -4v7" /&gt;\n
                        &lt;path d="M11 14h2" /&gt;\n
                    &lt;/svg&gt;\n
                &lt;/div&gt;\n
                &lt;div class="brand-text"&gt;\n
                    &lt;span class="brand-name"&gt;Laravel&lt;/span&gt;\n
                    &lt;span class="brand-tag"&gt;ERP SYSTEM&lt;/span&gt;\n
                &lt;/div&gt;\n
            &lt;/a&gt;\n
        &lt;/div&gt;\n
\n
        &lt;div class="sidebar-content flex-fill overflow-y-auto" id="sidebar-menu"&gt;\n
            &lt;!-- Mobile Sidebar Header --&gt;\n
            &lt;div class="d-lg-none d-flex align-items-center justify-content-between p-4 border-bottom border-white-10"&gt;\n
                &lt;div class="h3 mb-0 fw-bold text-white tracking-wide"&gt;Laravel&lt;/div&gt;\n
                &lt;button type="button" class="btn-close btn-close-white" id="mobile-menu-close" aria-label="Close"&gt;&lt;/button&gt;\n
            &lt;/div&gt;\n
\n
            &lt;ul class="navbar-nav py-3 d-flex flex-column gap-1"&gt;\n
                &lt;!-- Dashboard --&gt;\n
                &lt;li class="nav-item"&gt;\n
                    &lt;a class="nav-link active"\n
                        href="http://localhost/admin/dashboard"&gt;\n
                        &lt;span class="nav-link-icon"&gt;\n
                            &lt;svg xmlns="http://www.w3.org/2000/svg" class="icon" width="24" height="24" viewBox="0 0 24 24" stroke-width="2"\n
                                stroke="currentColor" fill="none" stroke-linecap="round" stroke-linejoin="round"&gt;\n
                                &lt;path stroke="none" d="M0 0h24v24H0z" fill="none" /&gt;\n
                                &lt;path d="M5 12l-2 0l9 -9l9 9l-2 0" /&gt;\n
                                &lt;path d="M5 12v7a2 2 0 0 0 2 2h10a2 2 0 0 0 2 -2v-7" /&gt;\n
                                &lt;path d="M9 21v-6a2 2 0 0 1 2 -2h2a2 2 0 0 1 2 2v6" /&gt;\n
                            &lt;/svg&gt;\n
                        &lt;/span&gt;\n
                        &lt;span class="nav-link-title"&gt;Dashboard&lt;/span&gt;\n
                    &lt;/a&gt;\n
                &lt;/li&gt;\n
\n
                &lt;!-- Quick Actions Section --&gt;\n
                &lt;li class="nav-item"&gt;\n
                    &lt;div class="sidebar-section-header"&gt;Fast Entry&lt;/div&gt;\n
                &lt;/li&gt;\n
                &lt;li class="nav-item"&gt;\n
                    &lt;a class="nav-link text-primary-emphasis" href="http://localhost/gate-passes/create"&gt;\n
                        &lt;span class="nav-link-icon"&gt;\n
                            &lt;svg xmlns="http://www.w3.org/2000/svg" class="icon icon-tabler icon-tabler-plus" width="24" height="24"\n
                                viewBox="0 0 24 24" stroke-width="2" stroke="currentColor" fill="none" stroke-linecap="round"\n
                                stroke-linejoin="round"&gt;\n
                                &lt;path stroke="none" d="M0 0h24v24H0z" fill="none" /&gt;\n
                                &lt;path d="M12 5l0 14" /&gt;\n
                                &lt;path d="M5 12l14 0" /&gt;\n
                            &lt;/svg&gt;\n
                        &lt;/span&gt;\n
                        &lt;span class="nav-link-title"&gt;New Entry&lt;/span&gt;\n
                        &lt;/a&gt;\n
                        &lt;/li&gt;\n
                        &lt;li class="nav-item"&gt;\n
                            &lt;a class="nav-link text-info-emphasis" href="http://localhost/clients"&gt;\n
                                &lt;span class="nav-link-icon"&gt;\n
                                    &lt;svg xmlns="http://www.w3.org/2000/svg" class="icon icon-tabler icon-tabler-users" width="24" height="24"\n
                                        viewBox="0 0 24 24" stroke-width="2" stroke="currentColor" fill="none" stroke-linecap="round"\n
                                        stroke-linejoin="round"&gt;\n
                                        &lt;path stroke="none" d="M0 0h24v24H0z" fill="none" /&gt;\n
                                        &lt;path d="M9 7m-4 0a4 4 0 1 0 8 0a4 4 0 1 0 -8 0" /&gt;\n
                                        &lt;path d="M3 21v-2a4 4 0 0 1 4 -4h4a4 4 0 0 1 4 4v2" /&gt;\n
                                    &lt;/svg&gt;\n
                                &lt;/span&gt;\n
                                &lt;span class="nav-link-title"&gt;Client List&lt;/span&gt;\n
                    &lt;/a&gt;\n
                &lt;/li&gt;\n
                &lt;li class="nav-item"&gt;\n
                    &lt;a class="nav-link text-success-emphasis" href="http://localhost/attendance/bulk"&gt;\n
                        &lt;span class="nav-link-icon"&gt;\n
                            &lt;svg xmlns="http://www.w3.org/2000/svg" class="icon icon-tabler icon-tabler-user-check" width="24" height="24"\n
                                viewBox="0 0 24 24" stroke-width="2" stroke="currentColor" fill="none" stroke-linecap="round"\n
                                stroke-linejoin="round"&gt;\n
                                &lt;path stroke="none" d="M0 0h24v24H0z" fill="none" /&gt;\n
                                &lt;path d="M8 7a4 4 0 1 0 8 0a4 4 0 0 0 -8 0" /&gt;\n
                                &lt;path d="M6 21v-2a4 4 0 0 1 4 -4h4" /&gt;\n
                                &lt;path d="M15 19l2 2l4 -4" /&gt;\n
                            &lt;/svg&gt;\n
                        &lt;/span&gt;\n
                        &lt;span class="nav-link-title"&gt;Attendance&lt;/span&gt;\n
                    &lt;/a&gt;\n
                &lt;/li&gt;\n
                &lt;li class="nav-item"&gt;\n
                    &lt;a class="nav-link text-warning-emphasis" href="http://localhost/salary-advances/create"&gt;\n
                        &lt;span class="nav-link-icon"&gt;\n
                            &lt;svg xmlns="http://www.w3.org/2000/svg" class="icon icon-tabler icon-tabler-cash" width="24" height="24"\n
                                viewBox="0 0 24 24" stroke-width="2" stroke="currentColor" fill="none" stroke-linecap="round"\n
                                stroke-linejoin="round"&gt;\n
                                &lt;path stroke="none" d="M0 0h24v24H0z" fill="none" /&gt;\n
                                &lt;path d="M7 9m0 2a2 2 0 0 1 2 -2h10a2 2 0 0 1 2 2v6a2 2 0 0 1 -2 2h-10a2 2 0 0 1 -2 -2z" /&gt;\n
                                &lt;path d="M18 12s-2.5 2 -5.5 2s-5.5 -2 -5.5 -2" /&gt;\n
                            &lt;/svg&gt;\n
                        &lt;/span&gt;\n
                        &lt;span class="nav-link-title"&gt;Advance Salary&lt;/span&gt;\n
                    &lt;/a&gt;\n
                &lt;/li&gt;\n
\n
                &lt;!-- Tasks Section --&gt;\n
                &lt;li class="nav-item"&gt;\n
                    &lt;div class="sidebar-section-header"&gt;Office Work&lt;/div&gt;\n
                &lt;/li&gt;\n
                &lt;li class="nav-item dropdown" x-data="{ open: false }"&gt;\n
                    &lt;a class="nav-link dropdown-toggle"\n
                        :class="{ 'show': open, 'active': false }"\n
                        href="#navbar-operations" @click.prevent="open = !open" role="button" :aria-expanded="open"&gt;\n
                        &lt;span class="nav-link-icon"&gt;\n
                            &lt;svg xmlns="http://www.w3.org/2000/svg" class="icon" width="24" height="24" viewBox="0 0 24 24" stroke-width="2"\n
                                stroke="currentColor" fill="none" stroke-linecap="round" stroke-linejoin="round"&gt;\n
                                &lt;path stroke="none" d="M0 0h24v24H0z" fill="none" /&gt;\n
                                &lt;path d="M12 3l8 4.5l0 9l-8 4.5l-8 -4.5l0 -9l8 -4.5" /&gt;\n
                                &lt;path d="M12 12l8 -4.5" /&gt;\n
                                &lt;path d="M12 12l0 9" /&gt;\n
                                &lt;path d="M12 12l-8 -4.5" /&gt;\n
                            &lt;/svg&gt;\n
                        &lt;/span&gt;\n
                        &lt;span class="nav-link-title"&gt;Gate Passes&lt;/span&gt;\n
                    &lt;/a&gt;\n
                    &lt;div class="dropdown-menu" :class="{ 'show': open }"&gt;\n
                        &lt;a class="dropdown-item "\n
                            href="http://localhost/gate-passes/create"&gt;Add New&lt;/a&gt;\n
                        &lt;a class="dropdown-item "\n
                            href="http://localhost/gate-passes"&gt;History&lt;/a&gt;\n
                        &lt;a class="dropdown-item "\n
                            href="http://localhost/gate-passes/calculator"&gt;Calculator&lt;/a&gt;\n
                        &lt;a class="dropdown-item "\n
                            href="http://localhost/gate-passes/daily-report"&gt;Daily Report&lt;/a&gt;\n
                    &lt;/div&gt;\n
                &lt;/li&gt;\n
                &lt;li class="nav-item"&gt;\n
                    &lt;a class="nav-link "\n
                        href="http://localhost/daily-closings"&gt;\n
                        &lt;span class="nav-link-icon"&gt;\n
                            &lt;svg xmlns="http://www.w3.org/2000/svg" class="icon" width="24" height="24" viewBox="0 0 24 24" stroke-width="2"\n
                                stroke="currentColor" fill="none" stroke-linecap="round" stroke-linejoin="round"&gt;\n
                                &lt;path stroke="none" d="M0 0h24v24H0z" fill="none" /&gt;\n
                                &lt;path d="M5 11m0 2a2 2 0 0 1 2 -2h10a2 2 0 0 1 2 2v6a2 2 0 0 1 -2 2h-10a2 2 0 0 1 -2 -2z" /&gt;\n
                                &lt;path d="M8 11v-4a4 4 0 1 1 8 0" /&gt;\n
                            &lt;/svg&gt;\n
                        &lt;/span&gt;\n
                        &lt;span class="nav-link-title"&gt;Day Close&lt;/span&gt;\n
                    &lt;/a&gt;\n
                &lt;/li&gt;\n
                &lt;li class="nav-item"&gt;\n
                    &lt;a class="nav-link " href="http://localhost/projects"&gt;\n
                        &lt;span class="nav-link-icon"&gt;\n
                            &lt;svg xmlns="http://www.w3.org/2000/svg" class="icon" width="24" height="24" viewBox="0 0 24 24" stroke-width="2"\n
                                stroke="currentColor" fill="none" stroke-linecap="round" stroke-linejoin="round"&gt;\n
                                &lt;path stroke="none" d="M0 0h24v24H0z" fill="none" /&gt;\n
                                &lt;path d="M3 21v-13l9 -4l9 4v13" /&gt;\n
                                &lt;path d="M13 13h4v8h-10v-6h6" /&gt;\n
                            &lt;/svg&gt;\n
                        &lt;/span&gt;\n
                        &lt;span class="nav-link-title"&gt;All Projects&lt;/span&gt;\n
                    &lt;/a&gt;\n
                &lt;/li&gt;\n
\n
                &lt;!-- CRM Section --&gt;\n
                &lt;li class="nav-item"&gt;\n
                    &lt;div class="sidebar-section-header"&gt;Our Clients&lt;/div&gt;\n
                &lt;/li&gt;\n
                &lt;li class="nav-item dropdown" x-data="{ open: false }"&gt;\n
                    &lt;a class="nav-link dropdown-toggle"\n
                        :class="{ 'show': open, 'active': false }" href="#navbar-crm"\n
                        @click.prevent="open = !open" role="button" :aria-expanded="open"&gt;\n
                        &lt;span class="nav-link-icon"&gt;\n
                            &lt;svg xmlns="http://www.w3.org/2000/svg" class="icon" width="24" height="24" viewBox="0 0 24 24" stroke-width="2"\n
                                stroke="currentColor" fill="none" stroke-linecap="round" stroke-linejoin="round"&gt;\n
                                &lt;path stroke="none" d="M0 0h24v24H0z" fill="none" /&gt;\n
                                &lt;path d="M9 7m-4 0a4 4 0 1 0 8 0a4 4 0 1 0 -8 0" /&gt;\n
                                &lt;path d="M3 21v-2a4 4 0 0 1 4 -4h4a4 4 0 0 1 4 4v2" /&gt;\n
                            &lt;/svg&gt;\n
                        &lt;/span&gt;\n
                        &lt;span class="nav-link-title"&gt;Client List&lt;/span&gt;\n
                    &lt;/a&gt;\n
                    &lt;div class="dropdown-menu" :class="{ 'show': open }"&gt;\n
                        &lt;a class="dropdown-item "\n
                            href="http://localhost/clients"&gt;Directory&lt;/a&gt;\n
                        &lt;a class="dropdown-item "\n
                            href="http://localhost/clients/create"&gt;Add New&lt;/a&gt;\n
                    &lt;/div&gt;\n
                &lt;/li&gt;\n
\n
                &lt;!-- Quarry &amp; Crusher Section --&gt;\n
                &lt;li class="nav-item"&gt;\n
                    &lt;div class="sidebar-section-header"&gt;Quarry &amp; Crusher&lt;/div&gt;\n
                &lt;/li&gt;\n
                &lt;li class="nav-item"&gt;\n
                    &lt;a class="nav-link " href="http://localhost/operations/quarry"&gt;\n
                        &lt;span class="nav-link-icon"&gt;\n
                            &lt;svg xmlns="http://www.w3.org/2000/svg" class="icon icon-tabler icon-tabler-shovel" width="24" height="24" viewBox="0 0 24 24" stroke-width="2" stroke="currentColor" fill="none" stroke-linecap="round" stroke-linejoin="round"&gt;\n
                                &lt;path stroke="none" d="M0 0h24v24H0z" fill="none"/&gt;\n
                                &lt;path d="M17 4l3 3" /&gt;\n
                                &lt;path d="M18.5 5.5l-8.5 8.5" /&gt;\n
                                &lt;path d="M8.5 12.5l-2.5 2.5a2 2 0 1 0 2.828 2.828l2.5 -2.5" /&gt;\n
                                &lt;path d="M13 16l-3 -3" /&gt;\n
                                &lt;path d="M3 21h4" /&gt;\n
                            &lt;/svg&gt;\n
                        &lt;/span&gt;\n
                        &lt;span class="nav-link-title"&gt;Quarry Ops&lt;/span&gt;\n
                    &lt;/a&gt;\n
                &lt;/li&gt;\n
                &lt;li class="nav-item"&gt;\n
                    &lt;a class="nav-link " href="http://localhost/operations/crusher"&gt;\n
                        &lt;span class="nav-link-icon"&gt;\n
                            &lt;svg xmlns="http://www.w3.org/2000/svg" class="icon icon-tabler icon-tabler-hammer" width="24" height="24" viewBox="0 0 24 24" stroke-width="2" stroke="currentColor" fill="none" stroke-linecap="round" stroke-linejoin="round"&gt;\n
                                &lt;path stroke="none" d="M0 0h24v24H0z" fill="none"/&gt;\n
                                &lt;path d="M11.414 10l-7.383 7.414a2 2 0 1 0 2.829 2.828l7.414 -7.386" /&gt;\n
                                &lt;path d="M16.828 8.172l-1.414 -1.414l1.414 -1.414l2.829 2.829l-1.414 1.414z" /&gt;\n
                                &lt;path d="M12.586 9.414l-1.414 -1.414l4.242 -4.243l1.414 1.414z" /&gt;\n
                            &lt;/svg&gt;\n
                        &lt;/span&gt;\n
                        &lt;span class="nav-link-title"&gt;Crusher Ops&lt;/span&gt;\n
                    &lt;/a&gt;\n
                &lt;/li&gt;\n
\n
                &lt;!-- Fleet &amp; Inventory Section --&gt;\n
                &lt;li class="nav-item"&gt;\n
                    &lt;div class="sidebar-section-header"&gt;Vehicles &amp; Fuel&lt;/div&gt;\n
                &lt;/li&gt;\n
                &lt;li class="nav-item"&gt;\n
                    &lt;a class="nav-link " href="http://localhost/vehicles"&gt;\n
                        &lt;span class="nav-link-icon"&gt;\n
                            &lt;svg xmlns="http://www.w3.org/2000/svg" class="icon" width="24" height="24" viewBox="0 0 24 24" stroke-width="2"\n
                                stroke="currentColor" fill="none" stroke-linecap="round" stroke-linejoin="round"&gt;\n
                                &lt;path stroke="none" d="M0 0h24v24H0z" fill="none" /&gt;\n
                                &lt;path d="M7 17m-2 0a2 2 0 1 0 4 0a2 2 0 1 0 -4 0" /&gt;\n
                                &lt;path d="M17 17m-2 0a2 2 0 1 0 4 0a2 2 0 1 0 -4 0" /&gt;\n
                                &lt;path d="M5 17h-2v-11a1 1 0 0 1 1 -1h9v12m-4 0h6m4 0h2v-6h-8m0 -5h5l3 5" /&gt;\n
                            &lt;/svg&gt;\n
                        &lt;/span&gt;\n
                        &lt;span class="nav-link-title"&gt;Our Vehicles&lt;/span&gt;\n
                    &lt;/a&gt;\n
                &lt;/li&gt;\n
                &lt;li class="nav-item"&gt;\n
                    &lt;a class="nav-link "\n
                        href="http://localhost/vehicle-maintenance"&gt;\n
                        &lt;span class="nav-link-icon"&gt;\n
                            &lt;svg xmlns="http://www.w3.org/2000/svg" class="icon" width="24" height="24" viewBox="0 0 24 24" stroke-width="2"\n
                                stroke="currentColor" fill="none" stroke-linecap="round" stroke-linejoin="round"&gt;\n
                                &lt;path stroke="none" d="M0 0h24v24H0z" fill="none" /&gt;\n
                                &lt;path d="M7 10h3v-3l-3.5 -3.5" /&gt;\n
                            &lt;/svg&gt;\n
                        &lt;/span&gt;\n
                        &lt;span class="nav-link-title"&gt;Repair Log&lt;/span&gt;\n
                    &lt;/a&gt;\n
                &lt;/li&gt;\n
                &lt;li class="nav-item"&gt;\n
                    &lt;a class="nav-link " href="http://localhost/diesel"&gt;\n
                        &lt;span class="nav-link-icon"&gt;\n
                            &lt;svg xmlns="http://www.w3.org/2000/svg" class="icon icon-tabler icon-tabler-gas-station" width="24" height="24"\n
                                viewBox="0 0 24 24" stroke-width="2" stroke="currentColor" fill="none" stroke-linecap="round"\n
                                stroke-linejoin="round"&gt;\n
                                &lt;path stroke="none" d="M0 0h24v24H0z" fill="none"&gt;&lt;/path&gt;\n
                                &lt;path d="M14 11h1a2 2 0 0 1 2 2v3a1.5 1.5 0 0 0 3 0v-7l-3 -3"&gt;&lt;/path&gt;\n
                                &lt;path d="M4 20v-14a2 2 0 0 1 2 -2h6a2 2 0 0 1 2 2v14"&gt;&lt;/path&gt;\n
                            &lt;/svg&gt;\n
                        &lt;/span&gt;\n
                        &lt;span class="nav-link-title"&gt;Diesel Used&lt;/span&gt;\n
                    &lt;/a&gt;\n
                &lt;/li&gt;\n
                &lt;li class="nav-item"&gt;\n
                    &lt;a class="nav-link "\n
                        href="http://localhost/diesel-stocks"&gt;\n
                        &lt;span class="nav-link-icon"&gt;\n
                            &lt;svg xmlns="http://www.w3.org/2000/svg" class="icon icon-tabler icon-tabler-barrel" width="24" height="24"\n
                                viewBox="0 0 24 24" stroke-width="2" stroke="currentColor" fill="none" stroke-linecap="round"\n
                                stroke-linejoin="round"&gt;\n
                                &lt;path stroke="none" d="M0 0h24v24H0z" fill="none"&gt;&lt;/path&gt;\n
                                &lt;path d="M10 21v-6m4 0v6"&gt;&lt;/path&gt;\n
                                &lt;path d="M5 7v10c0 1.657 3.134 3 7 3s7 -1.343 7 -3"&gt;&lt;/path&gt;\n
                            &lt;/svg&gt;\n
                        &lt;/span&gt;\n
                        &lt;span class="nav-link-title"&gt;Diesel Stock&lt;/span&gt;\n
                    &lt;/a&gt;\n
                &lt;/li&gt;\n
\n
                &lt;!-- Analytics Section --&gt;\n
                &lt;li class="nav-item"&gt;\n
                    &lt;div class="sidebar-section-header"&gt;Reports&lt;/div&gt;\n
                &lt;/li&gt;\n
                &lt;li class="nav-item dropdown"\n
                    x-data="{ open: false }"&gt;\n
                    &lt;a class="nav-link dropdown-toggle"\n
                        :class="{ 'show': open, 'active': false }"\n
                        href="#navbar-reports" @click.prevent="open = !open" role="button" :aria-expanded="open"&gt;\n
                        &lt;span class="nav-link-icon"&gt;\n
                            &lt;svg xmlns="http://www.w3.org/2000/svg" class="icon" width="24" height="24" viewBox="0 0 24 24" stroke-width="2"\n
                                stroke="currentColor" fill="none" stroke-linecap="round" stroke-linejoin="round"&gt;\n
                                &lt;path stroke="none" d="M0 0h24v24H0z" fill="none" /&gt;\n
                                &lt;path d="M3 12m0 1a1 1 0 0 1 1 -1h4a1 1 0 0 1 1 1v6" /&gt;\n
                            &lt;/svg&gt;\n
                        &lt;/span&gt;\n
                        &lt;span class="nav-link-title"&gt;Report Center&lt;/span&gt;\n
                    &lt;/a&gt;\n
                    &lt;div class="dropdown-menu" :class="{ 'show': open }"&gt;\n
                        &lt;a class="dropdown-item "\n
                            href="http://localhost/reports/daily"&gt;Daily Sales&lt;/a&gt;\n
                        &lt;a class="dropdown-item "\n
                            href="http://localhost/reports/monthly"&gt;Monthly Sales&lt;/a&gt;\n
                        &lt;a class="dropdown-item "\n
                            href="http://localhost/reports/operational-profit-loss"&gt;Operational P&amp;L&lt;/a&gt;\n
                        &lt;a class="dropdown-item "\n
                            href="http://localhost/reports/outstanding"&gt;Debt &amp; Advance&lt;/a&gt;\n
                        &lt;a class="dropdown-item "\n
                            href="http://localhost/gate-passes/distance-report"&gt;Distance Report&lt;/a&gt;\n
                        &lt;a class="dropdown-item "\n
                            href="http://localhost/reports/vehicle-usage"&gt;Vehicle Use&lt;/a&gt;\n
                        &lt;a class="dropdown-item "\n
                            href="http://localhost/reports/custom"&gt;Choose Date&lt;/a&gt;\n
                        &lt;a class="dropdown-item "\n
                            href="http://localhost/attendance/report"&gt;Staff Attendance&lt;/a&gt;\n
                    &lt;/div&gt;\n
                &lt;/li&gt;\n
\n
                &lt;!-- Administration Section --&gt;\n
                                &lt;li class="nav-item"&gt;\n
                    &lt;div class="sidebar-section-header"&gt;Master Data&lt;/div&gt;\n
                &lt;/li&gt;\n
                &lt;li class="nav-item dropdown"\n
                    x-data="{ open: false }"&gt;\n
                    &lt;a class="nav-link dropdown-toggle"\n
                        :class="{ 'show': open, 'active': false }"\n
                        href="#navbar-master-data" @click.prevent="open = !open" role="button" :aria-expanded="open"&gt;\n
                        &lt;span class="nav-link-icon"&gt;\n
                            &lt;svg xmlns="http://www.w3.org/2000/svg" class="icon" width="24" height="24"\n
                                viewBox="0 0 24 24" stroke-width="2" stroke="currentColor" fill="none"\n
                                stroke-linecap="round" stroke-linejoin="round"&gt;\n
                                &lt;path stroke="none" d="M0 0h24v24H0z" fill="none" /&gt;\n
                                &lt;path d="M12 3l8 4.5l0 9l-8 4.5l-8 -4.5l0 -9l8 -4.5" /&gt;\n
                                &lt;path d="M12 12l8 -4.5" /&gt;\n
                                &lt;path d="M12 12l0 9" /&gt;\n
                                &lt;path d="M12 12l-8 -4.5" /&gt;\n
                            &lt;/svg&gt;\n
                        &lt;/span&gt;\n
                        &lt;span class="nav-link-title"&gt;Master Data&lt;/span&gt;\n
                    &lt;/a&gt;\n
                    &lt;div class="dropdown-menu" :class="{ 'show': open }"&gt;\n
                        &lt;a class="dropdown-item " href="http://localhost/clients"&gt;Clients&lt;/a&gt;\n
                        &lt;a class="dropdown-item " href="http://localhost/vehicles"&gt;Vehicles&lt;/a&gt;\n
                        &lt;a class="dropdown-item " href="http://localhost/metal-types"&gt;Metal Types&lt;/a&gt;\n
                        &lt;a class="dropdown-item " href="http://localhost/projects"&gt;Projects&lt;/a&gt;\n
                    &lt;/div&gt;\n
                &lt;/li&gt;\n
\n
                &lt;li class="nav-item"&gt;\n
                    &lt;div class="sidebar-section-header"&gt;System&lt;/div&gt;\n
                &lt;/li&gt;\n
                &lt;li class="nav-item dropdown"\n
                    x-data="{ open: false }"&gt;\n
                    &lt;a class="nav-link dropdown-toggle"\n
                        :class="{ 'show': open, 'active': false }"\n
                        href="#navbar-system" @click.prevent="open = !open" role="button" :aria-expanded="open"&gt;\n
                        &lt;span class="nav-link-icon"&gt;\n
                            &lt;svg xmlns="http://www.w3.org/2000/svg" class="icon" width="24" height="24" viewBox="0 0 24 24" stroke-width="2"\n
                                stroke="currentColor" fill="none" stroke-linecap="round" stroke-linejoin="round"&gt;\n
                                &lt;path stroke="none" d="M0 0h24v24H0z" fill="none" /&gt;\n
                                &lt;path d="M10.325 4.317c.426 -1.756 2.924 -1.756 3.35 0" /&gt;\n
                            &lt;/svg&gt;\n
                        &lt;/span&gt;\n
                        &lt;span class="nav-link-title"&gt;Settings&lt;/span&gt;\n
                    &lt;/a&gt;\n
                    &lt;div class="dropdown-menu" :class="{ 'show': open }"&gt;\n
                        &lt;a class="dropdown-item" href="http://localhost/users"&gt;Manage Users&lt;/a&gt;\n
                        &lt;a class="dropdown-item" href="http://localhost/attendance"&gt;Attendance Logs&lt;/a&gt;\n
                        &lt;div class="dropdown-divider"&gt;&lt;/div&gt;\n
                        &lt;a class="dropdown-item" href="http://localhost/settings"&gt;Global Setup&lt;/a&gt;\n
                        &lt;a class="dropdown-item" href="http://localhost/backups"&gt;System Backups&lt;/a&gt;\n
                    &lt;/div&gt;\n
                &lt;/li&gt;\n
                            &lt;/ul&gt;\n
        &lt;/div&gt;\n
\n
        &lt;!-- Sidebar Footer --&gt;\n
        &lt;div class="px-4 py-3 border-top border-white-10 mt-auto sidebar-status"&gt;\n
            &lt;div class="d-flex align-items-center gap-2"&gt;\n
                &lt;span class="status-indicator-dot dot-online"&gt;&lt;/span&gt;\n
                &lt;span class="small fw-bold text-white-50 opacity-50 uppercase tracking-widest"&gt;System is working&lt;/span&gt;\n
            &lt;/div&gt;\n
        &lt;/div&gt;\n
    &lt;/div&gt;\n
&lt;/aside&gt;\n
&lt;style&gt;\n
    /* Premium Sidebar Design System */\n
    .premium-sidebar {\n
        background: #0f172a !important;\n
        /* Deepest blue base */\n
        position: relative;\n
        overflow: hidden;\n
        height: 100vh;\n
        border-right: 1px solid rgba(255, 255, 255, 0.05) !important;\n
    }\n
\n
    .brand-section {\n
        position: relative;\n
        z-index: 2;\n
        background: rgba(15, 23, 42, 0.82);\n
        backdrop-filter: blur(10px);\n
    }\n
\n
    .brand-link {\n
        display: flex;\n
        align-items: center;\n
        gap: 1rem;\n
        text-decoration: none;\n
        transition: all 0.3s ease;\n
    }\n
\n
    .brand-icon {\n
        background: #3b82f6;\n
        /* Premium Accent */\n
        color: white;\n
        border-radius: 12px;\n
        padding: 0.6rem;\n
        display: flex;\n
        align-items: center;\n
        justify-content: center;\n
        transition: all 0.4s cubic-bezier(0.175, 0.885, 0.32, 1.275);\n
    }\n
\n
    .brand-link:hover .brand-icon {\n
        transform: scale(1.1) rotate(5deg);\n
        box-shadow: 0 0 20px rgba(59, 130, 246, 0.5);\n
    }\n
\n
    .brand-text {\n
        display: flex;\n
        flex-direction: column;\n
    }\n
\n
    .brand-name {\n
        color: white;\n
        font-size: 1.25rem;\n
        font-weight: 800;\n
        line-height: 1;\n
        letter-spacing: -0.025em;\n
        margin-bottom: 0.25rem;\n
    }\n
\n
    .brand-tag {\n
        color: #64748b;\n
        font-size: 0.65rem;\n
        font-weight: 700;\n
        text-transform: uppercase;\n
        letter-spacing: 0.1em;\n
    }\n
\n
    /* Nav Item Modernization */\n
    .navbar-nav .nav-link {\n
        margin: 0.125rem 0.75rem !important;\n
        padding: 0.75rem 1rem !important;\n
        border-radius: 10px !important;\n
        color: #94a3b8 !important;\n
        font-weight: 500 !important;\n
        transition: all 0.23s cubic-bezier(0.4, 0, 0.2, 1) !important;\n
        border: 1px solid transparent !important;\n
        display: flex !important;\n
        align-items: center !important;\n
    }\n
\n
    .navbar-nav .nav-link:hover {\n
        color: #f8fafc !important;\n
        background: rgba(255, 255, 255, 0.04) !important;\n
    }\n
\n
    .navbar-nav .nav-link.active {\n
        background: linear-gradient(90deg, rgba(59, 130, 246, 0.15) 0%, rgba(59, 130, 246, 0.05) 100%) !important;\n
        color: #60a5fa !important;\n
        border: 1px solid rgba(59, 130, 246, 0.2) !important;\n
    }\n
\n
    .nav-link-icon {\n
        margin-right: 0.875rem !important;\n
        opacity: 0.7;\n
        transition: transform 0.2s ease;\n
        display: flex;\n
        align-items: center;\n
    }\n
\n
    .nav-link.active .nav-link-icon {\n
        opacity: 1;\n
        transform: scale(1.1);\n
    }\n
\n
    /* Section Separation */\n
    .sidebar-section-header {\n
        margin-top: 1.5rem;\n
        padding: 0.5rem 1.75rem;\n
        font-size: 0.65rem;\n
        font-weight: 800;\n
        color: #475569 !important;\n
        text-transform: uppercase;\n
        letter-spacing: 0.15em;\n
    }\n
\n
    /* Dropdown Customization */\n
    .navbar-vertical .dropdown-menu {\n
        border-left: 2px solid rgba(255, 255, 255, 0.05) !important;\n
        margin-left: 1.75rem !important;\n
        padding-left: 0.5rem !important;\n
        background: transparent !important;\n
        border-radius: 0 !important;\n
        box-shadow: none !important;\n
    }\n
\n
    .navbar-vertical .dropdown-item {\n
        font-size: 0.825rem !important;\n
        padding: 0.5rem 1rem !important;\n
        color: #64748b !important;\n
        border-radius: 8px !important;\n
        margin: 0.1rem 0 !important;\n
        transition: all 0.2s ease;\n
    }\n
\n
    .navbar-vertical .dropdown-item:hover,\n
    .navbar-vertical .dropdown-item.active {\n
        color: #f8fafc !important;\n
        background: rgba(255, 255, 255, 0.03) !important;\n
    }\n
\n
    /* Status Dot */\n
    .status-indicator-dot {\n
        width: 8px;\n
        height: 8px;\n
        border-radius: 50%;\n
        display: inline-block;\n
    }\n
\n
    .dot-online {\n
        background: #10b981;\n
        box-shadow: 0 0 8px rgba(16, 185, 129, 0.6);\n
    }\n
\n
    /* Scrollbar Sleekness */\n
    .sidebar-content::-webkit-scrollbar {\n
        width: 3px;\n
    }\n
\n
    .sidebar-content::-webkit-scrollbar-thumb {\n
        background: #1e293b;\n
        border-radius: 10px;\n
    }\n
&lt;/style&gt;\n
        &lt;!-- Navbar --&gt;\n
        &lt;header class="navbar navbar-expand-md d-print-none premium-header"&gt;\n
    &lt;div class="container-xl d-flex justify-content-between align-items-center"&gt;\n
        &lt;!-- Sidebar Toggle (Mobile) --&gt;\n
        &lt;button class="btn btn-icon btn-ghost-secondary d-md-none" type="button" id="mobile-menu-trigger" aria-label="Toggle navigation"&gt;\n
            &lt;svg xmlns="http://www.w3.org/2000/svg" class="icon" width="24" height="24" viewBox="0 0 24 24" stroke-width="2" stroke="currentColor" fill="none" stroke-linecap="round" stroke-linejoin="round"&gt;&lt;path stroke="none" d="M0 0h24v24H0z" fill="none" /&gt;&lt;path d="M4 6l16 0" /&gt;&lt;path d="M4 12l16 0" /&gt;&lt;path d="M4 18l16 0" /&gt;&lt;/svg&gt;\n
        &lt;/button&gt;\n
\n
        &lt;!-- Brand Name (Mobile Only) --&gt;\n
        &lt;h1 class="navbar-brand navbar-brand-autodark d-md-none ms-2 me-auto"&gt;\n
            &lt;a href="http://localhost/admin/dashboard" class="text-decoration-none text-dark fw-bold"&gt;\n
                Laravel\n
            &lt;/a&gt;\n
        &lt;/h1&gt;\n
\n
        &lt;!-- Center Search - Premium Styled --&gt;\n
        &lt;div class="d-none d-md-flex search-wrapper"&gt;\n
            &lt;div class="position-relative"&gt;\n
                &lt;svg xmlns="http://www.w3.org/2000/svg" class="icon header-search-icon" width="24" height="24" viewBox="0 0 24 24" stroke-width="2" stroke="currentColor" fill="none" stroke-linecap="round" stroke-linejoin="round"&gt;&lt;path stroke="none" d="M0 0h24v24H0z" fill="none" /&gt;&lt;path d="M10 10m-7 0a7 7 0 1 0 14 0a7 7 0 1 0 -14 0" /&gt;&lt;path d="M21 21l-6 -6" /&gt;&lt;/svg&gt;\n
                &lt;input type="text" class="form-control header-search-input-premium" placeholder="Universal Search (Ctrl + K)..." id="global-search"&gt;\n
            &lt;/div&gt;\n
        &lt;/div&gt;\n
\n
        &lt;!-- Right Side Actions --&gt;\n
        &lt;div class="navbar-nav flex-row order-md-last align-items-center gap-2"&gt;\n
            &lt;!-- Notifications - Premium Badge --&gt;\n
            &lt;div class="nav-item d-none d-md-flex"&gt;\n
                &lt;a href="#" class="nav-link-premium rounded-circle" id="notification-trigger"&gt;\n
                    &lt;svg xmlns="http://www.w3.org/2000/svg" class="icon" width="24" height="24" viewBox="0 0 24 24" stroke-width="2" stroke="currentColor" fill="none" stroke-linecap="round" stroke-linejoin="round"&gt;&lt;path stroke="none" d="M0 0h24v24H0z" fill="none" /&gt;&lt;path d="M10 5a2 2 0 1 1 4 0a7 7 0 0 1 4 6v3a4 4 0 0 0 2 3h-16a4 4 0 0 0 2 -3v-3a7 7 0 0 1 4 -6" /&gt;&lt;path d="M9 17v1a3 3 0 0 0 6 0v-1" /&gt;&lt;/svg&gt;\n
                    &lt;span class="badge-premium-dot"&gt;&lt;/span&gt;\n
                &lt;/a&gt;\n
            &lt;/div&gt;\n
\n
            &lt;!-- User Menu - Refined Profile --&gt;\n
            &lt;div class="nav-item dropdown" x-data="{ open: false }" @click.outside="open = false"&gt;\n
                &lt;a href="#" class="nav-link user-profile-link px-2 d-flex align-items-center" @click.prevent="open = !open" :class="{ 'active': open }"&gt;\n
                    &lt;div class="avatar avatar-sm rounded-12 bg-primary-lt text-primary fw-bold shadow-sm border border-white"&gt;\n
                        A\n
                    &lt;/div&gt;\n
                    &lt;div class="d-none d-xl-block ps-2"&gt;\n
                        &lt;div class="fw-bold text-dark fs-4 lh-1"&gt;Admin User&lt;/div&gt;\n
                        &lt;div class="text-muted small text-uppercase tracking-wider fw-bold" style="font-size: 0.6rem;"&gt;admin&lt;/div&gt;\n
                    &lt;/div&gt;\n
                &lt;/a&gt;\n
                &lt;div class="dropdown-menu dropdown-menu-end dropdown-menu-arrow dropdown-menu-premium" :class="{ 'show': open }"&gt;\n
                    &lt;div class="dropdown-header text-uppercase text-muted fw-bold small"&gt;Account Management&lt;/div&gt;\n
                    &lt;a href="http://localhost/profile" class="dropdown-item d-flex align-items-center gap-2"&gt;\n
                        &lt;div class="icon-box bg-blue-lt"&gt;&lt;svg xmlns="http://www.w3.org/2000/svg" class="icon" width="24" height="24" viewBox="0 0 24 24" stroke-width="2" stroke="currentColor" fill="none" stroke-linecap="round" stroke-linejoin="round"&gt;&lt;path stroke="none" d="M0 0h24v24H0z" fill="none" /&gt;&lt;path d="M12 12m-9 0a9 9 0 1 0 18 0a9 9 0 1 0 -18 0" /&gt;&lt;path d="M12 10m-3 0a3 3 0 1 0 6 0a3 3 0 1 0 -6 0" /&gt;&lt;path d="M6.168 18.849a4 4 0 0 1 3.832 -2.849h4a4 4 0 0 1 3.834 2.855" /&gt;&lt;/svg&gt;&lt;/div&gt;\n
                        Personal Profile\n
                    &lt;/a&gt;\n
                                        &lt;a href="http://localhost/settings" class="dropdown-item d-flex align-items-center gap-2"&gt;\n
                        &lt;div class="icon-box bg-purple-lt"&gt;&lt;svg xmlns="http://www.w3.org/2000/svg" class="icon" width="24" height="24" viewBox="0 0 24 24" stroke-width="2" stroke="currentColor" fill="none" stroke-linecap="round" stroke-linejoin="round"&gt;&lt;path stroke="none" d="M0 0h24v24H0z" fill="none" /&gt;&lt;path d="M10.325 4.317c.426 -1.756 2.924 -1.756 3.35 0a1.724 1.724 0 0 0 2.573 1.066c1.543 -.94 3.31 .826 2.37 2.37a1.724 1.724 0 0 0 1.065 2.572c1.756 .426 1.756 2.924 0 3.35a1.724 1.724 0 0 0 -1.066 2.573c.94 1.543 -.826 3.31 -2.37 2.37a1.724 1.724 0 0 0 -2.572 1.065c-.426 1.756 -2.924 1.756 -3.35 0a1.724 1.724 0 0 0 -2.573 -1.066c-1.543 .94 -3.31 -.826 -2.37 -2.37a1.724 1.724 0 0 0 -1.065 -2.572c-1.756 -.426 -1.756 -2.924 0 -3.35a1.724 1.724 0 0 0 1.066 -2.573c-.94 -1.543 .826 -3.31 2.37 -2.37c1 .608 2.296 .07 2.572 -1.065z" /&gt;&lt;/svg&gt;&lt;/div&gt;\n
                        System Settings\n
                    &lt;/a&gt;\n
                    \n
                    &lt;div class="dropdown-divider"&gt;&lt;/div&gt;\n
                    &lt;form method="POST" action="http://localhost/logout"&gt;\n
                        &lt;input type="hidden" name="_token" value="Hx8u0g2jkLaR7IFbLKU6UeBB5DxwjH96oW1H8CxW" autocomplete="off"&gt;                        &lt;a href="http://localhost/logout" onclick="event.preventDefault(); this.closest('form').submit();" class="dropdown-item d-flex align-items-center gap-2 text-danger fw-bold"&gt;\n
                            &lt;div class="icon-box bg-red-lt"&gt;&lt;svg xmlns="http://www.w3.org/2000/svg" class="icon" width="24" height="24" viewBox="0 0 24 24" stroke-width="2" stroke="currentColor" fill="none" stroke-linecap="round" stroke-linejoin="round"&gt;&lt;path stroke="none" d="M0 0h24v24H0z" fill="none" /&gt;&lt;path d="M14 8v-2a2 2 0 0 0 -2 -2h-7a2 2 0 0 0 -2 2v12a2 2 0 0 0 2 2h7a2 2 0 0 0 2 -2v-2" /&gt;&lt;path d="M9 12h12l-3 -3" /&gt;&lt;/svg&gt;&lt;/div&gt;\n
                            Sign Out\n
                        &lt;/a&gt;\n
                    &lt;/form&gt;\n
                &lt;/div&gt;\n
            &lt;/div&gt;\n
        &lt;/div&gt;\n
    &lt;/div&gt;\n
&lt;/header&gt;\n
\n
&lt;style&gt;\n
.premium-header {\n
    background: rgba(255, 255, 255, 0.7) !important;\n
    backdrop-filter: blur(12px) saturate(180%);\n
    border-bottom: 1px solid rgba(0, 0, 0, 0.05) !important;\n
    position: sticky;\n
    top: 0;\n
    z-index: 1000;\n
}\n
\n
.search-wrapper {\n
    flex: 1;\n
    max-width: 500px;\n
}\n
\n
.header-search-input-premium {\n
    background: #f1f5f9 !important;\n
    border: none !important;\n
    border-radius: 12px !important;\n
    padding-left: 2.75rem !important;\n
    height: 42px !important;\n
    font-size: 0.9rem !important;\n
    transition: all 0.3s ease !important;\n
}\n
\n
.header-search-input-premium:focus {\n
    background: #ffffff !important;\n
    box-shadow: 0 4px 12px rgba(0, 0, 0, 0.05), 0 0 0 2px rgba(59, 130, 246, 0.1) !important;\n
    transform: translateY(-1px);\n
}\n
\n
.header-search-icon {\n
    position: absolute;\n
    left: 1rem;\n
    top: 50%;\n
    transform: translateY(-50%);\n
    color: #94a3b8;\n
    z-index: 1;\n
}\n
\n
.nav-link-premium {\n
    width: 40px;\n
    height: 40px;\n
    display: flex;\n
    align-items: center;\n
    justify-content: center;\n
    color: #64748b;\n
    position: relative;\n
    transition: all 0.2s ease;\n
}\n
\n
.nav-link-premium:hover {\n
    background: #f1f5f9;\n
    color: #0f172a;\n
}\n
\n
.badge-premium-dot {\n
    position: absolute;\n
    top: 10px;\n
    right: 10px;\n
    width: 8px;\n
    height: 8px;\n
    background: #ef4444;\n
    border-radius: 50%;\n
    border: 2px solid white;\n
}\n
\n
.user-profile-link {\n
    background: #f8fafc;\n
    border-radius: 14px;\n
    padding: 0.35rem 0.75rem !important;\n
    transition: all 0.2s ease;\n
    border: 1px solid #e2e8f0;\n
}\n
\n
.user-profile-link:hover, .user-profile-link.active {\n
    background: #ffffff;\n
    box-shadow: 0 2px 8px rgba(0,0,0,0.05);\n
    border-color: #cbd5e1;\n
}\n
\n
.rounded-12 {\n
    border-radius: 12px;\n
}\n
\n
.dropdown-menu-premium {\n
    border: none !important;\n
    box-shadow: 0 20px 25px -5px rgba(0, 0, 0, 0.1), 0 10px 10px -5px rgba(0, 0, 0, 0.04) !important;\n
    border-radius: 16px !important;\n
    padding: 0.75rem !important;\n
    min-width: 240px !important;\n
    margin-top: 0.5rem !important;\n
}\n
\n
.dropdown-item {\n
    padding: 0.65rem 1rem !important;\n
    border-radius: 10px !important;\n
    margin-bottom: 0.2rem;\n
}\n
\n
.icon-box {\n
    width: 32px;\n
    height: 32px;\n
    display: flex;\n
    align-items: center;\n
    justify-content: center;\n
    border-radius: 8px;\n
    margin-right: 1rem;\n
}\n
\n
.icon-box .icon {\n
    width: 18px;\n
    height: 18px;\n
}\n
&lt;/style&gt;\n
        &lt;div class="page-wrapper"&gt;\n
            &lt;!-- Page header --&gt;\n
                            &lt;div class="page-header d-print-none"&gt;\n
                    &lt;div class="container-xl"&gt;\n
                        &lt;div class="row g-2 align-items-center"&gt;\n
                            &lt;div class="col"&gt;\n
                                &lt;div class="row g-2 align-items-center d-print-none"&gt;\n
            &lt;div class="col"&gt;\n
                &lt;div class="page-pretitle text-uppercase fw-bold text-muted" style="letter-spacing: 0.05em;"&gt;Overview&lt;/div&gt;\n
                &lt;h2 class="page-title h1 fw-bold"&gt;Admin Dashboard&lt;/h2&gt;\n
            &lt;/div&gt;\n
            &lt;div class="col-auto ms-auto"&gt;\n
                &lt;div class="btn-list"&gt;\n
                    &lt;span class="d-none d-md-inline-block text-muted me-3"&gt;\n
                        &lt;svg xmlns="http://www.w3.org/2000/svg" class="icon icon-tabler icon-tabler-clock me-1" width="24" height="24" viewBox="0 0 24 24" stroke-width="2" stroke="currentColor" fill="none" stroke-linecap="round" stroke-linejoin="round"&gt;&lt;path stroke="none" d="M0 0h24v24H0z" fill="none"&gt;&lt;/path&gt;&lt;path d="M12 12m-9 0a9 9 0 1 0 18 0a9 9 0 1 0 -18 0"&gt;&lt;/path&gt;&lt;path d="M12 7l0 5l3 3"&gt;&lt;/path&gt;&lt;/svg&gt;\n
                        Last updated: 04:23 PM\n
                    &lt;/span&gt;\n
                    &lt;a href="http://localhost/gate-passes/create" class="btn btn-primary shadow-sm px-4"&gt;\n
                        &lt;svg xmlns="http://www.w3.org/2000/svg" class="icon icon-tabler icon-tabler-plus" width="24" height="24" viewBox="0 0 24 24" stroke-width="2" stroke="currentColor" fill="none" stroke-linecap="round" stroke-linejoin="round"&gt;&lt;path stroke="none" d="M0 0h24v24H0z" fill="none"&gt;&lt;/path&gt;&lt;path d="M12 5l0 14"&gt;&lt;/path&gt;&lt;path d="M5 12l14 0"&gt;&lt;/path&gt;&lt;/svg&gt;\n
                        New Entry\n
                    &lt;/a&gt;\n
                &lt;/div&gt;\n
            &lt;/div&gt;\n
        &lt;/div&gt;\n
                            &lt;/div&gt;\n
                        &lt;/div&gt;\n
                    &lt;/div&gt;\n
                &lt;/div&gt;\n
            \n
            &lt;!-- Page body --&gt;\n
            &lt;div class="page-body"&gt;\n
                &lt;div class="container-xl"&gt;\n
                    &lt;!-- Flash Messages --&gt;\n
                                                                                \n
                    &lt;!-- Welcome --&gt;\n
    &lt;div class="premium-header-card mb-4"&gt;\n
        &lt;div class="row align-items-center"&gt;\n
            &lt;div class="col-md-7"&gt;\n
                &lt;h1 class="text-white fw-bold mb-2"&gt;Welcome back, Admin!&lt;/h1&gt;\n
                &lt;p class="text-white-50 mb-0"&gt;The system is working correctly. Here is what happened today.&lt;/p&gt;\n
            &lt;/div&gt;\n
            &lt;div class="col-md-5 text-md-end mt-4 mt-md-0"&gt;\n
                &lt;div class="d-inline-block text-start p-3 rounded-3" style="background: rgba(255,255,255,0.05); backdrop-filter: blur(10px); border: 1px solid rgba(255,255,255,0.1);"&gt;\n
                    &lt;div class="text-white-50 small text-uppercase fw-bold mb-1" style="letter-spacing: 1px;"&gt;Today's Date&lt;/div&gt;\n
                    &lt;div class="h2 text-white mb-0 fw-bold"&gt;Friday, 22 May 2026&lt;/div&gt;\n
                &lt;/div&gt;\n
            &lt;/div&gt;\n
        &lt;/div&gt;\n
    &lt;/div&gt;\n
\n
    &lt;!-- Today's Stats --&gt;\n
    &lt;div class="premium-stats-grid mb-4"&gt;\n
        &lt;div class="stat-premium-card border-0 shadow-sm"&gt;\n
            &lt;div class="stat-icon-wrapper bg-blue-lt"&gt;\n
                &lt;svg xmlns="http://www.w3.org/2000/svg" class="icon text-blue" width="24" height="24" viewBox="0 0 24 24" stroke-width="2" stroke="currentColor" fill="none" stroke-linecap="round" stroke-linejoin="round"&gt;&lt;path stroke="none" d="M0 0h24v24H0z" fill="none"/&gt;&lt;path d="M7 17m-2 0a2 2 0 1 0 4 0a2 2 0 1 0 -4 0" /&gt;&lt;path d="M17 17m-2 0a2 2 0 1 0 4 0a2 2 0 1 0 -4 0" /&gt;&lt;/svg&gt;\n
            &lt;/div&gt;\n
            &lt;div class="text-muted small fw-bold text-uppercase mb-1" style="letter-spacing: 0.5px;"&gt;Today's Trips&lt;/div&gt;\n
            &lt;div class="h1 mb-0 fw-bold"&gt;0&lt;/div&gt;\n
            &lt;div class="text-muted small mt-2"&gt;Total loads entered&lt;/div&gt;\n
        &lt;/div&gt;\n
\n
        &lt;div class="stat-premium-card border-0 shadow-sm"&gt;\n
            &lt;div class="stat-icon-wrapper bg-green-lt"&gt;\n
                &lt;svg xmlns="http://www.w3.org/2000/svg" class="icon text-green" width="24" height="24" viewBox="0 0 24 24" stroke-width="2" stroke="currentColor" fill="none" stroke-linecap="round" stroke-linejoin="round"&gt;&lt;path stroke="none" d="M0 0h24v24H0z" fill="none"/&gt;&lt;path d="M12 3l8 4.5l0 9l-8 4.5l-8 -4.5l0 -9l8 -4.5" /&gt;&lt;/svg&gt;\n
            &lt;/div&gt;\n
            &lt;div class="text-muted small fw-bold text-uppercase mb-1" style="letter-spacing: 0.5px;"&gt;Today's Material&lt;/div&gt;\n
            &lt;div class="h1 mb-0 fw-bold text-green"&gt;0.0 &lt;span class="fs-6 text-muted fw-normal"&gt;CFT&lt;/span&gt;&lt;/div&gt;\n
            &lt;div class="text-muted small mt-2"&gt;Total material out&lt;/div&gt;\n
        &lt;/div&gt;\n
\n
        &lt;div class="stat-premium-card border-0 shadow-sm"&gt;\n
            &lt;div class="stat-icon-wrapper bg-orange-lt"&gt;\n
                &lt;svg xmlns="http://www.w3.org/2000/svg" class="icon text-orange" width="24" height="24" viewBox="0 0 24 24" stroke-width="2" stroke="currentColor" fill="none" stroke-linecap="round" stroke-linejoin="round"&gt;&lt;path stroke="none" d="M0 0h24v24H0z" fill="none"/&gt;&lt;path d="M16.7 8a3 3 0 1 0 -2.7 -2" /&gt;&lt;path d="M12 8v11m-5 -5h10" /&gt;&lt;/svg&gt;\n
            &lt;/div&gt;\n
            &lt;div class="text-muted small fw-bold text-uppercase mb-1" style="letter-spacing: 0.5px;"&gt;Today's Billing&lt;/div&gt;\n
            &lt;div class="h1 mb-0 fw-bold text-orange"&gt;₹ 0&lt;/div&gt;\n
            &lt;div class="text-muted small mt-2"&gt;Total value of trips&lt;/div&gt;\n
        &lt;/div&gt;\n
\n
        &lt;div class="stat-premium-card border-0 shadow-sm"&gt;\n
            &lt;div class="stat-icon-wrapper bg-purple-lt"&gt;\n
                &lt;svg xmlns="http://www.w3.org/2000/svg" class="icon text-purple" width="24" height="24" viewBox="0 0 24 24" stroke-width="2" stroke="currentColor" fill="none" stroke-linecap="round" stroke-linejoin="round"&gt;&lt;path stroke="none" d="M0 0h24v24H0z" fill="none"/&gt;&lt;path d="M14 11h1a2 2 0 0 1 2 2v3a1.5 1.5 0 0 0 3 0v-7l-3 -3"&gt;&lt;/path&gt;&lt;path d="M4 20v-14a2 2 0 0 1 2 -2h6a2 2 0 0 1 2 2v14"&gt;&lt;/path&gt;&lt;/svg&gt;\n
            &lt;/div&gt;\n
            &lt;div class="text-muted small fw-bold text-uppercase mb-1" style="letter-spacing: 0.5px;"&gt;Today's Diesel&lt;/div&gt;\n
            &lt;div class="h1 mb-0 fw-bold text-purple"&gt;0.0 &lt;span class="fs-6 text-muted fw-normal"&gt;LTRS&lt;/span&gt;&lt;/div&gt;\n
            &lt;div class="text-muted small mt-2"&gt;Total fuel given out&lt;/div&gt;\n
        &lt;/div&gt;\n
    &lt;/div&gt;\n
\n
    &lt;!-- Projects Stats --&gt;\n
    &lt;div class="row row-cards mb-4"&gt;\n
        &lt;div class="col-12"&gt;\n
            &lt;div class="card border-0 shadow-sm"&gt;\n
                &lt;div class="card-header border-0 bg-transparent py-3"&gt;\n
                    &lt;h3 class="card-title fw-bold"&gt;Projects Overview&lt;/h3&gt;\n
                &lt;/div&gt;\n
                &lt;div class="card-body pt-0"&gt;\n
                    &lt;div class="row g-3"&gt;\n
                        &lt;div class="col-6 col-sm-3"&gt;\n
                            &lt;div class="text-muted small fw-bold text-uppercase mb-1"&gt;Total Projects&lt;/div&gt;\n
                            &lt;div class="h2 mb-0 fw-bold"&gt;0&lt;/div&gt;\n
                        &lt;/div&gt;\n
                        &lt;div class="col-6 col-sm-3"&gt;\n
                            &lt;div class="text-muted small fw-bold text-uppercase mb-1"&gt;Active Projects&lt;/div&gt;\n
                            &lt;div class="h2 mb-0 fw-bold text-primary"&gt;0&lt;/div&gt;\n
                        &lt;/div&gt;\n
                        &lt;div class="col-6 col-sm-3"&gt;\n
                            &lt;div class="text-muted small fw-bold text-uppercase mb-1"&gt;Completed Projects&lt;/div&gt;\n
                            &lt;div class="h2 mb-0 fw-bold text-success"&gt;0&lt;/div&gt;\n
                        &lt;/div&gt;\n
                        &lt;div class="col-6 col-sm-3"&gt;\n
                            &lt;div class="text-muted small fw-bold text-uppercase mb-1"&gt;Pending Projects&lt;/div&gt;\n
                            &lt;div class="h2 mb-0 fw-bold text-warning"&gt;0&lt;/div&gt;\n
                        &lt;/div&gt;\n
                    &lt;/div&gt;\n
                &lt;/div&gt;\n
            &lt;/div&gt;\n
        &lt;/div&gt;\n
    &lt;/div&gt;\n
\n
    &lt;!-- Charts Section --&gt;\n
    &lt;div class="row row-cards mb-4"&gt;\n
        &lt;div class="col-lg-8"&gt;\n
            &lt;div class="card border-0 shadow-sm"&gt;\n
                &lt;div class="card-header border-0 bg-transparent py-3"&gt;\n
                    &lt;div&gt;\n
                        &lt;h3 class="card-title fw-bold"&gt;Weekly Sales&lt;/h3&gt;\n
                        &lt;p class="card-subtitle text-muted small"&gt;Sales value vs Material volume (Last 7 Days)&lt;/p&gt;\n
                    &lt;/div&gt;\n
                &lt;/div&gt;\n
                &lt;div class="card-body"&gt;\n
                    &lt;div id="chart-sales-trend" style="min-height: 350px;"&gt;&lt;/div&gt;\n
                &lt;/div&gt;\n
            &lt;/div&gt;\n
        &lt;/div&gt;\n
        &lt;div class="col-lg-4"&gt;\n
            &lt;div class="card border-0 shadow-sm"&gt;\n
                &lt;div class="card-header border-0 bg-transparent py-3"&gt;\n
                    &lt;h3 class="card-title fw-bold"&gt;Material Types&lt;/h3&gt;\n
                &lt;/div&gt;\n
                &lt;div class="card-body pt-0"&gt;\n
                    &lt;div id="chart-material-distribution" style="min-height: 280px;"&gt;&lt;/div&gt;\n
                    &lt;div class="mt-4 pt-3 border-top"&gt;\n
                        &lt;div class="row g-2"&gt;\n
                            &lt;div class="col-6"&gt;\n
                                &lt;div class="text-muted small text-uppercase fw-bold" style="font-size: 0.6rem;"&gt;Monthly Diesel&lt;/div&gt;\n
                                &lt;div class="h3 fw-bold mb-0 text-warning"&gt;0 L&lt;/div&gt;\n
                            &lt;/div&gt;\n
                            &lt;div class="col-6"&gt;\n
                                &lt;div class="text-muted small text-uppercase fw-bold" style="font-size: 0.6rem;"&gt;Repair Costs&lt;/div&gt;\n
                                &lt;div class="h3 fw-bold mb-0 text-danger"&gt;₹ 0&lt;/div&gt;\n
                            &lt;/div&gt;\n
                        &lt;/div&gt;\n
                    &lt;/div&gt;\n
                &lt;/div&gt;\n
            &lt;/div&gt;\n
        &lt;/div&gt;\n
    &lt;/div&gt;\n
\n
    &lt;!-- Secondary Stats --&gt;\n
    &lt;div class="row row-cards"&gt;\n
        &lt;div class="col-md-4"&gt;\n
            &lt;div class="row row-cards"&gt;\n
                &lt;div class="col-12"&gt;\n
                    &lt;div class="card bg-primary-lt border-0 shadow-sm"&gt;\n
                        &lt;div class="card-body p-4 d-flex align-items-center"&gt;\n
                            &lt;div class="icon-box bg-white text-primary rounded-3 me-3" style="width: 48px; height: 48px; display: flex; align-items: center; justify-content: center;"&gt;\n
                                &lt;svg xmlns="http://www.w3.org/2000/svg" class="icon" width="24" height="24" viewBox="0 0 24 24" stroke-width="2" stroke="currentColor" fill="none" stroke-linecap="round" stroke-linejoin="round"&gt;&lt;path stroke="none" d="M0 0h24v24H0z" fill="none"&gt;&lt;/path&gt;&lt;path d="M12 12m-9 0a9 9 0 1 0 18 0a9 9 0 1 0 -18 0"&gt;&lt;/path&gt;&lt;path d="M12 10m-3 0a3 3 0 1 0 6 0a3 3 0 1 0 -6 0"&gt;&lt;/path&gt;&lt;path d="M6.168 18.849a4 4 0 0 1 3.832 -2.849h4a4 4 0 0 1 3.834 2.855"&gt;&lt;/path&gt;&lt;/svg&gt;\n
                            &lt;/div&gt;\n
                            &lt;div&gt;\n
                                &lt;div class="text-muted small fw-bold text-uppercase" style="font-size: 0.65rem;"&gt;Total Clients&lt;/div&gt;\n
                                &lt;div class="h2 mb-0 fw-bold"&gt;0 Active&lt;/div&gt;\n
                            &lt;/div&gt;\n
                        &lt;/div&gt;\n
                    &lt;/div&gt;\n
                &lt;/div&gt;\n
                &lt;div class="col-12"&gt;\n
                    &lt;div class="card bg-azure-lt border-0 shadow-sm"&gt;\n
                        &lt;div class="card-body p-4 d-flex align-items-center"&gt;\n
                            &lt;div class="icon-box bg-white text-azure rounded-3 me-3" style="width: 48px; height: 48px; display: flex; align-items: center; justify-content: center;"&gt;\n
                                &lt;svg xmlns="http://www.w3.org/2000/svg" class="icon" width="24" height="24" viewBox="0 0 24 24" stroke-width="2" stroke="currentColor" fill="none" stroke-linecap="round" stroke-linejoin="round"&gt;&lt;path stroke="none" d="M0 0h24v24H0z" fill="none"&gt;&lt;/path&gt;&lt;path d="M7 17h10"&gt;&lt;/path&gt;&lt;path d="M12 13h5"&gt;&lt;/path&gt;&lt;path d="M15 17h2"&gt;&lt;/path&gt;&lt;path d="M3 17h2"&gt;&lt;/path&gt;&lt;path d="M3 13h2"&gt;&lt;/path&gt;&lt;/svg&gt;\n
                            &lt;/div&gt;\n
                            &lt;div&gt;\n
                                &lt;div class="text-muted small fw-bold text-uppercase" style="font-size: 0.65rem;"&gt;Total Vehicles&lt;/div&gt;\n
                                &lt;div class="h2 mb-0 fw-bold"&gt;0 Works&lt;/div&gt;\n
                            &lt;/div&gt;\n
                        &lt;/div&gt;\n
                    &lt;/div&gt;\n
                &lt;/div&gt;\n
                &lt;div class="col-12"&gt;\n
                    &lt;div class="card border-0 shadow-sm"&gt;\n
                        &lt;div class="card-header border-0 bg-transparent py-3"&gt;\n
                            &lt;h3 class="card-title fw-bold"&gt;Diesel Trend&lt;/h3&gt;\n
                        &lt;/div&gt;\n
                        &lt;div class="card-body pt-0"&gt;\n
                            &lt;div id="chart-diesel-trend" style="height: 120px;"&gt;&lt;/div&gt;\n
                        &lt;/div&gt;\n
                    &lt;/div&gt;\n
                &lt;/div&gt;\n
            &lt;/div&gt;\n
        &lt;/div&gt;\n
\n
        &lt;!-- Recent Projects --&gt;\n
        &lt;div class="col-md-8"&gt;\n
            &lt;div class="card border-0 shadow-sm"&gt;\n
                &lt;div class="card-header border-0 bg-transparent py-3 d-flex justify-content-between align-items-center"&gt;\n
                    &lt;h3 class="card-title fw-bold"&gt;Recent Projects&lt;/h3&gt;\n
                    &lt;a href="http://localhost/projects" class="btn btn-sm btn-light"&gt;View All&lt;/a&gt;\n
                &lt;/div&gt;\n
                &lt;div class="table-responsive"&gt;\n
                    &lt;table class="table table-vcenter table-premium card-table border-0"&gt;\n
                        &lt;thead&gt;\n
                            &lt;tr&gt;\n
                                &lt;th&gt;Project Name&lt;/th&gt;\n
                                &lt;th&gt;Location&lt;/th&gt;\n
                                &lt;th&gt;Progress&lt;/th&gt;\n
                                &lt;th class="text-center"&gt;Active&lt;/th&gt;\n
                            &lt;/tr&gt;\n
                        &lt;/thead&gt;\n
                        &lt;tbody&gt;\n
                                                            &lt;tr&gt;\n
                                    &lt;td colspan="4" class="text-center py-5 text-muted"&gt;No projects found.&lt;/td&gt;\n
                                &lt;/tr&gt;\n
                                                    &lt;/tbody&gt;\n
                    &lt;/table&gt;\n
                &lt;/div&gt;\n
            &lt;/div&gt;\n
        &lt;/div&gt;\n
    &lt;/div&gt;\n
                &lt;/div&gt;\n
            &lt;/div&gt;\n
\n
            &lt;footer class="footer footer-transparent d-print-none"&gt;\n
    &lt;div class="container-xl"&gt;\n
        &lt;div class="row text-center align-items-center flex-row-reverse"&gt;\n
            &lt;div class="col-lg-auto ms-lg-auto"&gt;\n
                &lt;ul class="list-inline list-inline-dots mb-0"&gt;\n
                    &lt;li class="list-inline-item"&gt;\n
                        &lt;a href="#" class="link-secondary" rel="noopener"&gt;Documentation&lt;/a&gt;\n
                    &lt;/li&gt;\n
                    &lt;li class="list-inline-item"&gt;\n
                        &lt;a href="#" class="link-secondary" rel="noopener"&gt;Support&lt;/a&gt;\n
                    &lt;/li&gt;\n
                &lt;/ul&gt;\n
            &lt;/div&gt;\n
            &lt;div class="col-12 col-lg-auto mt-3 mt-lg-0"&gt;\n
                &lt;ul class="list-inline list-inline-dots mb-0"&gt;\n
                    &lt;li class="list-inline-item"&gt;\n
                        Copyright &amp;copy; 2026\n
                        &lt;a href="." class="link-secondary"&gt;Laravel&lt;/a&gt;.\n
                        All rights reserved.\n
                    &lt;/li&gt;\n
                    &lt;li class="list-inline-item"&gt;\n
                        &lt;a href="#" class="link-secondary" rel="noopener"&gt;\n
                            Version 1.0.0\n
                        &lt;/a&gt;\n
                    &lt;/li&gt;\n
                &lt;/ul&gt;\n
            &lt;/div&gt;\n
        &lt;/div&gt;\n
    &lt;/div&gt;\n
&lt;/footer&gt;        &lt;/div&gt;\n
    &lt;/div&gt;\n
            &lt;script src="https://cdn.jsdelivr.net/npm/apexcharts"&gt;&lt;/script&gt;\n
        &lt;script&gt;\n
            document.addEventListener("DOMContentLoaded", function () {\n
                const dates = ["16 May","17 May","18 May","19 May","20 May","21 May","22 May"].reverse();\n
                \n
                // Set Global Apex options\n
                window.Apex = {\n
                    chart: {\n
                        fontFamily: 'Inter, sans-serif',\n
                        toolbar: { show: false },\n
                        animations: { speed: 400 }\n
                    },\n
                    tooltip: { theme: 'dark' }\n
                };\n
\n
                // 1. Sales &amp; Operations Trend\n
                new ApexCharts(document.getElementById('chart-sales-trend'), {\n
                    series: [{\n
                        name: "Revenue (₹)",\n
                        type: "column",\n
                        data: [0,0,0,0,0,0,0].reverse()\n
                    }, {\n
                        name: "Volume (CFT)",\n
                        type: "area",\n
                        data: [0,0,0,0,0,0,0].reverse()\n
                    }],\n
                    chart: { height: 350, type: "line", stacked: false },\n
                    stroke: { width: [0, 3], curve: 'smooth', dashArray: [0, 0] },\n
                    colors: ['#0f172a', '#3b82f6'],\n
                    fill: {\n
                        opacity: [1, 0.15],\n
                        type: ['solid', 'gradient'],\n
                        gradient: { shadeIntensity: 1, opacityFrom: 0.5, opacityTo: 0.1, stops: [0, 100] }\n
                    },\n
                    dataLabels: { enabled: false },\n
                    xaxis: { categories: dates },\n
                    yaxis: [\n
                        { title: { text: "Revenue" }, labels: { formatter: (v) =&gt; "₹"+(v/1000).toFixed(0)+"k" } },\n
                        { opposite: true, title: { text: "Volume (CFT)" } }\n
                    ],\n
                    legend: { position: 'top', horizontalAlign: 'left' },\n
                    grid: { borderColor: '#f1f5f9' }\n
                }).render();\n
\n
                // 2. Material Mix\n
                let materialNames = [];\n
                let materialCounts = [];\n
\n
                if (materialCounts.length &gt; 0) {\n
                    new ApexCharts(document.getElementById('chart-material-distribution'), {\n
                        series: materialCounts,\n
                        chart: { type: "donut", height: 280 },\n
                        labels: materialNames,\n
                        colors: ['#0f172a', '#1e293b', '#3b82f6', '#60a5fa', '#93c5fd'],\n
                        legend: { position: 'bottom' },\n
                        plotOptions: { pie: { donut: { size: '75%', labels: { show: true, total: { show: true, label: 'TOTAL' } } } } }\n
                    }).render();\n
                }\n
\n
                // 3. Mini Diesel Trend\n
                new ApexCharts(document.getElementById('chart-diesel-trend'), {\n
                    series: [{ name: "Diesel (L)", data: [0,0,0,0,0,0,0].reverse() }],\n
                    chart: { type: "area", height: 120, sparkline: { enabled: true } },\n
                    stroke: { width: 3, curve: 'smooth' },\n
                    colors: ['#f59f00'],\n
                    fill: { type: 'gradient', gradient: { opacityFrom: 0.3, opacityTo: 0 } },\n
                    xaxis: { categories: dates }\n
                }).render();\n
            });\n
        &lt;/script&gt;\n
    \n
    &lt;!-- Mobile Backdrop --&gt;\n
    &lt;div class="mobile-backdrop" id="mobile-menu-backdrop"&gt;&lt;/div&gt;\n
\n
    &lt;!-- Mobile Menu Script --&gt;\n
    &lt;script&gt;\n
        document.addEventListener('DOMContentLoaded', function () {\n
            const trigger = document.getElementById('mobile-menu-trigger');\n
            const closeBtn = document.getElementById('mobile-menu-close');\n
            const backdrop = document.getElementById('mobile-menu-backdrop');\n
            const sidebar = document.getElementById('sidebar-menu');\n
\n
            // Global State helpers\n
            window.closeMobileMenu = function () {\n
                if (sidebar) sidebar.classList.remove('show');\n
                if (backdrop) backdrop.classList.remove('show');\n
                document.body.style.overflow = '';\n
            };\n
\n
            window.openMobileMenu = function () {\n
                if (sidebar) sidebar.classList.add('show');\n
                if (backdrop) backdrop.classList.add('show');\n
                document.body.style.overflow = 'hidden';\n
            };\n
\n
            if (trigger) {\n
                trigger.onclick = function (e) {\n
                    e.preventDefault();\n
                    e.stopPropagation();\n
                    console.log('Mobile menu trigger clicked');\n
                    window.openMobileMenu();\n
                };\n
            }\n
\n
            if (closeBtn) {\n
                closeBtn.onclick = function (e) {\n
                    e.preventDefault();\n
                    console.log('Mobile menu close clicked');\n
                    window.closeMobileMenu();\n
                };\n
            }\n
\n
            if (backdrop) {\n
                backdrop.onclick = function () {\n
                    console.log('Mobile menu backdrop clicked');\n
                    window.closeMobileMenu();\n
                };\n
            }\n
\n
            // Link handling\n
            if (sidebar) {\n
                sidebar.addEventListener('click', function (e) {\n
                    // Check if clicked element is a link\n
                    const link = e.target.closest('a.nav-link');\n
                    if (link &amp;&amp; !link.getAttribute('data-bs-toggle')) {\n
                        // Close menu for normal links\n
                        window.closeMobileMenu();\n
                    }\n
                });\n
            }\n
        });\n
    &lt;/script&gt;\n
&lt;/body&gt;\n
\n
&lt;/html&gt;' [UTF-8](length: 60198) contains "Component Library Examples" [ASCII](length: 26).

/Users/naveenadicharla/Documents/stonecrusher erp/vendor/laravel/framework/src/Illuminate/Testing/TestResponseAssert.php:45
/Users/naveenadicharla/Documents/stonecrusher erp/vendor/laravel/framework/src/Illuminate/Testing/TestResponse.php:709
/Users/naveenadicharla/Documents/stonecrusher erp/tests/Feature/ComponentRenderingTest.php:32</failure>
    </testcase>
    <testcase name="test_user_dashboard_renders_components" file="/Users/naveenadicharla/Documents/stonecrusher erp/tests/Feature/ComponentRenderingTest.php" line="37" class="Tests\Feature\ComponentRenderingTest" classname="Tests.Feature.ComponentRenderingTest" assertions="4" time="0.012446"/>
    <testcase name="test_alert_component_renders_correctly" file="/Users/naveenadicharla/Documents/stonecrusher erp/tests/Feature/ComponentRenderingTest.php" line="50" class="Tests\Feature\ComponentRenderingTest" classname="Tests.Feature.ComponentRenderingTest" assertions="1" time="0.012082">
      <failure type="PHPUnit\Framework\ExpectationFailedException">Tests\Feature\ComponentRenderingTest::test_alert_component_renders_correctly
Failed asserting that '&lt;!doctype html&gt;\n
&lt;html lang="en"&gt;\n
\n
&lt;head&gt;\n
    &lt;meta charset="utf-8" /&gt;\n
    &lt;meta name="viewport" content="width=device-width, initial-scale=1, viewport-fit=cover" /&gt;\n
    &lt;meta http-equiv="X-UA-Compatible" content="ie=edge" /&gt;\n
    &lt;title&gt;Laravel&lt;/title&gt;\n
    &lt;!-- Tabler Core --&gt;\n
    &lt;link rel="preload" as="style" href="http://localhost/build/assets/app-V_YdMXZc.css" /&gt;&lt;link rel="modulepreload" as="script" href="http://localhost/build/assets/app-DvwDWKMY.js" /&gt;&lt;link rel="stylesheet" href="http://localhost/build/assets/app-V_YdMXZc.css" /&gt;&lt;script type="module" src="http://localhost/build/assets/app-DvwDWKMY.js"&gt;&lt;/script&gt;    &lt;link rel="preconnect" href="https://fonts.googleapis.com"&gt;\n
    &lt;link rel="preconnect" href="https://fonts.gstatic.com" crossorigin&gt;\n
    &lt;link href="https://fonts.googleapis.com/css2?family=Inter:wght@300;400;500;600;700&amp;display=swap" rel="stylesheet"&gt;\n
    &lt;/head&gt;\n
\n
&lt;body&gt;\n
    &lt;div class="page"&gt;\n
        &lt;!-- Sidebar --&gt;\n
        &lt;aside class="navbar navbar-vertical navbar-expand-lg navbar-dark border-end-0 shadow-lg premium-sidebar"&gt;\n
    &lt;div class="container-fluid px-0 h-100 d-flex flex-column"&gt;\n
\n
        &lt;!-- Sidebar Header (Logo) --&gt;\n
        &lt;div class="brand-section px-4 py-4 d-none d-lg-block"&gt;\n
            &lt;a href="http://localhost/admin/dashboard" class="brand-link group"&gt;\n
                &lt;div class="brand-icon shadow-premium"&gt;\n
                    &lt;svg xmlns="http://www.w3.org/2000/svg" class="icon icon-tabler icon-tabler-building-fortress" width="24"\n
                        height="24" viewBox="0 0 24 24" stroke-width="2" stroke="currentColor" fill="none"\n
                        stroke-linecap="round" stroke-linejoin="round"&gt;\n
                        &lt;path stroke="none" d="M0 0h24v24H0z" fill="none" /&gt;\n
                        &lt;path d="M7 21h1a1 1 0 0 0 1 -1v-1h0a3 3 0 0 1 6 0h0v1a1 1 0 0 0 1 1h1" /&gt;\n
                        &lt;path d="M5 21v-7m0 -4v-5a2 2 0 1 1 4 0v5m0 -4h6m0 4v-5a2 2 0 1 1 4 0v5m0 -4v7" /&gt;\n
                        &lt;path d="M11 14h2" /&gt;\n
                    &lt;/svg&gt;\n
                &lt;/div&gt;\n
                &lt;div class="brand-text"&gt;\n
                    &lt;span class="brand-name"&gt;Laravel&lt;/span&gt;\n
                    &lt;span class="brand-tag"&gt;ERP SYSTEM&lt;/span&gt;\n
                &lt;/div&gt;\n
            &lt;/a&gt;\n
        &lt;/div&gt;\n
\n
        &lt;div class="sidebar-content flex-fill overflow-y-auto" id="sidebar-menu"&gt;\n
            &lt;!-- Mobile Sidebar Header --&gt;\n
            &lt;div class="d-lg-none d-flex align-items-center justify-content-between p-4 border-bottom border-white-10"&gt;\n
                &lt;div class="h3 mb-0 fw-bold text-white tracking-wide"&gt;Laravel&lt;/div&gt;\n
                &lt;button type="button" class="btn-close btn-close-white" id="mobile-menu-close" aria-label="Close"&gt;&lt;/button&gt;\n
            &lt;/div&gt;\n
\n
            &lt;ul class="navbar-nav py-3 d-flex flex-column gap-1"&gt;\n
                &lt;!-- Dashboard --&gt;\n
                &lt;li class="nav-item"&gt;\n
                    &lt;a class="nav-link active"\n
                        href="http://localhost/admin/dashboard"&gt;\n
                        &lt;span class="nav-link-icon"&gt;\n
                            &lt;svg xmlns="http://www.w3.org/2000/svg" class="icon" width="24" height="24" viewBox="0 0 24 24" stroke-width="2"\n
                                stroke="currentColor" fill="none" stroke-linecap="round" stroke-linejoin="round"&gt;\n
                                &lt;path stroke="none" d="M0 0h24v24H0z" fill="none" /&gt;\n
                                &lt;path d="M5 12l-2 0l9 -9l9 9l-2 0" /&gt;\n
                                &lt;path d="M5 12v7a2 2 0 0 0 2 2h10a2 2 0 0 0 2 -2v-7" /&gt;\n
                                &lt;path d="M9 21v-6a2 2 0 0 1 2 -2h2a2 2 0 0 1 2 2v6" /&gt;\n
                            &lt;/svg&gt;\n
                        &lt;/span&gt;\n
                        &lt;span class="nav-link-title"&gt;Dashboard&lt;/span&gt;\n
                    &lt;/a&gt;\n
                &lt;/li&gt;\n
\n
                &lt;!-- Quick Actions Section --&gt;\n
                &lt;li class="nav-item"&gt;\n
                    &lt;div class="sidebar-section-header"&gt;Fast Entry&lt;/div&gt;\n
                &lt;/li&gt;\n
                &lt;li class="nav-item"&gt;\n
                    &lt;a class="nav-link text-primary-emphasis" href="http://localhost/gate-passes/create"&gt;\n
                        &lt;span class="nav-link-icon"&gt;\n
                            &lt;svg xmlns="http://www.w3.org/2000/svg" class="icon icon-tabler icon-tabler-plus" width="24" height="24"\n
                                viewBox="0 0 24 24" stroke-width="2" stroke="currentColor" fill="none" stroke-linecap="round"\n
                                stroke-linejoin="round"&gt;\n
                                &lt;path stroke="none" d="M0 0h24v24H0z" fill="none" /&gt;\n
                                &lt;path d="M12 5l0 14" /&gt;\n
                                &lt;path d="M5 12l14 0" /&gt;\n
                            &lt;/svg&gt;\n
                        &lt;/span&gt;\n
                        &lt;span class="nav-link-title"&gt;New Entry&lt;/span&gt;\n
                        &lt;/a&gt;\n
                        &lt;/li&gt;\n
                        &lt;li class="nav-item"&gt;\n
                            &lt;a class="nav-link text-info-emphasis" href="http://localhost/clients"&gt;\n
                                &lt;span class="nav-link-icon"&gt;\n
                                    &lt;svg xmlns="http://www.w3.org/2000/svg" class="icon icon-tabler icon-tabler-users" width="24" height="24"\n
                                        viewBox="0 0 24 24" stroke-width="2" stroke="currentColor" fill="none" stroke-linecap="round"\n
                                        stroke-linejoin="round"&gt;\n
                                        &lt;path stroke="none" d="M0 0h24v24H0z" fill="none" /&gt;\n
                                        &lt;path d="M9 7m-4 0a4 4 0 1 0 8 0a4 4 0 1 0 -8 0" /&gt;\n
                                        &lt;path d="M3 21v-2a4 4 0 0 1 4 -4h4a4 4 0 0 1 4 4v2" /&gt;\n
                                    &lt;/svg&gt;\n
                                &lt;/span&gt;\n
                                &lt;span class="nav-link-title"&gt;Client List&lt;/span&gt;\n
                    &lt;/a&gt;\n
                &lt;/li&gt;\n
                &lt;li class="nav-item"&gt;\n
                    &lt;a class="nav-link text-success-emphasis" href="http://localhost/attendance/bulk"&gt;\n
                        &lt;span class="nav-link-icon"&gt;\n
                            &lt;svg xmlns="http://www.w3.org/2000/svg" class="icon icon-tabler icon-tabler-user-check" width="24" height="24"\n
                                viewBox="0 0 24 24" stroke-width="2" stroke="currentColor" fill="none" stroke-linecap="round"\n
                                stroke-linejoin="round"&gt;\n
                                &lt;path stroke="none" d="M0 0h24v24H0z" fill="none" /&gt;\n
                                &lt;path d="M8 7a4 4 0 1 0 8 0a4 4 0 0 0 -8 0" /&gt;\n
                                &lt;path d="M6 21v-2a4 4 0 0 1 4 -4h4" /&gt;\n
                                &lt;path d="M15 19l2 2l4 -4" /&gt;\n
                            &lt;/svg&gt;\n
                        &lt;/span&gt;\n
                        &lt;span class="nav-link-title"&gt;Attendance&lt;/span&gt;\n
                    &lt;/a&gt;\n
                &lt;/li&gt;\n
                &lt;li class="nav-item"&gt;\n
                    &lt;a class="nav-link text-warning-emphasis" href="http://localhost/salary-advances/create"&gt;\n
                        &lt;span class="nav-link-icon"&gt;\n
                            &lt;svg xmlns="http://www.w3.org/2000/svg" class="icon icon-tabler icon-tabler-cash" width="24" height="24"\n
                                viewBox="0 0 24 24" stroke-width="2" stroke="currentColor" fill="none" stroke-linecap="round"\n
                                stroke-linejoin="round"&gt;\n
                                &lt;path stroke="none" d="M0 0h24v24H0z" fill="none" /&gt;\n
                                &lt;path d="M7 9m0 2a2 2 0 0 1 2 -2h10a2 2 0 0 1 2 2v6a2 2 0 0 1 -2 2h-10a2 2 0 0 1 -2 -2z" /&gt;\n
                                &lt;path d="M18 12s-2.5 2 -5.5 2s-5.5 -2 -5.5 -2" /&gt;\n
                            &lt;/svg&gt;\n
                        &lt;/span&gt;\n
                        &lt;span class="nav-link-title"&gt;Advance Salary&lt;/span&gt;\n
                    &lt;/a&gt;\n
                &lt;/li&gt;\n
\n
                &lt;!-- Tasks Section --&gt;\n
                &lt;li class="nav-item"&gt;\n
                    &lt;div class="sidebar-section-header"&gt;Office Work&lt;/div&gt;\n
                &lt;/li&gt;\n
                &lt;li class="nav-item dropdown" x-data="{ open: false }"&gt;\n
                    &lt;a class="nav-link dropdown-toggle"\n
                        :class="{ 'show': open, 'active': false }"\n
                        href="#navbar-operations" @click.prevent="open = !open" role="button" :aria-expanded="open"&gt;\n
                        &lt;span class="nav-link-icon"&gt;\n
                            &lt;svg xmlns="http://www.w3.org/2000/svg" class="icon" width="24" height="24" viewBox="0 0 24 24" stroke-width="2"\n
                                stroke="currentColor" fill="none" stroke-linecap="round" stroke-linejoin="round"&gt;\n
                                &lt;path stroke="none" d="M0 0h24v24H0z" fill="none" /&gt;\n
                                &lt;path d="M12 3l8 4.5l0 9l-8 4.5l-8 -4.5l0 -9l8 -4.5" /&gt;\n
                                &lt;path d="M12 12l8 -4.5" /&gt;\n
                                &lt;path d="M12 12l0 9" /&gt;\n
                                &lt;path d="M12 12l-8 -4.5" /&gt;\n
                            &lt;/svg&gt;\n
[...]
                        &lt;div class="text-muted small text-uppercase tracking-wider fw-bold" style="font-size: 0.6rem;"&gt;user&lt;/div&gt;\n
                    &lt;/div&gt;\n
                &lt;/a&gt;\n
                &lt;div class="dropdown-menu dropdown-menu-end dropdown-menu-arrow dropdown-menu-premium" :class="{ 'show': open }"&gt;\n
                    &lt;div class="dropdown-header text-uppercase text-muted fw-bold small"&gt;Account Management&lt;/div&gt;\n
                    &lt;a href="http://localhost/profile" class="dropdown-item d-flex align-items-center gap-2"&gt;\n
                        &lt;div class="icon-box bg-blue-lt"&gt;&lt;svg xmlns="http://www.w3.org/2000/svg" class="icon" width="24" height="24" viewBox="0 0 24 24" stroke-width="2" stroke="currentColor" fill="none" stroke-linecap="round" stroke-linejoin="round"&gt;&lt;path stroke="none" d="M0 0h24v24H0z" fill="none" /&gt;&lt;path d="M12 12m-9 0a9 9 0 1 0 18 0a9 9 0 1 0 -18 0" /&gt;&lt;path d="M12 10m-3 0a3 3 0 1 0 6 0a3 3 0 1 0 -6 0" /&gt;&lt;path d="M6.168 18.849a4 4 0 0 1 3.832 -2.849h4a4 4 0 0 1 3.834 2.855" /&gt;&lt;/svg&gt;&lt;/div&gt;\n
                        Personal Profile\n
                    &lt;/a&gt;\n
                    \n
                    &lt;div class="dropdown-divider"&gt;&lt;/div&gt;\n
                    &lt;form method="POST" action="http://localhost/logout"&gt;\n
                        &lt;input type="hidden" name="_token" value="zCLxgov0eDBVO440ZdUKA2ePNETEzdVlL9XYhWEk" autocomplete="off"&gt;                        &lt;a href="http://localhost/logout" onclick="event.preventDefault(); this.closest('form').submit();" class="dropdown-item d-flex align-items-center gap-2 text-danger fw-bold"&gt;\n
                            &lt;div class="icon-box bg-red-lt"&gt;&lt;svg xmlns="http://www.w3.org/2000/svg" class="icon" width="24" height="24" viewBox="0 0 24 24" stroke-width="2" stroke="currentColor" fill="none" stroke-linecap="round" stroke-linejoin="round"&gt;&lt;path stroke="none" d="M0 0h24v24H0z" fill="none" /&gt;&lt;path d="M14 8v-2a2 2 0 0 0 -2 -2h-7a2 2 0 0 0 -2 2v12a2 2 0 0 0 2 2h7a2 2 0 0 0 2 -2v-2" /&gt;&lt;path d="M9 12h12l-3 -3" /&gt;&lt;/svg&gt;&lt;/div&gt;\n
                            Sign Out\n
                        &lt;/a&gt;\n
                    &lt;/form&gt;\n
                &lt;/div&gt;\n
            &lt;/div&gt;\n
        &lt;/div&gt;\n
    &lt;/div&gt;\n
&lt;/header&gt;\n
\n
&lt;style&gt;\n
.premium-header {\n
    background: rgba(255, 255, 255, 0.7) !important;\n
    backdrop-filter: blur(12px) saturate(180%);\n
    border-bottom: 1px solid rgba(0, 0, 0, 0.05) !important;\n
    position: sticky;\n
    top: 0;\n
    z-index: 1000;\n
}\n
\n
.search-wrapper {\n
    flex: 1;\n
    max-width: 500px;\n
}\n
\n
.header-search-input-premium {\n
    background: #f1f5f9 !important;\n
    border: none !important;\n
    border-radius: 12px !important;\n
    padding-left: 2.75rem !important;\n
    height: 42px !important;\n
    font-size: 0.9rem !important;\n
    transition: all 0.3s ease !important;\n
}\n
\n
.header-search-input-premium:focus {\n
    background: #ffffff !important;\n
    box-shadow: 0 4px 12px rgba(0, 0, 0, 0.05), 0 0 0 2px rgba(59, 130, 246, 0.1) !important;\n
    transform: translateY(-1px);\n
}\n
\n
.header-search-icon {\n
    position: absolute;\n
    left: 1rem;\n
    top: 50%;\n
    transform: translateY(-50%);\n
    color: #94a3b8;\n
    z-index: 1;\n
}\n
\n
.nav-link-premium {\n
    width: 40px;\n
    height: 40px;\n
    display: flex;\n
    align-items: center;\n
    justify-content: center;\n
    color: #64748b;\n
    position: relative;\n
    transition: all 0.2s ease;\n
}\n
\n
.nav-link-premium:hover {\n
    background: #f1f5f9;\n
    color: #0f172a;\n
}\n
\n
.badge-premium-dot {\n
    position: absolute;\n
    top: 10px;\n
    right: 10px;\n
    width: 8px;\n
    height: 8px;\n
    background: #ef4444;\n
    border-radius: 50%;\n
    border: 2px solid white;\n
}\n
\n
.user-profile-link {\n
    background: #f8fafc;\n
    border-radius: 14px;\n
    padding: 0.35rem 0.75rem !important;\n
    transition: all 0.2s ease;\n
    border: 1px solid #e2e8f0;\n
}\n
\n
.user-profile-link:hover, .user-profile-link.active {\n
    background: #ffffff;\n
    box-shadow: 0 2px 8px rgba(0,0,0,0.05);\n
    border-color: #cbd5e1;\n
}\n
\n
.rounded-12 {\n
    border-radius: 12px;\n
}\n
\n
.dropdown-menu-premium {\n
    border: none !important;\n
    box-shadow: 0 20px 25px -5px rgba(0, 0, 0, 0.1), 0 10px 10px -5px rgba(0, 0, 0, 0.04) !important;\n
    border-radius: 16px !important;\n
    padding: 0.75rem !important;\n
    min-width: 240px !important;\n
    margin-top: 0.5rem !important;\n
}\n
\n
.dropdown-item {\n
    padding: 0.65rem 1rem !important;\n
    border-radius: 10px !important;\n
    margin-bottom: 0.2rem;\n
}\n
\n
.icon-box {\n
    width: 32px;\n
    height: 32px;\n
    display: flex;\n
    align-items: center;\n
    justify-content: center;\n
    border-radius: 8px;\n
    margin-right: 1rem;\n
}\n
\n
.icon-box .icon {\n
    width: 18px;\n
    height: 18px;\n
}\n
&lt;/style&gt;\n
        &lt;div class="page-wrapper"&gt;\n
            &lt;!-- Page header --&gt;\n
                            &lt;div class="page-header d-print-none"&gt;\n
                    &lt;div class="container-xl"&gt;\n
                        &lt;div class="row g-2 align-items-center"&gt;\n
                            &lt;div class="col"&gt;\n
                                &lt;h2 class="page-title"&gt;\n
            User Dashboard\n
        &lt;/h2&gt;\n
        &lt;div class="page-subtitle"&gt;\n
            &lt;div class="row align-items-center"&gt;\n
                &lt;div class="col-auto"&gt;\n
                    Welcome, Ms. May O&amp;#039;Kon IV\n
                &lt;/div&gt;\n
            &lt;/div&gt;\n
        &lt;/div&gt;\n
                            &lt;/div&gt;\n
                        &lt;/div&gt;\n
                    &lt;/div&gt;\n
                &lt;/div&gt;\n
            \n
            &lt;!-- Page body --&gt;\n
            &lt;div class="page-body"&gt;\n
                &lt;div class="container-xl"&gt;\n
                    &lt;!-- Flash Messages --&gt;\n
                                                                                \n
                    &lt;div class="row row-deck row-cards"&gt;\n
        &lt;!-- Welcome Card --&gt;\n
        &lt;div class="col-12"&gt;\n
            &lt;div x-data="{ show: true }" x-show="show" x-transition.duration.300ms class="alert alert-info" role="alert"&gt;\n
    &lt;div class="d-flex"&gt;\n
        &lt;div&gt;\n
            &lt;strong&gt;Welcome!&lt;/strong&gt; This is your personal dashboard. You can manage your profile and view your\n
                activity here.\n
        &lt;/div&gt;\n
            &lt;/div&gt;\n
&lt;/div&gt;        &lt;/div&gt;\n
\n
        &lt;!-- Profile Card --&gt;\n
        &lt;div class="col-md-6"&gt;\n
            &lt;div class="card"&gt;\n
            &lt;div class="card-header"&gt;\n
            &lt;h3 class="card-title"&gt;My Profile&lt;/h3&gt;\n
        &lt;/div&gt;\n
    \n
    &lt;div class="card-body"&gt;\n
        &lt;div class="row align-items-center mb-3"&gt;\n
                    &lt;div class="col-auto"&gt;\n
                        &lt;span class="avatar avatar-xl" style="background-image: url(...)"&gt;\n
                            Ms\n
                        &lt;/span&gt;\n
                    &lt;/div&gt;\n
                    &lt;div class="col"&gt;\n
                        &lt;h3 class="mb-0"&gt;Ms. May O&amp;#039;Kon IV&lt;/h3&gt;\n
                        &lt;p class="text-muted mb-0"&gt;mary.ernser@example.org&lt;/p&gt;\n
                        &lt;p class="text-muted small"&gt;\n
                            Role:\n
                                                            &lt;span class="badge bg-primary"&gt;user&lt;/span&gt;\n
                                                    &lt;/p&gt;\n
                    &lt;/div&gt;\n
                &lt;/div&gt;\n
    &lt;/div&gt;\n
\n
            &lt;div class="card-footer"&gt;\n
            &lt;button type="button" class="btn btn-primary btn-sm"&gt;\n
    Edit Profile\n
&lt;/button&gt;                    &lt;button type="button" class="btn btn-secondary btn-sm"&gt;\n
    Change Password\n
&lt;/button&gt;\n
        &lt;/div&gt;\n
    &lt;/div&gt;        &lt;/div&gt;\n
\n
        &lt;!-- Quick Stats --&gt;\n
        &lt;div class="col-md-6"&gt;\n
            &lt;div class="card"&gt;\n
            &lt;div class="card-header"&gt;\n
            &lt;h3 class="card-title"&gt;Activity Summary&lt;/h3&gt;\n
        &lt;/div&gt;\n
    \n
    &lt;div class="card-body"&gt;\n
        &lt;div class="list-group list-group-flush"&gt;\n
                    &lt;div class="list-group-item"&gt;\n
                        &lt;div class="row align-items-center"&gt;\n
                            &lt;div class="col-auto"&gt;\n
                                &lt;span class="badge bg-success"&gt;&lt;/span&gt;\n
                            &lt;/div&gt;\n
                            &lt;div class="col"&gt;\n
                                &lt;div class="text-truncate"&gt;\n
                                    &lt;strong&gt;Account Status:&lt;/strong&gt; Active\n
                                &lt;/div&gt;\n
                            &lt;/div&gt;\n
                        &lt;/div&gt;\n
                    &lt;/div&gt;\n
                    &lt;div class="list-group-item"&gt;\n
                        &lt;div class="row align-items-center"&gt;\n
                            &lt;div class="col-auto"&gt;\n
                                &lt;span class="badge bg-info"&gt;&lt;/span&gt;\n
                            &lt;/div&gt;\n
                            &lt;div class="col"&gt;\n
                                &lt;div class="text-truncate"&gt;\n
                                    &lt;strong&gt;Member Since:&lt;/strong&gt; May 22, 2026\n
                                &lt;/div&gt;\n
                            &lt;/div&gt;\n
                        &lt;/div&gt;\n
                    &lt;/div&gt;\n
                    &lt;div class="list-group-item"&gt;\n
                        &lt;div class="row align-items-center"&gt;\n
                            &lt;div class="col-auto"&gt;\n
                                &lt;span class="badge bg-warning"&gt;&lt;/span&gt;\n
                            &lt;/div&gt;\n
                            &lt;div class="col"&gt;\n
                                &lt;div class="text-truncate"&gt;\n
                                    &lt;strong&gt;Last Login:&lt;/strong&gt; 0 seconds ago\n
                                &lt;/div&gt;\n
                            &lt;/div&gt;\n
                        &lt;/div&gt;\n
                    &lt;/div&gt;\n
                &lt;/div&gt;\n
    &lt;/div&gt;\n
\n
    &lt;/div&gt;        &lt;/div&gt;\n
\n
        &lt;!-- Recent Activity --&gt;\n
        &lt;div class="col-12"&gt;\n
            &lt;div class="card"&gt;\n
            &lt;div class="card-header"&gt;\n
            &lt;h3 class="card-title"&gt;Recent Activity&lt;/h3&gt;\n
        &lt;/div&gt;\n
    \n
    &lt;div class="card-body"&gt;\n
        &lt;div class="table-responsive"&gt;\n
    &lt;table class="table table-vcenter table-premium card-table"&gt;\n
        &lt;thead&gt;\n
                        &lt;tr&gt;\n
                            &lt;th&gt;Activity&lt;/th&gt;\n
                            &lt;th&gt;Date&lt;/th&gt;\n
                            &lt;th&gt;Status&lt;/th&gt;\n
                        &lt;/tr&gt;\n
                    &lt;/thead&gt;\n
                    &lt;tbody&gt;\n
                        &lt;tr&gt;\n
                            &lt;td&gt;Profile Updated&lt;/td&gt;\n
                            &lt;td&gt;May 20, 2026&lt;/td&gt;\n
                            &lt;td&gt;&lt;span class="badge bg-success"&gt;Completed&lt;/span&gt;&lt;/td&gt;\n
                        &lt;/tr&gt;\n
                        &lt;tr&gt;\n
                            &lt;td&gt;Password Changed&lt;/td&gt;\n
                            &lt;td&gt;May 17, 2026&lt;/td&gt;\n
                            &lt;td&gt;&lt;span class="badge bg-success"&gt;Completed&lt;/span&gt;&lt;/td&gt;\n
                        &lt;/tr&gt;\n
                        &lt;tr&gt;\n
                            &lt;td&gt;Account Created&lt;/td&gt;\n
                            &lt;td&gt;May 22, 2026&lt;/td&gt;\n
                            &lt;td&gt;&lt;span class="badge bg-info"&gt;Initial&lt;/span&gt;&lt;/td&gt;\n
                        &lt;/tr&gt;\n
                    &lt;/tbody&gt;\n
    &lt;/table&gt;\n
&lt;/div&gt;\n
    &lt;/div&gt;\n
\n
    &lt;/div&gt;        &lt;/div&gt;\n
\n
        &lt;!-- Component Demo --&gt;\n
        &lt;div class="col-12"&gt;\n
            &lt;div class="card"&gt;\n
            &lt;div class="card-header"&gt;\n
            &lt;h3 class="card-title"&gt;Contact Support&lt;/h3&gt;\n
        &lt;/div&gt;\n
    \n
    &lt;div class="card-body"&gt;\n
        &lt;form&gt;\n
                    &lt;div class="mb-3"&gt;\n
    &lt;label class="form-label required" for="subject"&gt;Subject&lt;/label&gt;\n
    &lt;input \n
        type="text" \n
        class="form-control " \n
        id="subject" \n
        name="subject" \n
        value="" \n
        placeholder="Enter subject"\n
        required\n
        \n
    &gt;\n
    &lt;/div&gt;\n
                    &lt;div class="mb-3"&gt;\n
    &lt;label class="form-label required" for="category"&gt;Category&lt;/label&gt;\n
    &lt;select class="form-select " id="category" name="category" required &gt;\n
        &lt;option value=""&gt;Select Category&lt;/option&gt;\n
                    &lt;option value="technical" &gt;\n
                Technical Issue\n
            &lt;/option&gt;\n
                    &lt;option value="billing" &gt;\n
                Billing\n
            &lt;/option&gt;\n
                    &lt;option value="general" &gt;\n
                General Inquiry\n
            &lt;/option&gt;\n
            &lt;/select&gt;\n
    &lt;/div&gt;\n
                    &lt;div class="mb-3"&gt;\n
    &lt;label class="form-label required" for="message"&gt;Message&lt;/label&gt;\n
    &lt;textarea \n
        class="form-control " \n
        id="message" \n
        name="message" \n
        rows="5"\n
        placeholder="Describe your issue or question..."\n
        required\n
        \n
    &gt;&lt;/textarea&gt;\n
    &lt;/div&gt;\n
                    &lt;div class="mb-3"&gt;\n
    &lt;label class="form-check"&gt;\n
        &lt;input type="checkbox" class="form-check-input " id="urgent"\n
            name="urgent" value="1"  &gt;\n
        &lt;span class="form-check-label"&gt;Mark as urgent&lt;/span&gt;\n
            &lt;/label&gt;\n
&lt;/div&gt;\n
                    &lt;div class="mt-3"&gt;\n
                        &lt;button type="submit" class="btn btn-primary"&gt;\n
    Send Message\n
&lt;/button&gt;                        &lt;button type="button" class="btn btn-secondary"&gt;\n
    Cancel\n
&lt;/button&gt;                    &lt;/div&gt;\n
                &lt;/form&gt;\n
    &lt;/div&gt;\n
\n
    &lt;/div&gt;        &lt;/div&gt;\n
    &lt;/div&gt;\n
                &lt;/div&gt;\n
            &lt;/div&gt;\n
\n
            &lt;footer class="footer footer-transparent d-print-none"&gt;\n
    &lt;div class="container-xl"&gt;\n
        &lt;div class="row text-center align-items-center flex-row-reverse"&gt;\n
            &lt;div class="col-lg-auto ms-lg-auto"&gt;\n
                &lt;ul class="list-inline list-inline-dots mb-0"&gt;\n
                    &lt;li class="list-inline-item"&gt;\n
                        &lt;a href="#" class="link-secondary" rel="noopener"&gt;Documentation&lt;/a&gt;\n
                    &lt;/li&gt;\n
                    &lt;li class="list-inline-item"&gt;\n
                        &lt;a href="#" class="link-secondary" rel="noopener"&gt;Support&lt;/a&gt;\n
                    &lt;/li&gt;\n
                &lt;/ul&gt;\n
            &lt;/div&gt;\n
            &lt;div class="col-12 col-lg-auto mt-3 mt-lg-0"&gt;\n
                &lt;ul class="list-inline list-inline-dots mb-0"&gt;\n
                    &lt;li class="list-inline-item"&gt;\n
                        Copyright &amp;copy; 2026\n
                        &lt;a href="." class="link-secondary"&gt;Laravel&lt;/a&gt;.\n
                        All rights reserved.\n
                    &lt;/li&gt;\n
                    &lt;li class="list-inline-item"&gt;\n
                        &lt;a href="#" class="link-secondary" rel="noopener"&gt;\n
                            Version 1.0.0\n
                        &lt;/a&gt;\n
                    &lt;/li&gt;\n
                &lt;/ul&gt;\n
            &lt;/div&gt;\n
        &lt;/div&gt;\n
    &lt;/div&gt;\n
&lt;/footer&gt;        &lt;/div&gt;\n
    &lt;/div&gt;\n
    \n
    &lt;!-- Mobile Backdrop --&gt;\n
    &lt;div class="mobile-backdrop" id="mobile-menu-backdrop"&gt;&lt;/div&gt;\n
\n
    &lt;!-- Mobile Menu Script --&gt;\n
    &lt;script&gt;\n
        document.addEventListener('DOMContentLoaded', function () {\n
            const trigger = document.getElementById('mobile-menu-trigger');\n
            const closeBtn = document.getElementById('mobile-menu-close');\n
            const backdrop = document.getElementById('mobile-menu-backdrop');\n
            const sidebar = document.getElementById('sidebar-menu');\n
\n
            // Global State helpers\n
            window.closeMobileMenu = function () {\n
                if (sidebar) sidebar.classList.remove('show');\n
                if (backdrop) backdrop.classList.remove('show');\n
                document.body.style.overflow = '';\n
            };\n
\n
            window.openMobileMenu = function () {\n
                if (sidebar) sidebar.classList.add('show');\n
                if (backdrop) backdrop.classList.add('show');\n
                document.body.style.overflow = 'hidden';\n
            };\n
\n
            if (trigger) {\n
                trigger.onclick = function (e) {\n
                    e.preventDefault();\n
                    e.stopPropagation();\n
                    console.log('Mobile menu trigger clicked');\n
                    window.openMobileMenu();\n
                };\n
            }\n
\n
            if (closeBtn) {\n
                closeBtn.onclick = function (e) {\n
                    e.preventDefault();\n
                    console.log('Mobile menu close clicked');\n
                    window.closeMobileMenu();\n
                };\n
            }\n
\n
            if (backdrop) {\n
                backdrop.onclick = function () {\n
                    console.log('Mobile menu backdrop clicked');\n
                    window.closeMobileMenu();\n
                };\n
            }\n
\n
            // Link handling\n
            if (sidebar) {\n
                sidebar.addEventListener('click', function (e) {\n
                    // Check if clicked element is a link\n
                    const link = e.target.closest('a.nav-link');\n
                    if (link &amp;&amp; !link.getAttribute('data-bs-toggle')) {\n
                        // Close menu for normal links\n
                        window.closeMobileMenu();\n
                    }\n
                });\n
            }\n
        });\n
    &lt;/script&gt;\n
&lt;/body&gt;\n
\n
&lt;/html&gt;' [ASCII](length: 46231) contains "My Orders" [ASCII](length: 9).

/Users/naveenadicharla/Documents/stonecrusher erp/vendor/laravel/framework/src/Illuminate/Testing/TestResponseAssert.php:45
/Users/naveenadicharla/Documents/stonecrusher erp/vendor/laravel/framework/src/Illuminate/Testing/TestResponse.php:709
/Users/naveenadicharla/Documents/stonecrusher erp/tests/Feature/ComponentRenderingTest.php:104</failure>
    </testcase>
  </testsuite>
</testsuites>
